{"/home/travis/build/wasdk/WebAssemblyStudio/src/arc.ts": {"path":"/home/travis/build/wasdk/WebAssemblyStudio/src/arc.ts","statementMap":{"0":{"start":{"line":22,"column":0},"end":{"line":22,"column":62}},"1":{"start":{"line":24,"column":4},"end":{"line":27,"column":12}},"2":{"start":{"line":29,"column":0},"end":{"line":29,"column":42}},"3":{"start":{"line":32,"column":8},"end":{"line":35,"column":16}},"4":{"start":{"line":38,"column":21},"end":{"line":38,"column":23}},"5":{"start":{"line":39,"column":26},"end":{"line":39,"column":41}},"6":{"start":{"line":40,"column":8},"end":{"line":52,"column":9}},"7":{"start":{"line":41,"column":27},"end":{"line":41,"column":78}},"8":{"start":{"line":42,"column":26},"end":{"line":42,"column":28}},"9":{"start":{"line":43,"column":12},"end":{"line":43,"column":29}},"10":{"start":{"line":44,"column":22},"end":{"line":44,"column":23}},"11":{"start":{"line":45,"column":12},"end":{"line":51,"column":13}},"12":{"start":{"line":46,"column":28},"end":{"line":46,"column":30}},"13":{"start":{"line":47,"column":16},"end":{"line":47,"column":32}},"14":{"start":{"line":48,"column":16},"end":{"line":50,"column":17}},"15":{"start":{"line":49,"column":20},"end":{"line":49,"column":76}},"16":{"start":{"line":53,"column":8},"end":{"line":53,"column":20}},"17":{"start":{"line":56,"column":0},"end":{"line":56,"column":18}}},"fnMap":{"0":{"name":"notifyAboutFork","decl":{"start":{"line":23,"column":9},"end":{"line":23,"column":24}},"loc":{"start":{"line":23,"column":33},"end":{"line":28,"column":1}},"line":23},"1":{"name":"(anonymous_1)","decl":{"start":{"line":31,"column":4},"end":{"line":31,"column":5}},"loc":{"start":{"line":31,"column":29},"end":{"line":36,"column":5}},"line":31},"2":{"name":"(anonymous_2)","decl":{"start":{"line":37,"column":4},"end":{"line":37,"column":5}},"loc":{"start":{"line":37,"column":68},"end":{"line":54,"column":5}},"line":37}},"branchMap":{},"s":{"0":12,"1":0,"2":12,"3":0,"4":0,"5":0,"6":0,"7":0,"8":0,"9":0,"10":0,"11":0,"12":0,"13":0,"14":0,"15":0,"16":0,"17":12},"f":{"0":0,"1":0,"2":0},"b":{},"_coverageSchema":"332fd63041d2c1bcb487cc26dd0d5f7d97098a6c","hash":"52fcacbc4637f6fbd7a5d6dff7949510ce842630"}
,"/home/travis/build/wasdk/WebAssemblyStudio/src/config.ts": {"path":"/home/travis/build/wasdk/WebAssemblyStudio/src/config.ts","statementMap":{"0":{"start":{"line":22,"column":16},"end":{"line":29,"column":1}},"1":{"start":{"line":23,"column":4},"end":{"line":28,"column":7}},"2":{"start":{"line":24,"column":36},"end":{"line":24,"column":97}},"3":{"start":{"line":24,"column":42},"end":{"line":24,"column":70}},"4":{"start":{"line":24,"column":85},"end":{"line":24,"column":95}},"5":{"start":{"line":25,"column":35},"end":{"line":25,"column":100}},"6":{"start":{"line":25,"column":41},"end":{"line":25,"column":73}},"7":{"start":{"line":25,"column":88},"end":{"line":25,"column":98}},"8":{"start":{"line":26,"column":32},"end":{"line":26,"column":149}},"9":{"start":{"line":26,"column":97},"end":{"line":26,"column":119}},"10":{"start":{"line":27,"column":8},"end":{"line":27,"column":78}},"11":{"start":{"line":30,"column":0},"end":{"line":30,"column":62}},"12":{"start":{"line":31,"column":18},"end":{"line":31,"column":33}},"13":{"start":{"line":34,"column":4},"end":{"line":39,"column":7}},"14":{"start":{"line":35,"column":8},"end":{"line":37,"column":9}},"15":{"start":{"line":36,"column":12},"end":{"line":36,"column":70}},"16":{"start":{"line":36,"column":57},"end":{"line":36,"column":68}},"17":{"start":{"line":38,"column":8},"end":{"line":38,"column":22}},"18":{"start":{"line":41,"column":0},"end":{"line":41,"column":28}}},"fnMap":{"0":{"name":"(anonymous_0)","decl":{"start":{"line":22,"column":44},"end":{"line":22,"column":45}},"loc":{"start":{"line":22,"column":89},"end":{"line":29,"column":1}},"line":22},"1":{"name":"(anonymous_1)","decl":{"start":{"line":23,"column":36},"end":{"line":23,"column":37}},"loc":{"start":{"line":23,"column":63},"end":{"line":28,"column":5}},"line":23},"2":{"name":"fulfilled","decl":{"start":{"line":24,"column":17},"end":{"line":24,"column":26}},"loc":{"start":{"line":24,"column":34},"end":{"line":24,"column":99}},"line":24},"3":{"name":"rejected","decl":{"start":{"line":25,"column":17},"end":{"line":25,"column":25}},"loc":{"start":{"line":25,"column":33},"end":{"line":25,"column":102}},"line":25},"4":{"name":"step","decl":{"start":{"line":26,"column":17},"end":{"line":26,"column":21}},"loc":{"start":{"line":26,"column":30},"end":{"line":26,"column":151}},"line":26},"5":{"name":"(anonymous_5)","decl":{"start":{"line":26,"column":76},"end":{"line":26,"column":77}},"loc":{"start":{"line":26,"column":95},"end":{"line":26,"column":121}},"line":26},"6":{"name":"getConfig","decl":{"start":{"line":33,"column":9},"end":{"line":33,"column":18}},"loc":{"start":{"line":33,"column":21},"end":{"line":40,"column":1}},"line":33},"7":{"name":"(anonymous_7)","decl":{"start":{"line":34,"column":43},"end":{"line":34,"column":44}},"loc":{"start":{"line":34,"column":56},"end":{"line":39,"column":5}},"line":34},"8":{"name":"(anonymous_8)","decl":{"start":{"line":36,"column":49},"end":{"line":36,"column":50}},"loc":{"start":{"line":36,"column":57},"end":{"line":36,"column":68}},"line":36}},"branchMap":{"0":{"loc":{"start":{"line":22,"column":16},"end":{"line":29,"column":1}},"type":"binary-expr","locations":[{"start":{"line":22,"column":17},"end":{"line":22,"column":21}},{"start":{"line":22,"column":25},"end":{"line":22,"column":39}},{"start":{"line":22,"column":44},"end":{"line":29,"column":1}}],"line":22},"1":{"loc":{"start":{"line":23,"column":16},"end":{"line":23,"column":34}},"type":"binary-expr","locations":[{"start":{"line":23,"column":16},"end":{"line":23,"column":17}},{"start":{"line":23,"column":22},"end":{"line":23,"column":33}}],"line":23},"2":{"loc":{"start":{"line":26,"column":32},"end":{"line":26,"column":148}},"type":"cond-expr","locations":[{"start":{"line":26,"column":46},"end":{"line":26,"column":67}},{"start":{"line":26,"column":70},"end":{"line":26,"column":148}}],"line":26},"3":{"loc":{"start":{"line":27,"column":51},"end":{"line":27,"column":67}},"type":"binary-expr","locations":[{"start":{"line":27,"column":51},"end":{"line":27,"column":61}},{"start":{"line":27,"column":65},"end":{"line":27,"column":67}}],"line":27},"4":{"loc":{"start":{"line":35,"column":8},"end":{"line":37,"column":9}},"type":"if","locations":[{"start":{"line":35,"column":8},"end":{"line":37,"column":9}},{"start":{"line":35,"column":8},"end":{"line":37,"column":9}}],"line":35}},"s":{"0":12,"1":0,"2":0,"3":0,"4":0,"5":0,"6":0,"7":0,"8":0,"9":0,"10":0,"11":12,"12":12,"13":0,"14":0,"15":0,"16":0,"17":0,"18":12},"f":{"0":0,"1":0,"2":0,"3":0,"4":0,"5":0,"6":0,"7":0,"8":0},"b":{"0":[12,12,12],"1":[0,0],"2":[0,0],"3":[0,0],"4":[0,0]},"_coverageSchema":"332fd63041d2c1bcb487cc26dd0d5f7d97098a6c","hash":"b913738afbe09766e750757a437954d78676c8a2"}
,"/home/travis/build/wasdk/WebAssemblyStudio/src/dispatcher.ts": {"path":"/home/travis/build/wasdk/WebAssemblyStudio/src/dispatcher.ts","statementMap":{"0":{"start":{"line":22,"column":0},"end":{"line":22,"column":62}},"1":{"start":{"line":23,"column":15},"end":{"line":23,"column":30}},"2":{"start":{"line":24,"column":0},"end":{"line":24,"column":42}}},"fnMap":{},"branchMap":{},"s":{"0":7,"1":7,"2":7},"f":{},"b":{},"_coverageSchema":"332fd63041d2c1bcb487cc26dd0d5f7d97098a6c","hash":"96f2a1faa523861d7d9b087e3fde3530f0ba55df"}
,"/home/travis/build/wasdk/WebAssemblyStudio/src/errors.ts": {"path":"/home/travis/build/wasdk/WebAssemblyStudio/src/errors.ts","statementMap":{"0":{"start":{"line":22,"column":0},"end":{"line":22,"column":62}},"1":{"start":{"line":23,"column":0},"end":{"line":25,"column":2}}},"fnMap":{},"branchMap":{},"s":{"0":6,"1":6},"f":{},"b":{},"_coverageSchema":"332fd63041d2c1bcb487cc26dd0d5f7d97098a6c","hash":"d30d83ec41b8432144576dd85f3bc5c346eb948b"}
,"/home/travis/build/wasdk/WebAssemblyStudio/src/gulpy.ts": {"path":"/home/travis/build/wasdk/WebAssemblyStudio/src/gulpy.ts","statementMap":{"0":{"start":{"line":22,"column":16},"end":{"line":29,"column":1}},"1":{"start":{"line":23,"column":4},"end":{"line":28,"column":7}},"2":{"start":{"line":24,"column":36},"end":{"line":24,"column":97}},"3":{"start":{"line":24,"column":42},"end":{"line":24,"column":70}},"4":{"start":{"line":24,"column":85},"end":{"line":24,"column":95}},"5":{"start":{"line":25,"column":35},"end":{"line":25,"column":100}},"6":{"start":{"line":25,"column":41},"end":{"line":25,"column":73}},"7":{"start":{"line":25,"column":88},"end":{"line":25,"column":98}},"8":{"start":{"line":26,"column":32},"end":{"line":26,"column":149}},"9":{"start":{"line":26,"column":97},"end":{"line":26,"column":119}},"10":{"start":{"line":27,"column":8},"end":{"line":27,"column":78}},"11":{"start":{"line":30,"column":0},"end":{"line":30,"column":62}},"12":{"start":{"line":33,"column":8},"end":{"line":33,"column":41}},"13":{"start":{"line":34,"column":8},"end":{"line":34,"column":41}},"14":{"start":{"line":39,"column":8},"end":{"line":39,"column":25}},"15":{"start":{"line":40,"column":8},"end":{"line":40,"column":28}},"16":{"start":{"line":43,"column":8},"end":{"line":45,"column":9}},"17":{"start":{"line":44,"column":12},"end":{"line":44,"column":32}},"18":{"start":{"line":46,"column":8},"end":{"line":46,"column":55}},"19":{"start":{"line":51,"column":8},"end":{"line":51,"column":31}},"20":{"start":{"line":52,"column":8},"end":{"line":52,"column":27}},"21":{"start":{"line":55,"column":23},"end":{"line":55,"column":43}},"22":{"start":{"line":56,"column":8},"end":{"line":58,"column":9}},"23":{"start":{"line":57,"column":12},"end":{"line":57,"column":28}},"24":{"start":{"line":59,"column":8},"end":{"line":59,"column":42}},"25":{"start":{"line":60,"column":8},"end":{"line":60,"column":39}},"26":{"start":{"line":61,"column":8},"end":{"line":61,"column":24}},"27":{"start":{"line":64,"column":8},"end":{"line":68,"column":11}},"28":{"start":{"line":65,"column":33},"end":{"line":65,"column":92}},"29":{"start":{"line":65,"column":69},"end":{"line":65,"column":91}},"30":{"start":{"line":66,"column":12},"end":{"line":66,"column":74}},"31":{"start":{"line":66,"column":52},"end":{"line":66,"column":71}},"32":{"start":{"line":67,"column":12},"end":{"line":67,"column":42}},"33":{"start":{"line":71,"column":8},"end":{"line":73,"column":11}},"34":{"start":{"line":72,"column":12},"end":{"line":72,"column":63}},"35":{"start":{"line":78,"column":8},"end":{"line":78,"column":24}},"36":{"start":{"line":81,"column":27},"end":{"line":81,"column":29}},"37":{"start":{"line":82,"column":17},"end":{"line":82,"column":21}},"38":{"start":{"line":83,"column":8},"end":{"line":95,"column":9}},"39":{"start":{"line":84,"column":12},"end":{"line":84,"column":29}},"40":{"start":{"line":85,"column":12},"end":{"line":85,"column":19}},"41":{"start":{"line":87,"column":13},"end":{"line":95,"column":9}},"42":{"start":{"line":88,"column":12},"end":{"line":94,"column":13}},"43":{"start":{"line":89,"column":16},"end":{"line":89,"column":33}},"44":{"start":{"line":90,"column":16},"end":{"line":90,"column":38}},"45":{"start":{"line":93,"column":16},"end":{"line":93,"column":23}},"46":{"start":{"line":96,"column":8},"end":{"line":96,"column":78}},"47":{"start":{"line":96,"column":58},"end":{"line":96,"column":71}},"48":{"start":{"line":99,"column":8},"end":{"line":99,"column":20}},"49":{"start":{"line":102,"column":8},"end":{"line":102,"column":20}},"50":{"start":{"line":105,"column":8},"end":{"line":105,"column":34}},"51":{"start":{"line":108,"column":8},"end":{"line":111,"column":11}},"52":{"start":{"line":109,"column":28},"end":{"line":109,"column":50}},"53":{"start":{"line":110,"column":12},"end":{"line":110,"column":48}},"54":{"start":{"line":114,"column":0},"end":{"line":114,"column":22}}},"fnMap":{"0":{"name":"(anonymous_0)","decl":{"start":{"line":22,"column":44},"end":{"line":22,"column":45}},"loc":{"start":{"line":22,"column":89},"end":{"line":29,"column":1}},"line":22},"1":{"name":"(anonymous_1)","decl":{"start":{"line":23,"column":36},"end":{"line":23,"column":37}},"loc":{"start":{"line":23,"column":63},"end":{"line":28,"column":5}},"line":23},"2":{"name":"fulfilled","decl":{"start":{"line":24,"column":17},"end":{"line":24,"column":26}},"loc":{"start":{"line":24,"column":34},"end":{"line":24,"column":99}},"line":24},"3":{"name":"rejected","decl":{"start":{"line":25,"column":17},"end":{"line":25,"column":25}},"loc":{"start":{"line":25,"column":33},"end":{"line":25,"column":102}},"line":25},"4":{"name":"step","decl":{"start":{"line":26,"column":17},"end":{"line":26,"column":21}},"loc":{"start":{"line":26,"column":30},"end":{"line":26,"column":151}},"line":26},"5":{"name":"(anonymous_5)","decl":{"start":{"line":26,"column":76},"end":{"line":26,"column":77}},"loc":{"start":{"line":26,"column":95},"end":{"line":26,"column":121}},"line":26},"6":{"name":"(anonymous_6)","decl":{"start":{"line":32,"column":4},"end":{"line":32,"column":5}},"loc":{"start":{"line":32,"column":44},"end":{"line":35,"column":5}},"line":32},"7":{"name":"(anonymous_7)","decl":{"start":{"line":38,"column":4},"end":{"line":38,"column":5}},"loc":{"start":{"line":38,"column":22},"end":{"line":41,"column":5}},"line":38},"8":{"name":"(anonymous_8)","decl":{"start":{"line":42,"column":4},"end":{"line":42,"column":5}},"loc":{"start":{"line":42,"column":18},"end":{"line":47,"column":5}},"line":42},"9":{"name":"(anonymous_9)","decl":{"start":{"line":50,"column":4},"end":{"line":50,"column":5}},"loc":{"start":{"line":50,"column":23},"end":{"line":53,"column":5}},"line":50},"10":{"name":"(anonymous_10)","decl":{"start":{"line":54,"column":4},"end":{"line":54,"column":5}},"loc":{"start":{"line":54,"column":25},"end":{"line":62,"column":5}},"line":54},"11":{"name":"(anonymous_11)","decl":{"start":{"line":63,"column":4},"end":{"line":63,"column":5}},"loc":{"start":{"line":63,"column":26},"end":{"line":69,"column":5}},"line":63},"12":{"name":"(anonymous_12)","decl":{"start":{"line":64,"column":47},"end":{"line":64,"column":48}},"loc":{"start":{"line":64,"column":60},"end":{"line":68,"column":9}},"line":64},"13":{"name":"(anonymous_13)","decl":{"start":{"line":65,"column":64},"end":{"line":65,"column":65}},"loc":{"start":{"line":65,"column":69},"end":{"line":65,"column":91}},"line":65},"14":{"name":"(anonymous_14)","decl":{"start":{"line":66,"column":47},"end":{"line":66,"column":48}},"loc":{"start":{"line":66,"column":52},"end":{"line":66,"column":71}},"line":66},"15":{"name":"(anonymous_15)","decl":{"start":{"line":70,"column":4},"end":{"line":70,"column":5}},"loc":{"start":{"line":70,"column":14},"end":{"line":74,"column":5}},"line":70},"16":{"name":"(anonymous_16)","decl":{"start":{"line":71,"column":47},"end":{"line":71,"column":48}},"loc":{"start":{"line":71,"column":60},"end":{"line":73,"column":9}},"line":71},"17":{"name":"(anonymous_17)","decl":{"start":{"line":77,"column":4},"end":{"line":77,"column":5}},"loc":{"start":{"line":77,"column":18},"end":{"line":79,"column":5}},"line":77},"18":{"name":"(anonymous_18)","decl":{"start":{"line":80,"column":4},"end":{"line":80,"column":5}},"loc":{"start":{"line":80,"column":21},"end":{"line":97,"column":5}},"line":80},"19":{"name":"(anonymous_19)","decl":{"start":{"line":90,"column":27},"end":{"line":90,"column":28}},"loc":{"start":{"line":90,"column":33},"end":{"line":90,"column":36}},"line":90},"20":{"name":"(anonymous_20)","decl":{"start":{"line":96,"column":53},"end":{"line":96,"column":54}},"loc":{"start":{"line":96,"column":58},"end":{"line":96,"column":71}},"line":96},"21":{"name":"(anonymous_21)","decl":{"start":{"line":98,"column":4},"end":{"line":98,"column":5}},"loc":{"start":{"line":98,"column":18},"end":{"line":100,"column":5}},"line":98},"22":{"name":"(anonymous_22)","decl":{"start":{"line":101,"column":4},"end":{"line":101,"column":5}},"loc":{"start":{"line":101,"column":20},"end":{"line":103,"column":5}},"line":101},"23":{"name":"(anonymous_23)","decl":{"start":{"line":104,"column":4},"end":{"line":104,"column":5}},"loc":{"start":{"line":104,"column":18},"end":{"line":106,"column":5}},"line":104},"24":{"name":"(anonymous_24)","decl":{"start":{"line":107,"column":4},"end":{"line":107,"column":5}},"loc":{"start":{"line":107,"column":14},"end":{"line":112,"column":5}},"line":107},"25":{"name":"(anonymous_25)","decl":{"start":{"line":108,"column":47},"end":{"line":108,"column":48}},"loc":{"start":{"line":108,"column":60},"end":{"line":111,"column":9}},"line":108}},"branchMap":{"0":{"loc":{"start":{"line":22,"column":16},"end":{"line":29,"column":1}},"type":"binary-expr","locations":[{"start":{"line":22,"column":17},"end":{"line":22,"column":21}},{"start":{"line":22,"column":25},"end":{"line":22,"column":39}},{"start":{"line":22,"column":44},"end":{"line":29,"column":1}}],"line":22},"1":{"loc":{"start":{"line":23,"column":16},"end":{"line":23,"column":34}},"type":"binary-expr","locations":[{"start":{"line":23,"column":16},"end":{"line":23,"column":17}},{"start":{"line":23,"column":22},"end":{"line":23,"column":33}}],"line":23},"2":{"loc":{"start":{"line":26,"column":32},"end":{"line":26,"column":148}},"type":"cond-expr","locations":[{"start":{"line":26,"column":46},"end":{"line":26,"column":67}},{"start":{"line":26,"column":70},"end":{"line":26,"column":148}}],"line":26},"3":{"loc":{"start":{"line":27,"column":51},"end":{"line":27,"column":67}},"type":"binary-expr","locations":[{"start":{"line":27,"column":51},"end":{"line":27,"column":61}},{"start":{"line":27,"column":65},"end":{"line":27,"column":67}}],"line":27},"4":{"loc":{"start":{"line":43,"column":8},"end":{"line":45,"column":9}},"type":"if","locations":[{"start":{"line":43,"column":8},"end":{"line":45,"column":9}},{"start":{"line":43,"column":8},"end":{"line":45,"column":9}}],"line":43},"5":{"loc":{"start":{"line":56,"column":8},"end":{"line":58,"column":9}},"type":"if","locations":[{"start":{"line":56,"column":8},"end":{"line":58,"column":9}},{"start":{"line":56,"column":8},"end":{"line":58,"column":9}}],"line":56},"6":{"loc":{"start":{"line":83,"column":8},"end":{"line":95,"column":9}},"type":"if","locations":[{"start":{"line":83,"column":8},"end":{"line":95,"column":9}},{"start":{"line":83,"column":8},"end":{"line":95,"column":9}}],"line":83},"7":{"loc":{"start":{"line":87,"column":13},"end":{"line":95,"column":9}},"type":"if","locations":[{"start":{"line":87,"column":13},"end":{"line":95,"column":9}},{"start":{"line":87,"column":13},"end":{"line":95,"column":9}}],"line":87},"8":{"loc":{"start":{"line":88,"column":12},"end":{"line":94,"column":13}},"type":"if","locations":[{"start":{"line":88,"column":12},"end":{"line":94,"column":13}},{"start":{"line":88,"column":12},"end":{"line":94,"column":13}}],"line":88},"9":{"loc":{"start":{"line":90,"column":21},"end":{"line":90,"column":37}},"type":"binary-expr","locations":[{"start":{"line":90,"column":21},"end":{"line":90,"column":22}},{"start":{"line":90,"column":27},"end":{"line":90,"column":36}}],"line":90}},"s":{"0":13,"1":5,"2":4,"3":4,"4":0,"5":0,"6":0,"7":0,"8":9,"9":4,"10":5,"11":13,"12":3,"13":3,"14":3,"15":3,"16":3,"17":0,"18":3,"19":1,"20":1,"21":3,"22":3,"23":0,"24":3,"25":3,"26":3,"27":3,"28":3,"29":2,"30":3,"31":2,"32":3,"33":1,"34":1,"35":1,"36":3,"37":3,"38":3,"39":2,"40":2,"41":1,"42":1,"43":0,"44":0,"45":1,"46":3,"47":2,"48":0,"49":0,"50":0,"51":1,"52":1,"53":1,"54":13},"f":{"0":5,"1":5,"2":4,"3":0,"4":9,"5":4,"6":3,"7":3,"8":3,"9":1,"10":3,"11":3,"12":3,"13":2,"14":2,"15":1,"16":1,"17":1,"18":3,"19":0,"20":2,"21":0,"22":0,"23":0,"24":1,"25":1},"b":{"0":[13,13,13],"1":[5,5],"2":[5,4],"3":[5,5],"4":[0,3],"5":[0,3],"6":[2,1],"7":[1,0],"8":[0,1],"9":[0,0]},"_coverageSchema":"332fd63041d2c1bcb487cc26dd0d5f7d97098a6c","hash":"0c7a397864b71bcc7428767bae224e466db13cb5"}
,"/home/travis/build/wasdk/WebAssemblyStudio/src/index.tsx": {"path":"/home/travis/build/wasdk/WebAssemblyStudio/src/index.tsx","statementMap":{"0":{"start":{"line":22,"column":0},"end":{"line":22,"column":62}},"1":{"start":{"line":23,"column":14},"end":{"line":23,"column":30}},"2":{"start":{"line":24,"column":17},"end":{"line":24,"column":37}},"3":{"start":{"line":25,"column":14},"end":{"line":25,"column":41}},"4":{"start":{"line":26,"column":15},"end":{"line":26,"column":32}},"5":{"start":{"line":27,"column":23},"end":{"line":27,"column":48}},"6":{"start":{"line":28,"column":30},"end":{"line":28,"column":73}},"7":{"start":{"line":29,"column":0},"end":{"line":29,"column":56}},"8":{"start":{"line":31,"column":14},"end":{"line":31,"column":49}},"9":{"start":{"line":32,"column":4},"end":{"line":32,"column":33}},"10":{"start":{"line":33,"column":19},"end":{"line":33,"column":21}},"11":{"start":{"line":34,"column":4},"end":{"line":42,"column":7}},"12":{"start":{"line":35,"column":18},"end":{"line":35,"column":30}},"13":{"start":{"line":36,"column":8},"end":{"line":41,"column":9}},"14":{"start":{"line":37,"column":12},"end":{"line":37,"column":53}},"15":{"start":{"line":40,"column":12},"end":{"line":40,"column":33}},"16":{"start":{"line":44,"column":0},"end":{"line":44,"column":50}},"17":{"start":{"line":46,"column":19},"end":{"line":46,"column":21}},"18":{"start":{"line":47,"column":4},"end":{"line":49,"column":7}},"19":{"start":{"line":48,"column":8},"end":{"line":48,"column":28}},"20":{"start":{"line":50,"column":4},"end":{"line":50,"column":18}},"21":{"start":{"line":52,"column":0},"end":{"line":52,"column":44}},"22":{"start":{"line":53,"column":25},"end":{"line":55,"column":1}},"23":{"start":{"line":57,"column":4},"end":{"line":60,"column":5}},"24":{"start":{"line":58,"column":8},"end":{"line":58,"column":77}},"25":{"start":{"line":59,"column":8},"end":{"line":59,"column":15}},"26":{"start":{"line":61,"column":4},"end":{"line":61,"column":49}},"27":{"start":{"line":63,"column":0},"end":{"line":63,"column":66}},"28":{"start":{"line":65,"column":22},"end":{"line":65,"column":45}},"29":{"start":{"line":67,"column":4},"end":{"line":78,"column":5}},"30":{"start":{"line":69,"column":12},"end":{"line":69,"column":47}},"31":{"start":{"line":70,"column":12},"end":{"line":70,"column":18}},"32":{"start":{"line":72,"column":12},"end":{"line":72,"column":43}},"33":{"start":{"line":73,"column":12},"end":{"line":73,"column":18}},"34":{"start":{"line":75,"column":26},"end":{"line":75,"column":99}},"35":{"start":{"line":76,"column":12},"end":{"line":76,"column":82}},"36":{"start":{"line":77,"column":12},"end":{"line":77,"column":18}},"37":{"start":{"line":79,"column":26},"end":{"line":79,"column":87}},"38":{"start":{"line":80,"column":4},"end":{"line":83,"column":6}},"39":{"start":{"line":85,"column":19},"end":{"line":85,"column":37}},"40":{"start":{"line":86,"column":15},"end":{"line":86,"column":90}},"41":{"start":{"line":87,"column":15},"end":{"line":87,"column":54}},"42":{"start":{"line":88,"column":24},"end":{"line":88,"column":54}},"43":{"start":{"line":89,"column":0},"end":{"line":97,"column":3}},"44":{"start":{"line":90,"column":4},"end":{"line":90,"column":51}},"45":{"start":{"line":91,"column":4},"end":{"line":96,"column":5}},"46":{"start":{"line":92,"column":8},"end":{"line":92,"column":126}},"47":{"start":{"line":95,"column":8},"end":{"line":95,"column":191}}},"fnMap":{"0":{"name":"forEachUrlParameter","decl":{"start":{"line":30,"column":9},"end":{"line":30,"column":28}},"loc":{"start":{"line":30,"column":39},"end":{"line":43,"column":1}},"line":30},"1":{"name":"(anonymous_1)","decl":{"start":{"line":34,"column":27},"end":{"line":34,"column":28}},"loc":{"start":{"line":34,"column":40},"end":{"line":42,"column":5}},"line":34},"2":{"name":"getUrlParameters","decl":{"start":{"line":45,"column":9},"end":{"line":45,"column":25}},"loc":{"start":{"line":45,"column":28},"end":{"line":51,"column":1}},"line":45},"3":{"name":"(anonymous_3)","decl":{"start":{"line":47,"column":24},"end":{"line":47,"column":25}},"loc":{"start":{"line":47,"column":40},"end":{"line":49,"column":5}},"line":47},"4":{"name":"unloadPageHandler","decl":{"start":{"line":56,"column":9},"end":{"line":56,"column":26}},"loc":{"start":{"line":56,"column":30},"end":{"line":62,"column":1}},"line":56},"5":{"name":"getEmbeddingParams","decl":{"start":{"line":64,"column":9},"end":{"line":64,"column":27}},"loc":{"start":{"line":64,"column":40},"end":{"line":84,"column":1}},"line":64},"6":{"name":"(anonymous_6)","decl":{"start":{"line":89,"column":58},"end":{"line":89,"column":59}},"loc":{"start":{"line":89,"column":74},"end":{"line":97,"column":1}},"line":89}},"branchMap":{"0":{"loc":{"start":{"line":36,"column":8},"end":{"line":41,"column":9}},"type":"if","locations":[{"start":{"line":36,"column":8},"end":{"line":41,"column":9}},{"start":{"line":36,"column":8},"end":{"line":41,"column":9}}],"line":36},"1":{"loc":{"start":{"line":57,"column":4},"end":{"line":60,"column":5}},"type":"if","locations":[{"start":{"line":57,"column":4},"end":{"line":60,"column":5}},{"start":{"line":57,"column":4},"end":{"line":60,"column":5}}],"line":57},"2":{"loc":{"start":{"line":67,"column":4},"end":{"line":78,"column":5}},"type":"switch","locations":[{"start":{"line":68,"column":8},"end":{"line":70,"column":18}},{"start":{"line":71,"column":8},"end":{"line":73,"column":18}},{"start":{"line":74,"column":8},"end":{"line":77,"column":18}}],"line":67},"3":{"loc":{"start":{"line":75,"column":26},"end":{"line":75,"column":99}},"type":"cond-expr","locations":[{"start":{"line":75,"column":57},"end":{"line":75,"column":61}},{"start":{"line":75,"column":64},"end":{"line":75,"column":99}}],"line":75},"4":{"loc":{"start":{"line":76,"column":19},"end":{"line":76,"column":81}},"type":"cond-expr","locations":[{"start":{"line":76,"column":27},"end":{"line":76,"column":54}},{"start":{"line":76,"column":57},"end":{"line":76,"column":81}}],"line":76},"5":{"loc":{"start":{"line":79,"column":26},"end":{"line":79,"column":87}},"type":"cond-expr","locations":[{"start":{"line":79,"column":70},"end":{"line":79,"column":75}},{"start":{"line":79,"column":78},"end":{"line":79,"column":87}}],"line":79},"6":{"loc":{"start":{"line":86,"column":15},"end":{"line":86,"column":90}},"type":"cond-expr","locations":[{"start":{"line":86,"column":47},"end":{"line":86,"column":51}},{"start":{"line":86,"column":54},"end":{"line":86,"column":90}}],"line":86},"7":{"loc":{"start":{"line":87,"column":15},"end":{"line":87,"column":54}},"type":"binary-expr","locations":[{"start":{"line":87,"column":15},"end":{"line":87,"column":35}},{"start":{"line":87,"column":39},"end":{"line":87,"column":54}}],"line":87},"8":{"loc":{"start":{"line":91,"column":4},"end":{"line":96,"column":5}},"type":"if","locations":[{"start":{"line":91,"column":4},"end":{"line":96,"column":5}},{"start":{"line":91,"column":4},"end":{"line":96,"column":5}}],"line":91}},"s":{"0":0,"1":0,"2":0,"3":0,"4":0,"5":0,"6":0,"7":0,"8":0,"9":0,"10":0,"11":0,"12":0,"13":0,"14":0,"15":0,"16":0,"17":0,"18":0,"19":0,"20":0,"21":0,"22":0,"23":0,"24":0,"25":0,"26":0,"27":0,"28":0,"29":0,"30":0,"31":0,"32":0,"33":0,"34":0,"35":0,"36":0,"37":0,"38":0,"39":0,"40":0,"41":0,"42":0,"43":0,"44":0,"45":0,"46":0,"47":0},"f":{"0":0,"1":0,"2":0,"3":0,"4":0,"5":0,"6":0},"b":{"0":[0,0],"1":[0,0],"2":[0,0,0],"3":[0,0],"4":[0,0],"5":[0,0],"6":[0,0],"7":[0,0],"8":[0,0]}}
,"/home/travis/build/wasdk/WebAssemblyStudio/src/message.ts": {"path":"/home/travis/build/wasdk/WebAssemblyStudio/src/message.ts","statementMap":{"0":{"start":{"line":22,"column":0},"end":{"line":22,"column":62}},"1":{"start":{"line":24,"column":0},"end":{"line":34,"column":74}},"2":{"start":{"line":25,"column":4},"end":{"line":25,"column":94}},"3":{"start":{"line":26,"column":4},"end":{"line":26,"column":94}},"4":{"start":{"line":27,"column":4},"end":{"line":27,"column":108}},"5":{"start":{"line":28,"column":4},"end":{"line":28,"column":102}},"6":{"start":{"line":29,"column":4},"end":{"line":29,"column":100}},"7":{"start":{"line":30,"column":4},"end":{"line":30,"column":92}},"8":{"start":{"line":31,"column":4},"end":{"line":31,"column":92}},"9":{"start":{"line":32,"column":4},"end":{"line":32,"column":84}},"10":{"start":{"line":33,"column":4},"end":{"line":33,"column":66}}},"fnMap":{"0":{"name":"(anonymous_0)","decl":{"start":{"line":24,"column":1},"end":{"line":24,"column":2}},"loc":{"start":{"line":24,"column":26},"end":{"line":34,"column":1}},"line":24}},"branchMap":{"0":{"loc":{"start":{"line":34,"column":19},"end":{"line":34,"column":72}},"type":"binary-expr","locations":[{"start":{"line":34,"column":19},"end":{"line":34,"column":40}},{"start":{"line":34,"column":45},"end":{"line":34,"column":71}}],"line":34}},"s":{"0":12,"1":12,"2":12,"3":12,"4":12,"5":12,"6":12,"7":12,"8":12,"9":12,"10":12},"f":{"0":12},"b":{"0":[12,12]},"_coverageSchema":"332fd63041d2c1bcb487cc26dd0d5f7d97098a6c","hash":"5068117f5a1f81c1d3f7020f88a11422de17ae8e"}
,"/home/travis/build/wasdk/WebAssemblyStudio/src/model.ts": {"path":"/home/travis/build/wasdk/WebAssemblyStudio/src/model.ts","statementMap":{"0":{"start":{"line":22,"column":16},"end":{"line":29,"column":1}},"1":{"start":{"line":23,"column":4},"end":{"line":28,"column":7}},"2":{"start":{"line":24,"column":36},"end":{"line":24,"column":97}},"3":{"start":{"line":24,"column":42},"end":{"line":24,"column":70}},"4":{"start":{"line":24,"column":85},"end":{"line":24,"column":95}},"5":{"start":{"line":25,"column":35},"end":{"line":25,"column":100}},"6":{"start":{"line":25,"column":41},"end":{"line":25,"column":73}},"7":{"start":{"line":25,"column":88},"end":{"line":25,"column":98}},"8":{"start":{"line":26,"column":32},"end":{"line":26,"column":149}},"9":{"start":{"line":26,"column":97},"end":{"line":26,"column":119}},"10":{"start":{"line":27,"column":8},"end":{"line":27,"column":78}},"11":{"start":{"line":30,"column":0},"end":{"line":30,"column":62}},"12":{"start":{"line":31,"column":0},"end":{"line":31,"column":25}},"13":{"start":{"line":32,"column":15},"end":{"line":32,"column":32}},"14":{"start":{"line":33,"column":20},"end":{"line":33,"column":40}},"15":{"start":{"line":34,"column":18},"end":{"line":34,"column":38}},"16":{"start":{"line":36,"column":4},"end":{"line":38,"column":5}},"17":{"start":{"line":37,"column":8},"end":{"line":37,"column":20}},"18":{"start":{"line":39,"column":4},"end":{"line":41,"column":5}},"19":{"start":{"line":40,"column":8},"end":{"line":40,"column":21}},"20":{"start":{"line":42,"column":4},"end":{"line":46,"column":5}},"21":{"start":{"line":43,"column":8},"end":{"line":45,"column":9}},"22":{"start":{"line":44,"column":12},"end":{"line":44,"column":25}},"23":{"start":{"line":47,"column":4},"end":{"line":47,"column":16}},"24":{"start":{"line":49,"column":0},"end":{"line":49,"column":40}},"25":{"start":{"line":51,"column":0},"end":{"line":69,"column":59}},"26":{"start":{"line":52,"column":4},"end":{"line":52,"column":42}},"27":{"start":{"line":53,"column":4},"end":{"line":53,"column":42}},"28":{"start":{"line":54,"column":4},"end":{"line":54,"column":30}},"29":{"start":{"line":55,"column":4},"end":{"line":55,"column":28}},"30":{"start":{"line":56,"column":4},"end":{"line":56,"column":24}},"31":{"start":{"line":57,"column":4},"end":{"line":57,"column":28}},"32":{"start":{"line":58,"column":4},"end":{"line":58,"column":30}},"33":{"start":{"line":59,"column":4},"end":{"line":59,"column":28}},"34":{"start":{"line":60,"column":4},"end":{"line":60,"column":30}},"35":{"start":{"line":61,"column":4},"end":{"line":61,"column":40}},"36":{"start":{"line":62,"column":4},"end":{"line":62,"column":28}},"37":{"start":{"line":63,"column":4},"end":{"line":63,"column":28}},"38":{"start":{"line":64,"column":4},"end":{"line":64,"column":38}},"39":{"start":{"line":65,"column":4},"end":{"line":65,"column":38}},"40":{"start":{"line":66,"column":4},"end":{"line":66,"column":30}},"41":{"start":{"line":67,"column":4},"end":{"line":67,"column":28}},"42":{"start":{"line":68,"column":4},"end":{"line":68,"column":36}},"43":{"start":{"line":71,"column":4},"end":{"line":76,"column":5}},"44":{"start":{"line":73,"column":12},"end":{"line":73,"column":24}},"45":{"start":{"line":75,"column":12},"end":{"line":75,"column":25}},"46":{"start":{"line":78,"column":0},"end":{"line":78,"column":44}},"47":{"start":{"line":80,"column":4},"end":{"line":118,"column":5}},"48":{"start":{"line":81,"column":8},"end":{"line":81,"column":22}},"49":{"start":{"line":83,"column":9},"end":{"line":118,"column":5}},"50":{"start":{"line":84,"column":8},"end":{"line":84,"column":21}},"51":{"start":{"line":86,"column":9},"end":{"line":118,"column":5}},"52":{"start":{"line":87,"column":8},"end":{"line":87,"column":28}},"53":{"start":{"line":89,"column":9},"end":{"line":118,"column":5}},"54":{"start":{"line":90,"column":8},"end":{"line":90,"column":28}},"55":{"start":{"line":92,"column":9},"end":{"line":118,"column":5}},"56":{"start":{"line":93,"column":8},"end":{"line":93,"column":21}},"57":{"start":{"line":95,"column":9},"end":{"line":118,"column":5}},"58":{"start":{"line":96,"column":8},"end":{"line":96,"column":22}},"59":{"start":{"line":98,"column":9},"end":{"line":118,"column":5}},"60":{"start":{"line":99,"column":8},"end":{"line":99,"column":21}},"61":{"start":{"line":101,"column":9},"end":{"line":118,"column":5}},"62":{"start":{"line":102,"column":8},"end":{"line":102,"column":21}},"63":{"start":{"line":104,"column":9},"end":{"line":118,"column":5}},"64":{"start":{"line":105,"column":8},"end":{"line":105,"column":21}},"65":{"start":{"line":107,"column":9},"end":{"line":118,"column":5}},"66":{"start":{"line":108,"column":8},"end":{"line":108,"column":26}},"67":{"start":{"line":110,"column":9},"end":{"line":118,"column":5}},"68":{"start":{"line":111,"column":8},"end":{"line":111,"column":22}},"69":{"start":{"line":113,"column":9},"end":{"line":118,"column":5}},"70":{"start":{"line":114,"column":8},"end":{"line":114,"column":22}},"71":{"start":{"line":116,"column":9},"end":{"line":118,"column":5}},"72":{"start":{"line":117,"column":8},"end":{"line":117,"column":21}},"73":{"start":{"line":119,"column":4},"end":{"line":119,"column":14}},"74":{"start":{"line":121,"column":0},"end":{"line":121,"column":50}},"75":{"start":{"line":123,"column":4},"end":{"line":161,"column":5}},"76":{"start":{"line":124,"column":8},"end":{"line":124,"column":22}},"77":{"start":{"line":126,"column":9},"end":{"line":161,"column":5}},"78":{"start":{"line":127,"column":8},"end":{"line":127,"column":21}},"79":{"start":{"line":129,"column":9},"end":{"line":161,"column":5}},"80":{"start":{"line":130,"column":8},"end":{"line":130,"column":28}},"81":{"start":{"line":132,"column":9},"end":{"line":161,"column":5}},"82":{"start":{"line":133,"column":8},"end":{"line":133,"column":28}},"83":{"start":{"line":135,"column":9},"end":{"line":161,"column":5}},"84":{"start":{"line":136,"column":8},"end":{"line":136,"column":19}},"85":{"start":{"line":138,"column":9},"end":{"line":161,"column":5}},"86":{"start":{"line":139,"column":8},"end":{"line":139,"column":21}},"87":{"start":{"line":141,"column":9},"end":{"line":161,"column":5}},"88":{"start":{"line":142,"column":8},"end":{"line":142,"column":34}},"89":{"start":{"line":144,"column":9},"end":{"line":161,"column":5}},"90":{"start":{"line":145,"column":8},"end":{"line":145,"column":29}},"91":{"start":{"line":147,"column":9},"end":{"line":161,"column":5}},"92":{"start":{"line":148,"column":8},"end":{"line":148,"column":26}},"93":{"start":{"line":150,"column":9},"end":{"line":161,"column":5}},"94":{"start":{"line":151,"column":8},"end":{"line":151,"column":22}},"95":{"start":{"line":153,"column":9},"end":{"line":161,"column":5}},"96":{"start":{"line":154,"column":8},"end":{"line":154,"column":26}},"97":{"start":{"line":156,"column":9},"end":{"line":161,"column":5}},"98":{"start":{"line":157,"column":8},"end":{"line":157,"column":22}},"99":{"start":{"line":159,"column":9},"end":{"line":161,"column":5}},"100":{"start":{"line":160,"column":8},"end":{"line":160,"column":21}},"101":{"start":{"line":162,"column":4},"end":{"line":162,"column":14}},"102":{"start":{"line":164,"column":0},"end":{"line":164,"column":42}},"103":{"start":{"line":166,"column":4},"end":{"line":204,"column":5}},"104":{"start":{"line":167,"column":8},"end":{"line":167,"column":22}},"105":{"start":{"line":169,"column":9},"end":{"line":204,"column":5}},"106":{"start":{"line":170,"column":8},"end":{"line":170,"column":21}},"107":{"start":{"line":172,"column":9},"end":{"line":204,"column":5}},"108":{"start":{"line":173,"column":8},"end":{"line":173,"column":20}},"109":{"start":{"line":175,"column":9},"end":{"line":204,"column":5}},"110":{"start":{"line":176,"column":8},"end":{"line":176,"column":20}},"111":{"start":{"line":178,"column":9},"end":{"line":204,"column":5}},"112":{"start":{"line":179,"column":8},"end":{"line":179,"column":19}},"113":{"start":{"line":181,"column":9},"end":{"line":204,"column":5}},"114":{"start":{"line":182,"column":8},"end":{"line":182,"column":21}},"115":{"start":{"line":184,"column":9},"end":{"line":204,"column":5}},"116":{"start":{"line":185,"column":8},"end":{"line":185,"column":21}},"117":{"start":{"line":187,"column":9},"end":{"line":204,"column":5}},"118":{"start":{"line":188,"column":8},"end":{"line":188,"column":22}},"119":{"start":{"line":190,"column":9},"end":{"line":204,"column":5}},"120":{"start":{"line":191,"column":8},"end":{"line":191,"column":20}},"121":{"start":{"line":193,"column":9},"end":{"line":204,"column":5}},"122":{"start":{"line":194,"column":8},"end":{"line":194,"column":20}},"123":{"start":{"line":196,"column":9},"end":{"line":204,"column":5}},"124":{"start":{"line":197,"column":8},"end":{"line":197,"column":22}},"125":{"start":{"line":199,"column":9},"end":{"line":204,"column":5}},"126":{"start":{"line":200,"column":8},"end":{"line":200,"column":22}},"127":{"start":{"line":202,"column":9},"end":{"line":204,"column":5}},"128":{"start":{"line":203,"column":8},"end":{"line":203,"column":21}},"129":{"start":{"line":205,"column":4},"end":{"line":205,"column":14}},"130":{"start":{"line":207,"column":0},"end":{"line":207,"column":52}},"131":{"start":{"line":209,"column":4},"end":{"line":209,"column":55}},"132":{"start":{"line":211,"column":0},"end":{"line":211,"column":52}},"133":{"start":{"line":213,"column":4},"end":{"line":251,"column":5}},"134":{"start":{"line":214,"column":8},"end":{"line":214,"column":29}},"135":{"start":{"line":216,"column":9},"end":{"line":251,"column":5}},"136":{"start":{"line":217,"column":8},"end":{"line":217,"column":28}},"137":{"start":{"line":219,"column":9},"end":{"line":251,"column":5}},"138":{"start":{"line":220,"column":8},"end":{"line":220,"column":35}},"139":{"start":{"line":222,"column":9},"end":{"line":251,"column":5}},"140":{"start":{"line":223,"column":8},"end":{"line":223,"column":35}},"141":{"start":{"line":225,"column":9},"end":{"line":251,"column":5}},"142":{"start":{"line":226,"column":8},"end":{"line":226,"column":26}},"143":{"start":{"line":228,"column":9},"end":{"line":251,"column":5}},"144":{"start":{"line":229,"column":8},"end":{"line":229,"column":28}},"145":{"start":{"line":231,"column":9},"end":{"line":251,"column":5}},"146":{"start":{"line":232,"column":8},"end":{"line":232,"column":28}},"147":{"start":{"line":234,"column":9},"end":{"line":251,"column":5}},"148":{"start":{"line":235,"column":8},"end":{"line":235,"column":29}},"149":{"start":{"line":237,"column":9},"end":{"line":251,"column":5}},"150":{"start":{"line":238,"column":8},"end":{"line":238,"column":33}},"151":{"start":{"line":240,"column":9},"end":{"line":251,"column":5}},"152":{"start":{"line":241,"column":8},"end":{"line":241,"column":29}},"153":{"start":{"line":243,"column":9},"end":{"line":251,"column":5}},"154":{"start":{"line":244,"column":8},"end":{"line":244,"column":33}},"155":{"start":{"line":246,"column":9},"end":{"line":251,"column":5}},"156":{"start":{"line":247,"column":8},"end":{"line":247,"column":29}},"157":{"start":{"line":249,"column":9},"end":{"line":251,"column":5}},"158":{"start":{"line":250,"column":8},"end":{"line":250,"column":28}},"159":{"start":{"line":252,"column":4},"end":{"line":252,"column":16}},"160":{"start":{"line":254,"column":0},"end":{"line":254,"column":52}},"161":{"start":{"line":256,"column":4},"end":{"line":273,"column":5}},"162":{"start":{"line":257,"column":8},"end":{"line":257,"column":27}},"163":{"start":{"line":259,"column":9},"end":{"line":273,"column":5}},"164":{"start":{"line":260,"column":8},"end":{"line":260,"column":40}},"165":{"start":{"line":262,"column":9},"end":{"line":273,"column":5}},"166":{"start":{"line":263,"column":8},"end":{"line":263,"column":34}},"167":{"start":{"line":265,"column":9},"end":{"line":273,"column":5}},"168":{"start":{"line":266,"column":8},"end":{"line":266,"column":34}},"169":{"start":{"line":268,"column":9},"end":{"line":273,"column":5}},"170":{"start":{"line":269,"column":8},"end":{"line":269,"column":28}},"171":{"start":{"line":271,"column":9},"end":{"line":273,"column":5}},"172":{"start":{"line":272,"column":8},"end":{"line":272,"column":31}},"173":{"start":{"line":274,"column":4},"end":{"line":274,"column":14}},"174":{"start":{"line":276,"column":0},"end":{"line":276,"column":50}},"175":{"start":{"line":278,"column":4},"end":{"line":292,"column":5}},"176":{"start":{"line":279,"column":8},"end":{"line":279,"column":29}},"177":{"start":{"line":281,"column":9},"end":{"line":292,"column":5}},"178":{"start":{"line":282,"column":8},"end":{"line":282,"column":35}},"179":{"start":{"line":284,"column":9},"end":{"line":292,"column":5}},"180":{"start":{"line":285,"column":8},"end":{"line":285,"column":29}},"181":{"start":{"line":287,"column":9},"end":{"line":292,"column":5}},"182":{"start":{"line":288,"column":8},"end":{"line":288,"column":33}},"183":{"start":{"line":290,"column":9},"end":{"line":292,"column":5}},"184":{"start":{"line":291,"column":8},"end":{"line":291,"column":29}},"185":{"start":{"line":293,"column":4},"end":{"line":293,"column":28}},"186":{"start":{"line":295,"column":0},"end":{"line":295,"column":50}},"187":{"start":{"line":297,"column":4},"end":{"line":332,"column":5}},"188":{"start":{"line":298,"column":8},"end":{"line":298,"column":43}},"189":{"start":{"line":300,"column":9},"end":{"line":332,"column":5}},"190":{"start":{"line":301,"column":8},"end":{"line":301,"column":43}},"191":{"start":{"line":303,"column":9},"end":{"line":332,"column":5}},"192":{"start":{"line":304,"column":8},"end":{"line":304,"column":34}},"193":{"start":{"line":306,"column":9},"end":{"line":332,"column":5}},"194":{"start":{"line":307,"column":8},"end":{"line":307,"column":36}},"195":{"start":{"line":309,"column":9},"end":{"line":332,"column":5}},"196":{"start":{"line":310,"column":8},"end":{"line":310,"column":37}},"197":{"start":{"line":312,"column":9},"end":{"line":332,"column":5}},"198":{"start":{"line":313,"column":8},"end":{"line":313,"column":41}},"199":{"start":{"line":315,"column":9},"end":{"line":332,"column":5}},"200":{"start":{"line":316,"column":8},"end":{"line":316,"column":37}},"201":{"start":{"line":318,"column":9},"end":{"line":332,"column":5}},"202":{"start":{"line":319,"column":8},"end":{"line":319,"column":36}},"203":{"start":{"line":321,"column":9},"end":{"line":332,"column":5}},"204":{"start":{"line":322,"column":8},"end":{"line":322,"column":29}},"205":{"start":{"line":324,"column":9},"end":{"line":332,"column":5}},"206":{"start":{"line":325,"column":8},"end":{"line":325,"column":37}},"207":{"start":{"line":327,"column":9},"end":{"line":332,"column":5}},"208":{"start":{"line":328,"column":8},"end":{"line":328,"column":37}},"209":{"start":{"line":330,"column":9},"end":{"line":332,"column":5}},"210":{"start":{"line":331,"column":8},"end":{"line":331,"column":36}},"211":{"start":{"line":333,"column":4},"end":{"line":333,"column":31}},"212":{"start":{"line":335,"column":0},"end":{"line":335,"column":48}},"213":{"start":{"line":338,"column":8},"end":{"line":338,"column":28}},"214":{"start":{"line":339,"column":8},"end":{"line":339,"column":25}},"215":{"start":{"line":342,"column":8},"end":{"line":344,"column":9}},"216":{"start":{"line":343,"column":12},"end":{"line":343,"column":19}},"217":{"start":{"line":345,"column":8},"end":{"line":345,"column":38}},"218":{"start":{"line":348,"column":18},"end":{"line":348,"column":50}},"219":{"start":{"line":349,"column":8},"end":{"line":351,"column":9}},"220":{"start":{"line":350,"column":12},"end":{"line":350,"column":49}},"221":{"start":{"line":352,"column":8},"end":{"line":352,"column":36}},"222":{"start":{"line":356,"column":8},"end":{"line":358,"column":11}},"223":{"start":{"line":357,"column":12},"end":{"line":357,"column":29}},"224":{"start":{"line":361,"column":0},"end":{"line":361,"column":42}},"225":{"start":{"line":363,"column":4},"end":{"line":368,"column":5}},"226":{"start":{"line":364,"column":35},"end":{"line":364,"column":49}},"227":{"start":{"line":365,"column":38},"end":{"line":365,"column":55}},"228":{"start":{"line":366,"column":36},"end":{"line":366,"column":51}},"229":{"start":{"line":367,"column":37},"end":{"line":367,"column":53}},"230":{"start":{"line":370,"column":14},"end":{"line":370,"column":15}},"231":{"start":{"line":372,"column":4},"end":{"line":372,"column":21}},"232":{"start":{"line":376,"column":8},"end":{"line":376,"column":25}},"233":{"start":{"line":377,"column":8},"end":{"line":377,"column":39}},"234":{"start":{"line":378,"column":8},"end":{"line":378,"column":33}},"235":{"start":{"line":379,"column":8},"end":{"line":379,"column":29}},"236":{"start":{"line":380,"column":8},"end":{"line":380,"column":40}},"237":{"start":{"line":383,"column":8},"end":{"line":383,"column":154}},"238":{"start":{"line":386,"column":0},"end":{"line":386,"column":26}},"239":{"start":{"line":392,"column":8},"end":{"line":392,"column":29}},"240":{"start":{"line":393,"column":8},"end":{"line":393,"column":38}},"241":{"start":{"line":398,"column":8},"end":{"line":398,"column":33}},"242":{"start":{"line":399,"column":8},"end":{"line":399,"column":71}},"243":{"start":{"line":400,"column":8},"end":{"line":400,"column":75}},"244":{"start":{"line":401,"column":8},"end":{"line":401,"column":79}},"245":{"start":{"line":402,"column":8},"end":{"line":402,"column":78}},"246":{"start":{"line":403,"column":8},"end":{"line":403,"column":40}},"247":{"start":{"line":404,"column":8},"end":{"line":404,"column":27}},"248":{"start":{"line":405,"column":8},"end":{"line":405,"column":25}},"249":{"start":{"line":406,"column":8},"end":{"line":406,"column":25}},"250":{"start":{"line":407,"column":8},"end":{"line":407,"column":25}},"251":{"start":{"line":408,"column":8},"end":{"line":415,"column":9}},"252":{"start":{"line":409,"column":12},"end":{"line":409,"column":47}},"253":{"start":{"line":410,"column":12},"end":{"line":410,"column":56}},"254":{"start":{"line":413,"column":12},"end":{"line":413,"column":35}},"255":{"start":{"line":414,"column":12},"end":{"line":414,"column":90}},"256":{"start":{"line":416,"column":8},"end":{"line":416,"column":70}},"257":{"start":{"line":417,"column":8},"end":{"line":429,"column":11}},"258":{"start":{"line":420,"column":12},"end":{"line":422,"column":13}},"259":{"start":{"line":421,"column":16},"end":{"line":421,"column":23}},"260":{"start":{"line":423,"column":12},"end":{"line":426,"column":13}},"261":{"start":{"line":424,"column":16},"end":{"line":424,"column":36}},"262":{"start":{"line":425,"column":16},"end":{"line":425,"column":44}},"263":{"start":{"line":427,"column":12},"end":{"line":427,"column":41}},"264":{"start":{"line":428,"column":12},"end":{"line":428,"column":71}},"265":{"start":{"line":430,"column":8},"end":{"line":430,"column":27}},"266":{"start":{"line":433,"column":8},"end":{"line":433,"column":25}},"267":{"start":{"line":434,"column":8},"end":{"line":434,"column":39}},"268":{"start":{"line":435,"column":8},"end":{"line":437,"column":9}},"269":{"start":{"line":436,"column":12},"end":{"line":436,"column":54}},"270":{"start":{"line":440,"column":19},"end":{"line":440,"column":23}},"271":{"start":{"line":441,"column":8},"end":{"line":444,"column":9}},"272":{"start":{"line":442,"column":12},"end":{"line":442,"column":46}},"273":{"start":{"line":443,"column":12},"end":{"line":443,"column":31}},"274":{"start":{"line":447,"column":19},"end":{"line":447,"column":23}},"275":{"start":{"line":448,"column":8},"end":{"line":451,"column":9}},"276":{"start":{"line":449,"column":12},"end":{"line":449,"column":44}},"277":{"start":{"line":450,"column":12},"end":{"line":450,"column":31}},"278":{"start":{"line":454,"column":19},"end":{"line":454,"column":23}},"279":{"start":{"line":455,"column":8},"end":{"line":458,"column":9}},"280":{"start":{"line":456,"column":12},"end":{"line":456,"column":45}},"281":{"start":{"line":457,"column":12},"end":{"line":457,"column":31}},"282":{"start":{"line":461,"column":8},"end":{"line":464,"column":9}},"283":{"start":{"line":462,"column":12},"end":{"line":462,"column":33}},"284":{"start":{"line":463,"column":12},"end":{"line":463,"column":40}},"285":{"start":{"line":467,"column":8},"end":{"line":483,"column":11}},"286":{"start":{"line":468,"column":12},"end":{"line":482,"column":13}},"287":{"start":{"line":469,"column":31},"end":{"line":469,"column":89}},"288":{"start":{"line":470,"column":16},"end":{"line":470,"column":45}},"289":{"start":{"line":471,"column":16},"end":{"line":471,"column":34}},"290":{"start":{"line":472,"column":16},"end":{"line":472,"column":47}},"291":{"start":{"line":473,"column":16},"end":{"line":473,"column":45}},"292":{"start":{"line":474,"column":16},"end":{"line":474,"column":95}},"293":{"start":{"line":475,"column":16},"end":{"line":475,"column":135}},"294":{"start":{"line":476,"column":16},"end":{"line":476,"column":23}},"295":{"start":{"line":479,"column":16},"end":{"line":479,"column":48}},"296":{"start":{"line":480,"column":16},"end":{"line":480,"column":34}},"297":{"start":{"line":481,"column":16},"end":{"line":481,"column":45}},"298":{"start":{"line":486,"column":8},"end":{"line":486,"column":33}},"299":{"start":{"line":487,"column":19},"end":{"line":487,"column":23}},"300":{"start":{"line":488,"column":8},"end":{"line":491,"column":9}},"301":{"start":{"line":489,"column":12},"end":{"line":489,"column":48}},"302":{"start":{"line":490,"column":12},"end":{"line":490,"column":31}},"303":{"start":{"line":494,"column":8},"end":{"line":502,"column":11}},"304":{"start":{"line":495,"column":26},"end":{"line":495,"column":37}},"305":{"start":{"line":496,"column":12},"end":{"line":498,"column":13}},"306":{"start":{"line":497,"column":16},"end":{"line":497,"column":43}},"307":{"start":{"line":499,"column":27},"end":{"line":499,"column":82}},"308":{"start":{"line":500,"column":27},"end":{"line":500,"column":50}},"309":{"start":{"line":501,"column":12},"end":{"line":501,"column":62}},"310":{"start":{"line":505,"column":8},"end":{"line":505,"column":36}},"311":{"start":{"line":506,"column":8},"end":{"line":506,"column":25}},"312":{"start":{"line":507,"column":8},"end":{"line":507,"column":35}},"313":{"start":{"line":508,"column":8},"end":{"line":508,"column":34}},"314":{"start":{"line":511,"column":8},"end":{"line":516,"column":9}},"315":{"start":{"line":512,"column":28},"end":{"line":512,"column":45}},"316":{"start":{"line":513,"column":12},"end":{"line":515,"column":13}},"317":{"start":{"line":514,"column":16},"end":{"line":514,"column":55}},"318":{"start":{"line":517,"column":8},"end":{"line":517,"column":25}},"319":{"start":{"line":520,"column":21},"end":{"line":520,"column":32}},"320":{"start":{"line":521,"column":8},"end":{"line":528,"column":9}},"321":{"start":{"line":522,"column":12},"end":{"line":524,"column":13}},"322":{"start":{"line":523,"column":16},"end":{"line":523,"column":39}},"323":{"start":{"line":525,"column":12},"end":{"line":527,"column":13}},"324":{"start":{"line":526,"column":16},"end":{"line":526,"column":30}},"325":{"start":{"line":529,"column":8},"end":{"line":529,"column":20}},"326":{"start":{"line":532,"column":20},"end":{"line":532,"column":21}},"327":{"start":{"line":533,"column":21},"end":{"line":533,"column":32}},"328":{"start":{"line":534,"column":8},"end":{"line":537,"column":9}},"329":{"start":{"line":535,"column":12},"end":{"line":535,"column":35}},"330":{"start":{"line":536,"column":12},"end":{"line":536,"column":20}},"331":{"start":{"line":538,"column":8},"end":{"line":538,"column":21}},"332":{"start":{"line":544,"column":21},"end":{"line":544,"column":23}},"333":{"start":{"line":545,"column":21},"end":{"line":545,"column":32}},"334":{"start":{"line":546,"column":8},"end":{"line":549,"column":9}},"335":{"start":{"line":547,"column":12},"end":{"line":547,"column":38}},"336":{"start":{"line":548,"column":12},"end":{"line":548,"column":35}},"337":{"start":{"line":550,"column":8},"end":{"line":550,"column":29}},"338":{"start":{"line":551,"column":8},"end":{"line":551,"column":30}},"339":{"start":{"line":554,"column":8},"end":{"line":575,"column":11}},"340":{"start":{"line":555,"column":12},"end":{"line":557,"column":13}},"341":{"start":{"line":556,"column":16},"end":{"line":556,"column":23}},"342":{"start":{"line":558,"column":12},"end":{"line":573,"column":13}},"343":{"start":{"line":559,"column":16},"end":{"line":568,"column":17}},"344":{"start":{"line":560,"column":20},"end":{"line":567,"column":21}},"345":{"start":{"line":561,"column":37},"end":{"line":561,"column":104}},"346":{"start":{"line":562,"column":24},"end":{"line":562,"column":42}},"347":{"start":{"line":563,"column":24},"end":{"line":563,"column":41}},"348":{"start":{"line":566,"column":24},"end":{"line":566,"column":57}},"349":{"start":{"line":571,"column":16},"end":{"line":571,"column":51}},"350":{"start":{"line":572,"column":16},"end":{"line":572,"column":34}},"351":{"start":{"line":574,"column":12},"end":{"line":574,"column":39}},"352":{"start":{"line":578,"column":8},"end":{"line":578,"column":42}},"353":{"start":{"line":581,"column":21},"end":{"line":581,"column":32}},"354":{"start":{"line":582,"column":8},"end":{"line":587,"column":9}},"355":{"start":{"line":583,"column":12},"end":{"line":585,"column":13}},"356":{"start":{"line":584,"column":16},"end":{"line":584,"column":28}},"357":{"start":{"line":586,"column":12},"end":{"line":586,"column":35}},"358":{"start":{"line":588,"column":8},"end":{"line":588,"column":21}},"359":{"start":{"line":591,"column":0},"end":{"line":591,"column":20}},"360":{"start":{"line":594,"column":8},"end":{"line":594,"column":40}},"361":{"start":{"line":595,"column":8},"end":{"line":595,"column":27}},"362":{"start":{"line":596,"column":8},"end":{"line":596,"column":27}},"363":{"start":{"line":597,"column":8},"end":{"line":597,"column":77}},"364":{"start":{"line":600,"column":24},"end":{"line":600,"column":28}},"365":{"start":{"line":601,"column":8},"end":{"line":604,"column":9}},"366":{"start":{"line":602,"column":12},"end":{"line":602,"column":53}},"367":{"start":{"line":603,"column":12},"end":{"line":603,"column":41}},"368":{"start":{"line":607,"column":8},"end":{"line":622,"column":9}},"369":{"start":{"line":608,"column":12},"end":{"line":618,"column":15}},"370":{"start":{"line":609,"column":16},"end":{"line":611,"column":17}},"371":{"start":{"line":610,"column":20},"end":{"line":610,"column":33}},"372":{"start":{"line":612,"column":16},"end":{"line":617,"column":17}},"373":{"start":{"line":613,"column":20},"end":{"line":613,"column":73}},"374":{"start":{"line":616,"column":20},"end":{"line":616,"column":29}},"375":{"start":{"line":621,"column":12},"end":{"line":621,"column":38}},"376":{"start":{"line":625,"column":8},"end":{"line":630,"column":19}},"377":{"start":{"line":626,"column":12},"end":{"line":628,"column":13}},"378":{"start":{"line":627,"column":16},"end":{"line":627,"column":29}},"379":{"start":{"line":629,"column":12},"end":{"line":629,"column":24}},"380":{"start":{"line":633,"column":8},"end":{"line":633,"column":44}},"381":{"start":{"line":634,"column":8},"end":{"line":634,"column":58}},"382":{"start":{"line":635,"column":8},"end":{"line":635,"column":33}},"383":{"start":{"line":636,"column":8},"end":{"line":636,"column":27}},"384":{"start":{"line":637,"column":8},"end":{"line":637,"column":43}},"385":{"start":{"line":640,"column":8},"end":{"line":640,"column":44}},"386":{"start":{"line":641,"column":18},"end":{"line":641,"column":45}},"387":{"start":{"line":642,"column":8},"end":{"line":642,"column":30}},"388":{"start":{"line":643,"column":8},"end":{"line":643,"column":35}},"389":{"start":{"line":644,"column":8},"end":{"line":644,"column":27}},"390":{"start":{"line":645,"column":8},"end":{"line":645,"column":43}},"391":{"start":{"line":648,"column":8},"end":{"line":650,"column":9}},"392":{"start":{"line":649,"column":12},"end":{"line":649,"column":35}},"393":{"start":{"line":651,"column":24},"end":{"line":651,"column":28}},"394":{"start":{"line":652,"column":8},"end":{"line":663,"column":9}},"395":{"start":{"line":653,"column":25},"end":{"line":653,"column":37}},"396":{"start":{"line":654,"column":23},"end":{"line":654,"column":56}},"397":{"start":{"line":655,"column":12},"end":{"line":662,"column":13}},"398":{"start":{"line":656,"column":16},"end":{"line":656,"column":33}},"399":{"start":{"line":659,"column":16},"end":{"line":659,"column":43}},"400":{"start":{"line":660,"column":16},"end":{"line":660,"column":40}},"401":{"start":{"line":661,"column":16},"end":{"line":661,"column":33}},"402":{"start":{"line":664,"column":8},"end":{"line":664,"column":54}},"403":{"start":{"line":665,"column":8},"end":{"line":665,"column":25}},"404":{"start":{"line":668,"column":8},"end":{"line":670,"column":9}},"405":{"start":{"line":669,"column":12},"end":{"line":669,"column":35}},"406":{"start":{"line":671,"column":24},"end":{"line":671,"column":28}},"407":{"start":{"line":672,"column":8},"end":{"line":674,"column":9}},"408":{"start":{"line":673,"column":12},"end":{"line":673,"column":74}},"409":{"start":{"line":675,"column":21},"end":{"line":675,"column":42}},"410":{"start":{"line":676,"column":19},"end":{"line":676,"column":42}},"411":{"start":{"line":677,"column":8},"end":{"line":683,"column":9}},"412":{"start":{"line":678,"column":12},"end":{"line":678,"column":46}},"413":{"start":{"line":681,"column":12},"end":{"line":681,"column":57}},"414":{"start":{"line":682,"column":12},"end":{"line":682,"column":36}},"415":{"start":{"line":684,"column":8},"end":{"line":684,"column":39}},"416":{"start":{"line":685,"column":8},"end":{"line":685,"column":20}},"417":{"start":{"line":688,"column":8},"end":{"line":690,"column":11}},"418":{"start":{"line":689,"column":12},"end":{"line":689,"column":38}},"419":{"start":{"line":693,"column":8},"end":{"line":695,"column":9}},"420":{"start":{"line":694,"column":12},"end":{"line":694,"column":35}},"421":{"start":{"line":696,"column":21},"end":{"line":696,"column":52}},"422":{"start":{"line":697,"column":8},"end":{"line":704,"column":9}},"423":{"start":{"line":698,"column":12},"end":{"line":703,"column":13}},"424":{"start":{"line":699,"column":16},"end":{"line":699,"column":51}},"425":{"start":{"line":702,"column":16},"end":{"line":702,"column":28}},"426":{"start":{"line":705,"column":8},"end":{"line":705,"column":20}},"427":{"start":{"line":708,"column":21},"end":{"line":708,"column":23}},"428":{"start":{"line":710,"column":12},"end":{"line":712,"column":13}},"429":{"start":{"line":711,"column":16},"end":{"line":711,"column":30}},"430":{"start":{"line":713,"column":12},"end":{"line":721,"column":15}},"431":{"start":{"line":714,"column":29},"end":{"line":714,"column":47}},"432":{"start":{"line":715,"column":16},"end":{"line":720,"column":17}},"433":{"start":{"line":716,"column":20},"end":{"line":716,"column":40}},"434":{"start":{"line":719,"column":20},"end":{"line":719,"column":36}},"435":{"start":{"line":723,"column":8},"end":{"line":723,"column":26}},"436":{"start":{"line":724,"column":8},"end":{"line":724,"column":20}},"437":{"start":{"line":727,"column":19},"end":{"line":727,"column":53}},"438":{"start":{"line":728,"column":8},"end":{"line":728,"column":58}},"439":{"start":{"line":728,"column":42},"end":{"line":728,"column":56}},"440":{"start":{"line":731,"column":8},"end":{"line":731,"column":66}},"441":{"start":{"line":731,"column":46},"end":{"line":731,"column":64}},"442":{"start":{"line":734,"column":0},"end":{"line":734,"column":30}},"443":{"start":{"line":737,"column":8},"end":{"line":737,"column":25}},"444":{"start":{"line":738,"column":8},"end":{"line":738,"column":70}},"445":{"start":{"line":739,"column":8},"end":{"line":739,"column":62}},"446":{"start":{"line":740,"column":8},"end":{"line":740,"column":70}},"447":{"start":{"line":741,"column":8},"end":{"line":741,"column":31}},"448":{"start":{"line":744,"column":8},"end":{"line":744,"column":38}},"449":{"start":{"line":747,"column":8},"end":{"line":749,"column":9}},"450":{"start":{"line":748,"column":12},"end":{"line":748,"column":55}},"451":{"start":{"line":750,"column":8},"end":{"line":750,"column":18}},"452":{"start":{"line":753,"column":8},"end":{"line":753,"column":33}},"453":{"start":{"line":754,"column":8},"end":{"line":754,"column":42}},"454":{"start":{"line":757,"column":8},"end":{"line":757,"column":42}},"455":{"start":{"line":758,"column":8},"end":{"line":758,"column":26}},"456":{"start":{"line":759,"column":8},"end":{"line":759,"column":42}},"457":{"start":{"line":762,"column":0},"end":{"line":762,"column":26}},"458":{"start":{"line":763,"column":20},"end":{"line":763,"column":33}},"459":{"start":{"line":766,"column":8},"end":{"line":766,"column":23}},"460":{"start":{"line":769,"column":8},"end":{"line":769,"column":24}},"461":{"start":{"line":772,"column":8},"end":{"line":774,"column":9}},"462":{"start":{"line":773,"column":12},"end":{"line":773,"column":40}},"463":{"start":{"line":775,"column":20},"end":{"line":775,"column":37}},"464":{"start":{"line":776,"column":8},"end":{"line":776,"column":34}},"465":{"start":{"line":777,"column":8},"end":{"line":777,"column":19}},"466":{"start":{"line":780,"column":0},"end":{"line":780,"column":28}}},"fnMap":{"0":{"name":"(anonymous_0)","decl":{"start":{"line":22,"column":44},"end":{"line":22,"column":45}},"loc":{"start":{"line":22,"column":89},"end":{"line":29,"column":1}},"line":22},"1":{"name":"(anonymous_1)","decl":{"start":{"line":23,"column":36},"end":{"line":23,"column":37}},"loc":{"start":{"line":23,"column":63},"end":{"line":28,"column":5}},"line":23},"2":{"name":"fulfilled","decl":{"start":{"line":24,"column":17},"end":{"line":24,"column":26}},"loc":{"start":{"line":24,"column":34},"end":{"line":24,"column":99}},"line":24},"3":{"name":"rejected","decl":{"start":{"line":25,"column":17},"end":{"line":25,"column":25}},"loc":{"start":{"line":25,"column":33},"end":{"line":25,"column":102}},"line":25},"4":{"name":"step","decl":{"start":{"line":26,"column":17},"end":{"line":26,"column":21}},"loc":{"start":{"line":26,"column":30},"end":{"line":26,"column":151}},"line":26},"5":{"name":"(anonymous_5)","decl":{"start":{"line":26,"column":76},"end":{"line":26,"column":77}},"loc":{"start":{"line":26,"column":95},"end":{"line":26,"column":121}},"line":26},"6":{"name":"shallowCompare","decl":{"start":{"line":35,"column":9},"end":{"line":35,"column":23}},"loc":{"start":{"line":35,"column":30},"end":{"line":48,"column":1}},"line":35},"7":{"name":"(anonymous_7)","decl":{"start":{"line":51,"column":1},"end":{"line":51,"column":2}},"loc":{"start":{"line":51,"column":21},"end":{"line":69,"column":1}},"line":51},"8":{"name":"isBinaryFileType","decl":{"start":{"line":70,"column":9},"end":{"line":70,"column":25}},"loc":{"start":{"line":70,"column":32},"end":{"line":77,"column":1}},"line":70},"9":{"name":"languageForFileType","decl":{"start":{"line":79,"column":9},"end":{"line":79,"column":28}},"loc":{"start":{"line":79,"column":35},"end":{"line":120,"column":1}},"line":79},"10":{"name":"nameForFileType","decl":{"start":{"line":122,"column":9},"end":{"line":122,"column":24}},"loc":{"start":{"line":122,"column":31},"end":{"line":163,"column":1}},"line":122},"11":{"name":"extensionForFileType","decl":{"start":{"line":165,"column":9},"end":{"line":165,"column":29}},"loc":{"start":{"line":165,"column":36},"end":{"line":206,"column":1}},"line":165},"12":{"name":"fileTypeFromFileName","decl":{"start":{"line":208,"column":9},"end":{"line":208,"column":29}},"loc":{"start":{"line":208,"column":36},"end":{"line":210,"column":1}},"line":208},"13":{"name":"fileTypeForExtension","decl":{"start":{"line":212,"column":9},"end":{"line":212,"column":29}},"loc":{"start":{"line":212,"column":41},"end":{"line":253,"column":1}},"line":212},"14":{"name":"mimeTypeForFileType","decl":{"start":{"line":255,"column":9},"end":{"line":255,"column":28}},"loc":{"start":{"line":255,"column":35},"end":{"line":275,"column":1}},"line":255},"15":{"name":"fileTypeForMimeType","decl":{"start":{"line":277,"column":9},"end":{"line":277,"column":28}},"loc":{"start":{"line":277,"column":35},"end":{"line":294,"column":1}},"line":277},"16":{"name":"getIconForFileType","decl":{"start":{"line":296,"column":9},"end":{"line":296,"column":27}},"loc":{"start":{"line":296,"column":38},"end":{"line":334,"column":1}},"line":296},"17":{"name":"(anonymous_17)","decl":{"start":{"line":337,"column":4},"end":{"line":337,"column":5}},"loc":{"start":{"line":337,"column":22},"end":{"line":340,"column":5}},"line":337},"18":{"name":"(anonymous_18)","decl":{"start":{"line":341,"column":4},"end":{"line":341,"column":5}},"loc":{"start":{"line":341,"column":23},"end":{"line":346,"column":5}},"line":341},"19":{"name":"(anonymous_19)","decl":{"start":{"line":347,"column":4},"end":{"line":347,"column":5}},"loc":{"start":{"line":347,"column":25},"end":{"line":353,"column":5}},"line":347},"20":{"name":"(anonymous_20)","decl":{"start":{"line":354,"column":4},"end":{"line":354,"column":5}},"loc":{"start":{"line":354,"column":21},"end":{"line":359,"column":5}},"line":354},"21":{"name":"(anonymous_21)","decl":{"start":{"line":356,"column":31},"end":{"line":356,"column":32}},"loc":{"start":{"line":356,"column":43},"end":{"line":358,"column":9}},"line":356},"22":{"name":"monacoSeverityToString","decl":{"start":{"line":362,"column":9},"end":{"line":362,"column":31}},"loc":{"start":{"line":362,"column":42},"end":{"line":369,"column":1}},"line":362},"23":{"name":"getNextKey","decl":{"start":{"line":371,"column":9},"end":{"line":371,"column":19}},"loc":{"start":{"line":371,"column":22},"end":{"line":373,"column":1}},"line":371},"24":{"name":"(anonymous_24)","decl":{"start":{"line":375,"column":4},"end":{"line":375,"column":5}},"loc":{"start":{"line":375,"column":53},"end":{"line":381,"column":5}},"line":375},"25":{"name":"(anonymous_25)","decl":{"start":{"line":382,"column":4},"end":{"line":382,"column":5}},"loc":{"start":{"line":382,"column":36},"end":{"line":384,"column":5}},"line":382},"26":{"name":"(anonymous_26)","decl":{"start":{"line":388,"column":4},"end":{"line":388,"column":5}},"loc":{"start":{"line":388,"column":28},"end":{"line":431,"column":5}},"line":388},"27":{"name":"(anonymous_27)","decl":{"start":{"line":417,"column":39},"end":{"line":417,"column":40}},"loc":{"start":{"line":417,"column":46},"end":{"line":429,"column":9}},"line":417},"28":{"name":"(anonymous_28)","decl":{"start":{"line":432,"column":4},"end":{"line":432,"column":5}},"loc":{"start":{"line":432,"column":51},"end":{"line":438,"column":5}},"line":432},"29":{"name":"(anonymous_29)","decl":{"start":{"line":439,"column":4},"end":{"line":439,"column":5}},"loc":{"start":{"line":439,"column":28},"end":{"line":445,"column":5}},"line":439},"30":{"name":"(anonymous_30)","decl":{"start":{"line":446,"column":4},"end":{"line":446,"column":5}},"loc":{"start":{"line":446,"column":26},"end":{"line":452,"column":5}},"line":446},"31":{"name":"(anonymous_31)","decl":{"start":{"line":453,"column":4},"end":{"line":453,"column":5}},"loc":{"start":{"line":453,"column":27},"end":{"line":459,"column":5}},"line":453},"32":{"name":"(anonymous_32)","decl":{"start":{"line":460,"column":4},"end":{"line":460,"column":5}},"loc":{"start":{"line":460,"column":17},"end":{"line":465,"column":5}},"line":460},"33":{"name":"(anonymous_33)","decl":{"start":{"line":466,"column":4},"end":{"line":466,"column":5}},"loc":{"start":{"line":466,"column":25},"end":{"line":484,"column":5}},"line":466},"34":{"name":"(anonymous_34)","decl":{"start":{"line":467,"column":47},"end":{"line":467,"column":48}},"loc":{"start":{"line":467,"column":60},"end":{"line":483,"column":9}},"line":467},"35":{"name":"(anonymous_35)","decl":{"start":{"line":485,"column":4},"end":{"line":485,"column":5}},"loc":{"start":{"line":485,"column":26},"end":{"line":492,"column":5}},"line":485},"36":{"name":"(anonymous_36)","decl":{"start":{"line":493,"column":4},"end":{"line":493,"column":5}},"loc":{"start":{"line":493,"column":20},"end":{"line":503,"column":5}},"line":493},"37":{"name":"(anonymous_37)","decl":{"start":{"line":494,"column":47},"end":{"line":494,"column":48}},"loc":{"start":{"line":494,"column":60},"end":{"line":502,"column":9}},"line":494},"38":{"name":"(anonymous_38)","decl":{"start":{"line":504,"column":4},"end":{"line":504,"column":5}},"loc":{"start":{"line":504,"column":26},"end":{"line":509,"column":5}},"line":504},"39":{"name":"(anonymous_39)","decl":{"start":{"line":510,"column":4},"end":{"line":510,"column":5}},"loc":{"start":{"line":510,"column":14},"end":{"line":518,"column":5}},"line":510},"40":{"name":"(anonymous_40)","decl":{"start":{"line":519,"column":4},"end":{"line":519,"column":5}},"loc":{"start":{"line":519,"column":17},"end":{"line":530,"column":5}},"line":519},"41":{"name":"(anonymous_41)","decl":{"start":{"line":531,"column":4},"end":{"line":531,"column":5}},"loc":{"start":{"line":531,"column":15},"end":{"line":539,"column":5}},"line":531},"42":{"name":"(anonymous_42)","decl":{"start":{"line":543,"column":4},"end":{"line":543,"column":5}},"loc":{"start":{"line":543,"column":25},"end":{"line":552,"column":5}},"line":543},"43":{"name":"(anonymous_43)","decl":{"start":{"line":553,"column":4},"end":{"line":553,"column":5}},"loc":{"start":{"line":553,"column":17},"end":{"line":576,"column":5}},"line":553},"44":{"name":"(anonymous_44)","decl":{"start":{"line":554,"column":47},"end":{"line":554,"column":48}},"loc":{"start":{"line":554,"column":60},"end":{"line":575,"column":9}},"line":554},"45":{"name":"(anonymous_45)","decl":{"start":{"line":577,"column":4},"end":{"line":577,"column":5}},"loc":{"start":{"line":577,"column":15},"end":{"line":579,"column":5}},"line":577},"46":{"name":"(anonymous_46)","decl":{"start":{"line":580,"column":4},"end":{"line":580,"column":5}},"loc":{"start":{"line":580,"column":28},"end":{"line":589,"column":5}},"line":580},"47":{"name":"(anonymous_47)","decl":{"start":{"line":593,"column":4},"end":{"line":593,"column":5}},"loc":{"start":{"line":593,"column":22},"end":{"line":598,"column":5}},"line":593},"48":{"name":"(anonymous_48)","decl":{"start":{"line":599,"column":4},"end":{"line":599,"column":5}},"loc":{"start":{"line":599,"column":34},"end":{"line":605,"column":5}},"line":599},"49":{"name":"(anonymous_49)","decl":{"start":{"line":606,"column":4},"end":{"line":606,"column":5}},"loc":{"start":{"line":606,"column":68},"end":{"line":623,"column":5}},"line":606},"50":{"name":"(anonymous_50)","decl":{"start":{"line":608,"column":34},"end":{"line":608,"column":35}},"loc":{"start":{"line":608,"column":44},"end":{"line":618,"column":13}},"line":608},"51":{"name":"(anonymous_51)","decl":{"start":{"line":624,"column":4},"end":{"line":624,"column":5}},"loc":{"start":{"line":624,"column":51},"end":{"line":631,"column":5}},"line":624},"52":{"name":"(anonymous_52)","decl":{"start":{"line":625,"column":36},"end":{"line":625,"column":37}},"loc":{"start":{"line":625,"column":46},"end":{"line":630,"column":9}},"line":625},"53":{"name":"(anonymous_53)","decl":{"start":{"line":632,"column":4},"end":{"line":632,"column":5}},"loc":{"start":{"line":632,"column":18},"end":{"line":638,"column":5}},"line":632},"54":{"name":"(anonymous_54)","decl":{"start":{"line":639,"column":4},"end":{"line":639,"column":5}},"loc":{"start":{"line":639,"column":21},"end":{"line":646,"column":5}},"line":639},"55":{"name":"(anonymous_55)","decl":{"start":{"line":647,"column":4},"end":{"line":647,"column":5}},"loc":{"start":{"line":647,"column":23},"end":{"line":666,"column":5}},"line":647},"56":{"name":"(anonymous_56)","decl":{"start":{"line":667,"column":4},"end":{"line":667,"column":5}},"loc":{"start":{"line":667,"column":45},"end":{"line":686,"column":5}},"line":667},"57":{"name":"(anonymous_57)","decl":{"start":{"line":687,"column":4},"end":{"line":687,"column":5}},"loc":{"start":{"line":687,"column":28},"end":{"line":691,"column":5}},"line":687},"58":{"name":"(anonymous_58)","decl":{"start":{"line":688,"column":34},"end":{"line":688,"column":35}},"loc":{"start":{"line":688,"column":44},"end":{"line":690,"column":9}},"line":688},"59":{"name":"(anonymous_59)","decl":{"start":{"line":692,"column":4},"end":{"line":692,"column":5}},"loc":{"start":{"line":692,"column":18},"end":{"line":706,"column":5}},"line":692},"60":{"name":"(anonymous_60)","decl":{"start":{"line":707,"column":4},"end":{"line":707,"column":5}},"loc":{"start":{"line":707,"column":11},"end":{"line":725,"column":5}},"line":707},"61":{"name":"recurse","decl":{"start":{"line":709,"column":17},"end":{"line":709,"column":24}},"loc":{"start":{"line":709,"column":36},"end":{"line":722,"column":9}},"line":709},"62":{"name":"(anonymous_62)","decl":{"start":{"line":713,"column":26},"end":{"line":713,"column":27}},"loc":{"start":{"line":713,"column":34},"end":{"line":721,"column":13}},"line":713},"63":{"name":"(anonymous_63)","decl":{"start":{"line":726,"column":4},"end":{"line":726,"column":5}},"loc":{"start":{"line":726,"column":18},"end":{"line":729,"column":5}},"line":726},"64":{"name":"(anonymous_64)","decl":{"start":{"line":728,"column":34},"end":{"line":728,"column":35}},"loc":{"start":{"line":728,"column":42},"end":{"line":728,"column":56}},"line":728},"65":{"name":"(anonymous_65)","decl":{"start":{"line":730,"column":4},"end":{"line":730,"column":5}},"loc":{"start":{"line":730,"column":23},"end":{"line":732,"column":5}},"line":730},"66":{"name":"(anonymous_66)","decl":{"start":{"line":731,"column":38},"end":{"line":731,"column":39}},"loc":{"start":{"line":731,"column":46},"end":{"line":731,"column":64}},"line":731},"67":{"name":"(anonymous_67)","decl":{"start":{"line":736,"column":4},"end":{"line":736,"column":5}},"loc":{"start":{"line":736,"column":18},"end":{"line":742,"column":5}},"line":736},"68":{"name":"(anonymous_68)","decl":{"start":{"line":743,"column":4},"end":{"line":743,"column":5}},"loc":{"start":{"line":743,"column":16},"end":{"line":745,"column":5}},"line":743},"69":{"name":"(anonymous_69)","decl":{"start":{"line":746,"column":4},"end":{"line":746,"column":5}},"loc":{"start":{"line":746,"column":16},"end":{"line":751,"column":5}},"line":746},"70":{"name":"(anonymous_70)","decl":{"start":{"line":752,"column":4},"end":{"line":752,"column":5}},"loc":{"start":{"line":752,"column":23},"end":{"line":755,"column":5}},"line":752},"71":{"name":"(anonymous_71)","decl":{"start":{"line":756,"column":4},"end":{"line":756,"column":5}},"loc":{"start":{"line":756,"column":16},"end":{"line":760,"column":5}},"line":756},"72":{"name":"(anonymous_72)","decl":{"start":{"line":765,"column":4},"end":{"line":765,"column":5}},"loc":{"start":{"line":765,"column":21},"end":{"line":767,"column":5}},"line":765},"73":{"name":"(anonymous_73)","decl":{"start":{"line":768,"column":4},"end":{"line":768,"column":5}},"loc":{"start":{"line":768,"column":15},"end":{"line":770,"column":5}},"line":768},"74":{"name":"(anonymous_74)","decl":{"start":{"line":771,"column":4},"end":{"line":771,"column":5}},"loc":{"start":{"line":771,"column":23},"end":{"line":778,"column":5}},"line":771}},"branchMap":{"0":{"loc":{"start":{"line":22,"column":16},"end":{"line":29,"column":1}},"type":"binary-expr","locations":[{"start":{"line":22,"column":17},"end":{"line":22,"column":21}},{"start":{"line":22,"column":25},"end":{"line":22,"column":39}},{"start":{"line":22,"column":44},"end":{"line":29,"column":1}}],"line":22},"1":{"loc":{"start":{"line":23,"column":16},"end":{"line":23,"column":34}},"type":"binary-expr","locations":[{"start":{"line":23,"column":16},"end":{"line":23,"column":17}},{"start":{"line":23,"column":22},"end":{"line":23,"column":33}}],"line":23},"2":{"loc":{"start":{"line":26,"column":32},"end":{"line":26,"column":148}},"type":"cond-expr","locations":[{"start":{"line":26,"column":46},"end":{"line":26,"column":67}},{"start":{"line":26,"column":70},"end":{"line":26,"column":148}}],"line":26},"3":{"loc":{"start":{"line":27,"column":51},"end":{"line":27,"column":67}},"type":"binary-expr","locations":[{"start":{"line":27,"column":51},"end":{"line":27,"column":61}},{"start":{"line":27,"column":65},"end":{"line":27,"column":67}}],"line":27},"4":{"loc":{"start":{"line":36,"column":4},"end":{"line":38,"column":5}},"type":"if","locations":[{"start":{"line":36,"column":4},"end":{"line":38,"column":5}},{"start":{"line":36,"column":4},"end":{"line":38,"column":5}}],"line":36},"5":{"loc":{"start":{"line":39,"column":4},"end":{"line":41,"column":5}},"type":"if","locations":[{"start":{"line":39,"column":4},"end":{"line":41,"column":5}},{"start":{"line":39,"column":4},"end":{"line":41,"column":5}}],"line":39},"6":{"loc":{"start":{"line":43,"column":8},"end":{"line":45,"column":9}},"type":"if","locations":[{"start":{"line":43,"column":8},"end":{"line":45,"column":9}},{"start":{"line":43,"column":8},"end":{"line":45,"column":9}}],"line":43},"7":{"loc":{"start":{"line":69,"column":14},"end":{"line":69,"column":57}},"type":"binary-expr","locations":[{"start":{"line":69,"column":14},"end":{"line":69,"column":30}},{"start":{"line":69,"column":35},"end":{"line":69,"column":56}}],"line":69},"8":{"loc":{"start":{"line":71,"column":4},"end":{"line":76,"column":5}},"type":"switch","locations":[{"start":{"line":72,"column":8},"end":{"line":73,"column":24}},{"start":{"line":74,"column":8},"end":{"line":75,"column":25}}],"line":71},"9":{"loc":{"start":{"line":80,"column":4},"end":{"line":118,"column":5}},"type":"if","locations":[{"start":{"line":80,"column":4},"end":{"line":118,"column":5}},{"start":{"line":80,"column":4},"end":{"line":118,"column":5}}],"line":80},"10":{"loc":{"start":{"line":83,"column":9},"end":{"line":118,"column":5}},"type":"if","locations":[{"start":{"line":83,"column":9},"end":{"line":118,"column":5}},{"start":{"line":83,"column":9},"end":{"line":118,"column":5}}],"line":83},"11":{"loc":{"start":{"line":86,"column":9},"end":{"line":118,"column":5}},"type":"if","locations":[{"start":{"line":86,"column":9},"end":{"line":118,"column":5}},{"start":{"line":86,"column":9},"end":{"line":118,"column":5}}],"line":86},"12":{"loc":{"start":{"line":89,"column":9},"end":{"line":118,"column":5}},"type":"if","locations":[{"start":{"line":89,"column":9},"end":{"line":118,"column":5}},{"start":{"line":89,"column":9},"end":{"line":118,"column":5}}],"line":89},"13":{"loc":{"start":{"line":92,"column":9},"end":{"line":118,"column":5}},"type":"if","locations":[{"start":{"line":92,"column":9},"end":{"line":118,"column":5}},{"start":{"line":92,"column":9},"end":{"line":118,"column":5}}],"line":92},"14":{"loc":{"start":{"line":92,"column":13},"end":{"line":92,"column":57}},"type":"binary-expr","locations":[{"start":{"line":92,"column":13},"end":{"line":92,"column":32}},{"start":{"line":92,"column":36},"end":{"line":92,"column":57}}],"line":92},"15":{"loc":{"start":{"line":95,"column":9},"end":{"line":118,"column":5}},"type":"if","locations":[{"start":{"line":95,"column":9},"end":{"line":118,"column":5}},{"start":{"line":95,"column":9},"end":{"line":118,"column":5}}],"line":95},"16":{"loc":{"start":{"line":98,"column":9},"end":{"line":118,"column":5}},"type":"if","locations":[{"start":{"line":98,"column":9},"end":{"line":118,"column":5}},{"start":{"line":98,"column":9},"end":{"line":118,"column":5}}],"line":98},"17":{"loc":{"start":{"line":98,"column":13},"end":{"line":98,"column":60}},"type":"binary-expr","locations":[{"sta
[...]
":{"line":25,"column":88},"end":{"line":25,"column":98}},"8":{"start":{"line":26,"column":32},"end":{"line":26,"column":149}},"9":{"start":{"line":26,"column":97},"end":{"line":26,"column":119}},"10":{"start":{"line":27,"column":8},"end":{"line":27,"column":78}},"11":{"start":{"line":30,"column":0},"end":{"line":30,"column":62}},"12":{"start":{"line":31,"column":16},"end":{"line":31,"column":35}},"13":{"start":{"line":32,"column":16},"end":{"line":32,"column":35}},"14":{"start":{"line":33,"column":18},"end":{"line":33,"column":39}},"15":{"start":{"line":34,"column":14},"end":{"line":34,"column":31}},"16":{"start":{"line":36,"column":0},"end":{"line":40,"column":83}},"17":{"start":{"line":37,"column":4},"end":{"line":37,"column":66}},"18":{"start":{"line":38,"column":4},"end":{"line":38,"column":58}},"19":{"start":{"line":39,"column":4},"end":{"line":39,"column":62}},"20":{"start":{"line":42,"column":22},"end":{"line":42,"column":41}},"21":{"start":{"line":43,"column":24},"end":{"line":43,"column":45}},"22":{"start":{"line":44,"column":15},"end":{"line":44,"column":57}},"23":{"start":{"line":45,"column":4},"end":{"line":45,"column":41}},"24":{"start":{"line":52,"column":8},"end":{"line":57,"column":9}},"25":{"start":{"line":53,"column":12},"end":{"line":55,"column":13}},"26":{"start":{"line":54,"column":16},"end":{"line":54,"column":37}},"27":{"start":{"line":56,"column":12},"end":{"line":56,"column":40}},"28":{"start":{"line":58,"column":8},"end":{"line":58,"column":45}},"29":{"start":{"line":60,"column":4},"end":{"line":62,"column":7}},"30":{"start":{"line":65,"column":30},"end":{"line":66,"column":65}},"31":{"start":{"line":68,"column":29},"end":{"line":69,"column":28}},"32":{"start":{"line":70,"column":19},"end":{"line":70,"column":42}},"33":{"start":{"line":72,"column":4},"end":{"line":73,"column":42}},"34":{"start":{"line":76,"column":4},"end":{"line":92,"column":7}},"35":{"start":{"line":77,"column":20},"end":{"line":80,"column":15}},"36":{"start":{"line":81,"column":23},"end":{"line":81,"column":55}},"37":{"start":{"line":83,"column":8},"end":{"line":83,"column":42}},"38":{"start":{"line":84,"column":8},"end":{"line":84,"column":43}},"39":{"start":{"line":85,"column":8},"end":{"line":85,"column":96}},"40":{"start":{"line":86,"column":26},"end":{"line":86,"column":72}},"41":{"start":{"line":87,"column":8},"end":{"line":87,"column":35}},"42":{"start":{"line":88,"column":8},"end":{"line":88,"column":38}},"43":{"start":{"line":89,"column":8},"end":{"line":91,"column":11}},"44":{"start":{"line":90,"column":12},"end":{"line":90,"column":45}},"45":{"start":{"line":94,"column":20},"end":{"line":94,"column":33}},"46":{"start":{"line":95,"column":0},"end":{"line":120,"column":3}},"47":{"start":{"line":96,"column":4},"end":{"line":98,"column":5}},"48":{"start":{"line":97,"column":8},"end":{"line":97,"column":15}},"49":{"start":{"line":99,"column":26},"end":{"line":99,"column":34}},"50":{"start":{"line":100,"column":19},"end":{"line":100,"column":45}},"51":{"start":{"line":101,"column":4},"end":{"line":101,"column":43}},"52":{"start":{"line":102,"column":26},"end":{"line":102,"column":38}},"53":{"start":{"line":103,"column":4},"end":{"line":119,"column":6}},"54":{"start":{"line":104,"column":19},"end":{"line":104,"column":23}},"55":{"start":{"line":105,"column":8},"end":{"line":108,"column":9}},"56":{"start":{"line":106,"column":24},"end":{"line":106,"column":75}},"57":{"start":{"line":107,"column":12},"end":{"line":107,"column":77}},"58":{"start":{"line":109,"column":8},"end":{"line":117,"column":9}},"59":{"start":{"line":110,"column":12},"end":{"line":116,"column":16}},"60":{"start":{"line":118,"column":8},"end":{"line":118,"column":42}},"61":{"start":{"line":121,"column":24},"end":{"line":121,"column":28}},"62":{"start":{"line":123,"column":4},"end":{"line":123,"column":29}},"63":{"start":{"line":124,"column":22},"end":{"line":124,"column":68}},"64":{"start":{"line":125,"column":4},"end":{"line":125,"column":31}},"65":{"start":{"line":128,"column":4},"end":{"line":128,"column":29}},"66":{"start":{"line":130,"column":0},"end":{"line":130,"column":52}},"67":{"start":{"line":132,"column":4},"end":{"line":174,"column":7}},"68":{"start":{"line":133,"column":36},"end":{"line":133,"column":63}},"69":{"start":{"line":134,"column":8},"end":{"line":137,"column":10}},"70":{"start":{"line":139,"column":21},"end":{"line":139,"column":40}},"71":{"start":{"line":140,"column":8},"end":{"line":161,"column":13}},"72":{"start":{"line":162,"column":8},"end":{"line":172,"column":9}},"73":{"start":{"line":163,"column":12},"end":{"line":168,"column":13}},"74":{"start":{"line":164,"column":16},"end":{"line":164,"column":37}},"75":{"start":{"line":167,"column":16},"end":{"line":167,"column":42}},"76":{"start":{"line":170,"column":13},"end":{"line":172,"column":9}},"77":{"start":{"line":171,"column":12},"end":{"line":171,"column":60}},"78":{"start":{"line":173,"column":8},"end":{"line":173,"column":42}},"79":{"start":{"line":176,"column":0},"end":{"line":176,"column":26}}},"fnMap":{"0":{"name":"(anonymous_0)","decl":{"start":{"line":22,"column":44},"end":{"line":22,"column":45}},"loc":{"start":{"line":22,"column":89},"end":{"line":29,"column":1}},"line":22},"1":{"name":"(anonymous_1)","decl":{"start":{"line":23,"column":36},"end":{"line":23,"column":37}},"loc":{"start":{"line":23,"column":63},"end":{"line":28,"column":5}},"line":23},"2":{"name":"fulfilled","decl":{"start":{"line":24,"column":17},"end":{"line":24,"column":26}},"loc":{"start":{"line":24,"column":34},"end":{"line":24,"column":99}},"line":24},"3":{"name":"rejected","decl":{"start":{"line":25,"column":17},"end":{"line":25,"column":25}},"loc":{"start":{"line":25,"column":33},"end":{"line":25,"column":102}},"line":25},"4":{"name":"step","decl":{"start":{"line":26,"column":17},"end":{"line":26,"column":21}},"loc":{"start":{"line":26,"column":30},"end":{"line":26,"column":151}},"line":26},"5":{"name":"(anonymous_5)","decl":{"start":{"line":26,"column":76},"end":{"line":26,"column":77}},"loc":{"start":{"line":26,"column":95},"end":{"line":26,"column":121}},"line":26},"6":{"name":"(anonymous_6)","decl":{"start":{"line":36,"column":1},"end":{"line":36,"column":2}},"loc":{"start":{"line":36,"column":29},"end":{"line":40,"column":1}},"line":36},"7":{"name":"unsafeEval","decl":{"start":{"line":41,"column":9},"end":{"line":41,"column":19}},"loc":{"start":{"line":41,"column":34},"end":{"line":46,"column":1}},"line":41},"8":{"name":"contextify","decl":{"start":{"line":47,"column":9},"end":{"line":47,"column":19}},"loc":{"start":{"line":47,"column":95},"end":{"line":74,"column":1}},"line":47},"9":{"name":"require","decl":{"start":{"line":51,"column":13},"end":{"line":51,"column":20}},"loc":{"start":{"line":51,"column":36},"end":{"line":59,"column":5}},"line":51},"10":{"name":"createSandboxIFrame","decl":{"start":{"line":75,"column":9},"end":{"line":75,"column":28}},"loc":{"start":{"line":75,"column":31},"end":{"line":93,"column":1}},"line":75},"11":{"name":"(anonymous_11)","decl":{"start":{"line":76,"column":43},"end":{"line":76,"column":44}},"loc":{"start":{"line":76,"column":56},"end":{"line":92,"column":5}},"line":76},"12":{"name":"(anonymous_12)","decl":{"start":{"line":89,"column":27},"end":{"line":89,"column":28}},"loc":{"start":{"line":89,"column":40},"end":{"line":91,"column":9}},"line":89},"13":{"name":"(anonymous_13)","decl":{"start":{"line":95,"column":35},"end":{"line":95,"column":36}},"loc":{"start":{"line":95,"column":42},"end":{"line":120,"column":1}},"line":95},"14":{"name":"(anonymous_14)","decl":{"start":{"line":103,"column":26},"end":{"line":103,"column":27}},"loc":{"start":{"line":103,"column":43},"end":{"line":119,"column":5}},"line":103},"15":{"name":"clearCurrentRunnerInfoAndIframe","decl":{"start":{"line":122,"column":9},"end":{"line":122,"column":40}},"loc":{"start":{"line":122,"column":43},"end":{"line":126,"column":1}},"line":122},"16":{"name":"getCurrentRunnerInfo","decl":{"start":{"line":127,"column":9},"end":{"line":127,"column":29}},"loc":{"start":{"line":127,"column":32},"end":{"line":129,"column":1}},"line":127},"17":{"name":"runTask","decl":{"start":{"line":131,"column":9},"end":{"line":131,"column":16}},"loc":{"start":{"line":131,"column":65},"end":{"line":175,"column":1}},"line":131},"18":{"name":"(anonymous_18)","decl":{"start":{"line":132,"column":43},"end":{"line":132,"column":44}},"loc":{"start":{"line":132,"column":56},"end":{"line":174,"column":5}},"line":132}},"branchMap":{"0":{"loc":{"start":{"line":22,"column":16},"end":{"line":29,"column":1}},"type":"binary-expr","locations":[{"start":{"line":22,"column":17},"end":{"line":22,"column":21}},{"start":{"line":22,"column":25},"end":{"line":22,"column":39}},{"start":{"line":22,"column":44},"end":{"line":29,"column":1}}],"line":22},"1":{"loc":{"start":{"line":23,"column":16},"end":{"line":23,"column":34}},"type":"binary-expr","locations":[{"start":{"line":23,"column":16},"end":{"line":23,"column":17}},{"start":{"line":23,"column":22},"end":{"line":23,"column":33}}],"line":23},"2":{"loc":{"start":{"line":26,"column":32},"end":{"line":26,"column":148}},"type":"cond-expr","locations":[{"start":{"line":26,"column":46},"end":{"line":26,"column":67}},{"start":{"line":26,"column":70},"end":{"line":26,"column":148}}],"line":26},"3":{"loc":{"start":{"line":27,"column":51},"end":{"line":27,"column":67}},"type":"binary-expr","locations":[{"start":{"line":27,"column":51},"end":{"line":27,"column":61}},{"start":{"line":27,"column":65},"end":{"line":27,"column":67}}],"line":27},"4":{"loc":{"start":{"line":40,"column":22},"end":{"line":40,"column":81}},"type":"binary-expr","locations":[{"start":{"line":40,"column":22},"end":{"line":40,"column":46}},{"start":{"line":40,"column":51},"end":{"line":40,"column":80}}],"line":40},"5":{"loc":{"start":{"line":47,"column":25},"end":{"line":47,"column":47}},"type":"default-arg","locations":[{"start":{"line":47,"column":41},"end":{"line":47,"column":47}}],"line":47},"6":{"loc":{"start":{"line":47,"column":49},"end":{"line":47,"column":65}},"type":"default-arg","locations":[{"start":{"line":47,"column":59},"end":{"line":47,"column":65}}],"line":47},"7":{"loc":{"start":{"line":47,"column":67},"end":{"line":47,"column":79}},"type":"default-arg","locations":[{"start":{"line":47,"column":77},"end":{"line":47,"column":79}}],"line":47},"8":{"loc":{"start":{"line":47,"column":81},"end":{"line":47,"column":93}},"type":"default-arg","locations":[{"start":{"line":47,"column":91},"end":{"line":47,"column":93}}],"line":47},"9":{"loc":{"start":{"line":52,"column":8},"end":{"line":57,"column":9}},"type":"if","locations":[{"start":{"line":52,"column":8},"end":{"line":57,"column":9}},{"start":{"line":52,"column":8},"end":{"line":57,"column":9}}],"line":52},"10":{"loc":{"start":{"line":53,"column":12},"end":{"line":55,"column":13}},"type":"if","locations":[{"start":{"line":53,"column":12},"end":{"line":55,"column":13}},{"start":{"line":53,"column":12},"end":{"line":55,"column":13}}],"line":53},"11":{"loc":{"start":{"line":70,"column":19},"end":{"line":70,"column":42}},"type":"binary-expr","locations":[{"start":{"line":70,"column":19},"end":{"line":70,"column":32}},{"start":{"line":70,"column":36},"end":{"line":70,"column":42}}],"line":70},"12":{"loc":{"start":{"line":96,"column":4},"end":{"line":98,"column":5}},"type":"if","locations":[{"start":{"line":96,"column":4},"end":{"line":98,"column":5}},{"start":{"line":96,"column":4},"end":{"line":98,"column":5}}],"line":96},"13":{"loc":{"start":{"line":96,"column":8},"end":{"line":96,"column":91}},"type":"binary-expr","locations":[{"start":{"line":96,"column":8},"end":{"line":96,"column":34}},{"start":{"line":96,"column":38},"end":{"line":96,"column":45}},{"start":{"line":96,"column":49},"end":{"line":96,"column":91}}],"line":96},"14":{"loc":{"start":{"line":105,"column":8},"end":{"line":108,"column":9}},"type":"if","locations":[{"start":{"line":105,"column":8},"end":{"line":108,"column":9}},{"start":{"line":105,"column":8},"end":{"line":108,"column":9}}],"line":105},"15":{"loc":{"start":{"line":105,"column":12},"end":{"line":105,"column":75}},"type":"binary-expr","locations":[{"start":{"line":105,"column":12},"end":{"line":105,"column":29}},{"start":{"line":105,"column":33},"end":{"line":105,"column":75}}],"line":105},"16":{"loc":{"start":{"line":109,"column":8},"end":{"line":117,"column":9}},"type":"if","locations":[{"start":{"line":109,"column":8},"end":{"line":117,"column":9}},{"start":{"line":109,"column":8},"end":{"line":117,"column":9}}],"line":109},"17":{"loc":{"start":{"line":149,"column":20},"end":{"line":149,"column":77}},"type":"cond-expr","locations":[{"start":{"line":149,"column":59},"end":{"line":149,"column":65}},{"start":{"line":149,"column":68},"end":{"line":149,"column":77}}],"line":149},"18":{"loc":{"start":{"line":158,"column":21},"end":{"line":158,"column":79}},"type":"cond-expr","locations":[{"start":{"line":158,"column":58},"end":{"line":158,"column":67}},{"start":{"line":158,"column":70},"end":{"line":158,"column":79}}],"line":158},"19":{"loc":{"start":{"line":159,"column":22},"end":{"line":159,"column":83}},"type":"cond-expr","locations":[{"start":{"line":159,"column":61},"end":{"line":159,"column":71}},{"start":{"line":159,"column":74},"end":{"line":159,"column":83}}],"line":159},"20":{"loc":{"start":{"line":162,"column":8},"end":{"line":172,"column":9}},"type":"if","locations":[{"start":{"line":162,"column":8},"end":{"line":172,"column":9}},{"start":{"line":162,"column":8},"end":{"line":172,"column":9}}],"line":162},"21":{"loc":{"start":{"line":170,"column":13},"end":{"line":172,"column":9}},"type":"if","locations":[{"start":{"line":170,"column":13},"end":{"line":172,"column":9}},{"start":{"line":170,"column":13},"end":{"line":172,"column":9}}],"line":170}},"s":{"0":12,"1":0,"2":0,"3":0,"4":0,"5":0,"6":0,"7":0,"8":0,"9":0,"10":0,"11":12,"12":12,"13":12,"14":12,"15":12,"16":12,"17":12,"18":12,"19":12,"20":0,"21":0,"22":0,"23":0,"24":0,"25":0,"26":0,"27":0,"28":0,"29":0,"30":0,"31":0,"32":0,"33":0,"34":0,"35":0,"36":0,"37":0,"38":0,"39":0,"40":0,"41":0,"42":0,"43":0,"44":0,"45":12,"46":12,"47":0,"48":0,"49":0,"50":0,"51":0,"52":0,"53":0,"54":0,"55":0,"56":0,"57":0,"58":0,"59":0,"60":0,"61":12,"62":0,"63":0,"64":0,"65":0,"66":12,"67":0,"68":0,"69":0,"70":0,"71":0,"72":0,"73":0,"74":0,"75":0,"76":0,"77":0,"78":0,"79":12},"f":{"0":0,"1":0,"2":0,"3":0,"4":0,"5":0,"6":12,"7":0,"8":0,"9":0,"10":0,"11":0,"12":0,"13":0,"14":0,"15":0,"16":0,"17":0,"18":0},"b":{"0":[12,12,12],"1":[0,0],"2":[0,0],"3":[0,0],"4":[12,12],"5":[0],"6":[0],"7":[0],"8":[0],"9":[0,0],"10":[0,0],"11":[0,0],"12":[0,0],"13":[0,0,0],"14":[0,0],"15":[0,0],"16":[0,0],"17":[0,0],"18":[0,0],"19":[0,0],"20":[0,0],"21":[0,0]},"_coverageSchema":"332fd63041d2c1bcb487cc26dd0d5f7d97098a6c","hash":"9ac2ce9641f94ad815816b798e3b05a0bd414157"}
,"/home/travis/build/wasdk/WebAssemblyStudio/src/utils/zlib.ts": {"path":"/home/travis/build/wasdk/WebAssemblyStudio/src/utils/zlib.ts","statementMap":{"0":{"start":{"line":22,"column":16},"end":{"line":29,"column":1}},"1":{"start":{"line":23,"column":4},"end":{"line":28,"column":7}},"2":{"start":{"line":24,"column":36},"end":{"line":24,"column":97}},"3":{"start":{"line":24,"column":42},"end":{"line":24,"column":70}},"4":{"start":{"line":24,"column":85},"end":{"line":24,"column":95}},"5":{"start":{"line":25,"column":35},"end":{"line":25,"column":100}},"6":{"start":{"line":25,"column":41},"end":{"line":25,"column":73}},"7":{"start":{"line":25,"column":88},"end":{"line":25,"column":98}},"8":{"start":{"line":26,"column":32},"end":{"line":26,"column":149}},"9":{"start":{"line":26,"column":97},"end":{"line":26,"column":119}},"10":{"start":{"line":27,"column":8},"end":{"line":27,"column":78}},"11":{"start":{"line":30,"column":0},"end":{"line":30,"column":62}},"12":{"start":{"line":32,"column":36},"end":{"line":32,"column":40}},"13":{"start":{"line":33,"column":4},"end":{"line":33,"column":101}},"14":{"start":{"line":35,"column":0},"end":{"line":35,"column":32}},"15":{"start":{"line":37,"column":4},"end":{"line":40,"column":7}},"16":{"start":{"line":38,"column":28},"end":{"line":38,"column":79}},"17":{"start":{"line":38,"column":63},"end":{"line":38,"column":78}},"18":{"start":{"line":39,"column":8},"end":{"line":39,"column":29}},"19":{"start":{"line":42,"column":0},"end":{"line":42,"column":40}}},"fnMap":{"0":{"name":"(anonymous_0)","decl":{"start":{"line":22,"column":44},"end":{"line":22,"column":45}},"loc":{"start":{"line":22,"column":89},"end":{"line":29,"column":1}},"line":22},"1":{"name":"(anonymous_1)","decl":{"start":{"line":23,"column":36},"end":{"line":23,"column":37}},"loc":{"start":{"line":23,"column":63},"end":{"line":28,"column":5}},"line":23},"2":{"name":"fulfilled","decl":{"start":{"line":24,"column":17},"end":{"line":24,"column":26}},"loc":{"start":{"line":24,"column":34},"end":{"line":24,"column":99}},"line":24},"3":{"name":"rejected","decl":{"start":{"line":25,"column":17},"end":{"line":25,"column":25}},"loc":{"start":{"line":25,"column":33},"end":{"line":25,"column":102}},"line":25},"4":{"name":"step","decl":{"start":{"line":26,"column":17},"end":{"line":26,"column":21}},"loc":{"start":{"line":26,"column":30},"end":{"line":26,"column":151}},"line":26},"5":{"name":"(anonymous_5)","decl":{"start":{"line":26,"column":76},"end":{"line":26,"column":77}},"loc":{"start":{"line":26,"column":95},"end":{"line":26,"column":121}},"line":26},"6":{"name":"isZlibData","decl":{"start":{"line":31,"column":9},"end":{"line":31,"column":19}},"loc":{"start":{"line":31,"column":26},"end":{"line":34,"column":1}},"line":31},"7":{"name":"decompressZlib","decl":{"start":{"line":36,"column":9},"end":{"line":36,"column":23}},"loc":{"start":{"line":36,"column":30},"end":{"line":41,"column":1}},"line":36},"8":{"name":"(anonymous_8)","decl":{"start":{"line":37,"column":43},"end":{"line":37,"column":44}},"loc":{"start":{"line":37,"column":56},"end":{"line":40,"column":5}},"line":37},"9":{"name":"(anonymous_9)","decl":{"start":{"line":38,"column":57},"end":{"line":38,"column":58}},"loc":{"start":{"line":38,"column":63},"end":{"line":38,"column":78}},"line":38}},"branchMap":{"0":{"loc":{"start":{"line":22,"column":16},"end":{"line":29,"column":1}},"type":"binary-expr","locations":[{"start":{"line":22,"column":17},"end":{"line":22,"column":21}},{"start":{"line":22,"column":25},"end":{"line":22,"column":39}},{"start":{"line":22,"column":44},"end":{"line":29,"column":1}}],"line":22},"1":{"loc":{"start":{"line":23,"column":16},"end":{"line":23,"column":34}},"type":"binary-expr","locations":[{"start":{"line":23,"column":16},"end":{"line":23,"column":17}},{"start":{"line":23,"column":22},"end":{"line":23,"column":33}}],"line":23},"2":{"loc":{"start":{"line":26,"column":32},"end":{"line":26,"column":148}},"type":"cond-expr","locations":[{"start":{"line":26,"column":46},"end":{"line":26,"column":67}},{"start":{"line":26,"column":70},"end":{"line":26,"column":148}}],"line":26},"3":{"loc":{"start":{"line":27,"column":51},"end":{"line":27,"column":67}},"type":"binary-expr","locations":[{"start":{"line":27,"column":51},"end":{"line":27,"column":61}},{"start":{"line":27,"column":65},"end":{"line":27,"column":67}}],"line":27},"4":{"loc":{"start":{"line":33,"column":11},"end":{"line":33,"column":100}},"type":"binary-expr","locations":[{"start":{"line":33,"column":11},"end":{"line":33,"column":29}},{"start":{"line":33,"column":34},"end":{"line":33,"column":53}},{"start":{"line":33,"column":57},"end":{"line":33,"column":76}},{"start":{"line":33,"column":80},"end":{"line":33,"column":99}}],"line":33}},"s":{"0":12,"1":0,"2":0,"3":0,"4":0,"5":0,"6":0,"7":0,"8":0,"9":0,"10":0,"11":12,"12":0,"13":0,"14":12,"15":0,"16":0,"17":0,"18":0,"19":12},"f":{"0":0,"1":0,"2":0,"3":0,"4":0,"5":0,"6":0,"7":0,"8":0,"9":0},"b":{"0":[12,12,12],"1":[0,0],"2":[0,0],"3":[0,0],"4":[0,0,0,0]},"_coverageSchema":"332fd63041d2c1bcb487cc26dd0d5f7d97098a6c","hash":"8ddbe7c5548a5156daa2ddbb6764731ecf17c730"}
}
