TN:
SF:/home/travis/build/wasdk/WebAssemblyStudio/src/arc.ts
FN:23,notifyAboutFork
FN:31,(anonymous_1)
FN:37,(anonymous_2)
FNF:3
FNH:0
FNDA:0,notifyAboutFork
FNDA:0,(anonymous_1)
FNDA:0,(anonymous_2)
DA:22,12
DA:24,0
DA:29,12
DA:32,0
DA:38,0
DA:39,0
DA:40,0
DA:41,0
DA:42,0
DA:43,0
DA:44,0
DA:45,0
DA:46,0
DA:47,0
DA:48,0
DA:49,0
DA:53,0
DA:56,12
LF:18
LH:3
BRF:0
BRH:0
end_of_record
TN:
SF:/home/travis/build/wasdk/WebAssemblyStudio/src/config.ts
FN:22,(anonymous_0)
FN:23,(anonymous_1)
FN:24,fulfilled
FN:25,rejected
FN:26,step
FN:26,(anonymous_5)
FN:33,getConfig
FN:34,(anonymous_7)
FN:36,(anonymous_8)
FNF:9
FNH:0
FNDA:0,(anonymous_0)
FNDA:0,(anonymous_1)
FNDA:0,fulfilled
FNDA:0,rejected
FNDA:0,step
FNDA:0,(anonymous_5)
FNDA:0,getConfig
FNDA:0,(anonymous_7)
FNDA:0,(anonymous_8)
DA:22,12
DA:23,0
DA:24,0
DA:25,0
DA:26,0
DA:27,0
DA:30,12
DA:31,12
DA:34,0
DA:35,0
DA:36,0
DA:38,0
DA:41,12
LF:13
LH:4
BRDA:22,0,0,12
BRDA:22,0,1,12
BRDA:22,0,2,12
BRDA:23,1,0,0
BRDA:23,1,1,0
BRDA:26,2,0,0
BRDA:26,2,1,0
BRDA:27,3,0,0
BRDA:27,3,1,0
BRDA:35,4,0,0
BRDA:35,4,1,0
BRF:11
BRH:3
end_of_record
TN:
SF:/home/travis/build/wasdk/WebAssemblyStudio/src/dispatcher.ts
FNF:0
FNH:0
DA:22,7
DA:23,7
DA:24,7
LF:3
LH:3
BRF:0
BRH:0
end_of_record
TN:
SF:/home/travis/build/wasdk/WebAssemblyStudio/src/errors.ts
FNF:0
FNH:0
DA:22,6
DA:23,6
LF:2
LH:2
BRF:0
BRH:0
end_of_record
TN:
SF:/home/travis/build/wasdk/WebAssemblyStudio/src/gulpy.ts
FN:22,(anonymous_0)
FN:23,(anonymous_1)
FN:24,fulfilled
FN:25,rejected
FN:26,step
FN:26,(anonymous_5)
FN:32,(anonymous_6)
FN:38,(anonymous_7)
FN:42,(anonymous_8)
FN:50,(anonymous_9)
FN:54,(anonymous_10)
FN:63,(anonymous_11)
FN:64,(anonymous_12)
FN:65,(anonymous_13)
FN:66,(anonymous_14)
FN:70,(anonymous_15)
FN:71,(anonymous_16)
FN:77,(anonymous_17)
FN:80,(anonymous_18)
FN:90,(anonymous_19)
FN:96,(anonymous_20)
FN:98,(anonymous_21)
FN:101,(anonymous_22)
FN:104,(anonymous_23)
FN:107,(anonymous_24)
FN:108,(anonymous_25)
FNF:26
FNH:21
FNDA:5,(anonymous_0)
FNDA:5,(anonymous_1)
FNDA:4,fulfilled
FNDA:0,rejected
FNDA:9,step
FNDA:4,(anonymous_5)
FNDA:3,(anonymous_6)
FNDA:3,(anonymous_7)
FNDA:3,(anonymous_8)
FNDA:1,(anonymous_9)
FNDA:3,(anonymous_10)
FNDA:3,(anonymous_11)
FNDA:3,(anonymous_12)
FNDA:2,(anonymous_13)
FNDA:2,(anonymous_14)
FNDA:1,(anonymous_15)
FNDA:1,(anonymous_16)
FNDA:1,(anonymous_17)
FNDA:3,(anonymous_18)
FNDA:0,(anonymous_19)
FNDA:2,(anonymous_20)
FNDA:0,(anonymous_21)
FNDA:0,(anonymous_22)
FNDA:0,(anonymous_23)
FNDA:1,(anonymous_24)
FNDA:1,(anonymous_25)
DA:22,13
DA:23,5
DA:24,4
DA:25,0
DA:26,9
DA:27,5
DA:30,13
DA:33,3
DA:34,3
DA:39,3
DA:40,3
DA:43,3
DA:44,0
DA:46,3
DA:51,1
DA:52,1
DA:55,3
DA:56,3
DA:57,0
DA:59,3
DA:60,3
DA:61,3
DA:64,3
DA:65,3
DA:66,3
DA:67,3
DA:71,1
DA:72,1
DA:78,1
DA:81,3
DA:82,3
DA:83,3
DA:84,2
DA:85,2
DA:87,1
DA:88,1
DA:89,0
DA:90,0
DA:93,1
DA:96,3
DA:99,0
DA:102,0
DA:105,0
DA:108,1
DA:109,1
DA:110,1
DA:114,13
LF:47
LH:39
BRDA:22,0,0,13
BRDA:22,0,1,13
BRDA:22,0,2,13
BRDA:23,1,0,5
BRDA:23,1,1,5
BRDA:26,2,0,5
BRDA:26,2,1,4
BRDA:27,3,0,5
BRDA:27,3,1,5
BRDA:43,4,0,0
BRDA:43,4,1,3
BRDA:56,5,0,0
BRDA:56,5,1,3
BRDA:83,6,0,2
BRDA:83,6,1,1
BRDA:87,7,0,1
BRDA:87,7,1,0
BRDA:88,8,0,0
BRDA:88,8,1,1
BRDA:90,9,0,0
BRDA:90,9,1,0
BRF:21
BRH:15
end_of_record
TN:
SF:/home/travis/build/wasdk/WebAssemblyStudio/src/index.tsx
FN:30,forEachUrlParameter
FN:34,(anonymous_1)
FN:45,getUrlParameters
FN:47,(anonymous_3)
FN:56,unloadPageHandler
FN:64,getEmbeddingParams
FN:89,(anonymous_6)
FNF:7
FNH:0
FNDA:0,forEachUrlParameter
FNDA:0,(anonymous_1)
FNDA:0,getUrlParameters
FNDA:0,(anonymous_3)
FNDA:0,unloadPageHandler
FNDA:0,getEmbeddingParams
FNDA:0,(anonymous_6)
DA:22,0
DA:23,0
DA:24,0
DA:25,0
DA:26,0
DA:27,0
DA:28,0
DA:29,0
DA:31,0
DA:32,0
DA:33,0
DA:34,0
DA:35,0
DA:36,0
DA:37,0
DA:40,0
DA:44,0
DA:46,0
DA:47,0
DA:48,0
DA:50,0
DA:52,0
DA:53,0
DA:57,0
DA:58,0
DA:59,0
DA:61,0
DA:63,0
DA:65,0
DA:67,0
DA:69,0
DA:70,0
DA:72,0
DA:73,0
DA:75,0
DA:76,0
DA:77,0
DA:79,0
DA:80,0
DA:85,0
DA:86,0
DA:87,0
DA:88,0
DA:89,0
DA:90,0
DA:91,0
DA:92,0
DA:95,0
LF:48
LH:0
BRDA:36,0,0,0
BRDA:36,0,1,0
BRDA:57,1,0,0
BRDA:57,1,1,0
BRDA:67,2,0,0
BRDA:67,2,1,0
BRDA:67,2,2,0
BRDA:75,3,0,0
BRDA:75,3,1,0
BRDA:76,4,0,0
BRDA:76,4,1,0
BRDA:79,5,0,0
BRDA:79,5,1,0
BRDA:86,6,0,0
BRDA:86,6,1,0
BRDA:87,7,0,0
BRDA:87,7,1,0
BRDA:91,8,0,0
BRDA:91,8,1,0
BRF:19
BRH:0
end_of_record
TN:
SF:/home/travis/build/wasdk/WebAssemblyStudio/src/message.ts
FN:24,(anonymous_0)
FNF:1
FNH:1
FNDA:12,(anonymous_0)
DA:22,12
DA:24,12
DA:25,12
DA:26,12
DA:27,12
DA:28,12
DA:29,12
DA:30,12
DA:31,12
DA:32,12
DA:33,12
LF:11
LH:11
BRDA:34,0,0,12
BRDA:34,0,1,12
BRF:2
BRH:2
end_of_record
TN:
SF:/home/travis/build/wasdk/WebAssemblyStudio/src/model.ts
FN:22,(anonymous_0)
FN:23,(anonymous_1)
FN:24,fulfilled
FN:25,rejected
FN:26,step
FN:26,(anonymous_5)
FN:35,shallowCompare
FN:51,(anonymous_7)
FN:70,isBinaryFileType
FN:79,languageForFileType
FN:122,nameForFileType
FN:165,extensionForFileType
FN:208,fileTypeFromFileName
FN:212,fileTypeForExtension
FN:255,mimeTypeForFileType
FN:277,fileTypeForMimeType
FN:296,getIconForFileType
FN:337,(anonymous_17)
FN:341,(anonymous_18)
FN:347,(anonymous_19)
FN:354,(anonymous_20)
FN:356,(anonymous_21)
FN:362,monacoSeverityToString
FN:371,getNextKey
FN:375,(anonymous_24)
FN:382,(anonymous_25)
FN:388,(anonymous_26)
FN:417,(anonymous_27)
FN:432,(anonymous_28)
FN:439,(anonymous_29)
FN:446,(anonymous_30)
FN:453,(anonymous_31)
FN:460,(anonymous_32)
FN:466,(anonymous_33)
FN:467,(anonymous_34)
FN:485,(anonymous_35)
FN:493,(anonymous_36)
FN:494,(anonymous_37)
FN:504,(anonymous_38)
FN:510,(anonymous_39)
FN:519,(anonymous_40)
FN:531,(anonymous_41)
FN:543,(anonymous_42)
FN:553,(anonymous_43)
FN:554,(anonymous_44)
FN:577,(anonymous_45)
FN:580,(anonymous_46)
FN:593,(anonymous_47)
FN:599,(anonymous_48)
FN:606,(anonymous_49)
FN:608,(anonymous_50)
FN:624,(anonymous_51)
FN:625,(anonymous_52)
FN:632,(anonymous_53)
FN:639,(anonymous_54)
FN:647,(anonymous_55)
FN:667,(anonymous_56)
FN:687,(anonymous_57)
FN:688,(anonymous_58)
FN:692,(anonymous_59)
FN:707,(anonymous_60)
FN:709,recurse
FN:713,(anonymous_62)
FN:726,(anonymous_63)
FN:728,(anonymous_64)
FN:730,(anonymous_65)
FN:731,(anonymous_66)
FN:736,(anonymous_67)
FN:743,(anonymous_68)
FN:746,(anonymous_69)
FN:752,(anonymous_70)
FN:756,(anonymous_71)
FN:765,(anonymous_72)
FN:768,(anonymous_73)
FN:771,(anonymous_74)
FNF:75
FNH:38
FNDA:2,(anonymous_0)
FNDA:2,(anonymous_1)
FNDA:0,fulfilled
FNDA:0,rejected
FNDA:2,step
FNDA:0,(anonymous_5)
FNDA:0,shallowCompare
FNDA:12,(anonymous_7)
FNDA:114,isBinaryFileType
FNDA:149,languageForFileType
FNDA:0,nameForFileType
FNDA:0,extensionForFileType
FNDA:0,fileTypeFromFileName
FNDA:0,fileTypeForExtension
FNDA:0,mimeTypeForFileType
FNDA:0,fileTypeForMimeType
FNDA:42,getIconForFileType
FNDA:586,(anonymous_17)
FNDA:59,(anonymous_18)
FNDA:6,(anonymous_19)
FNDA:29,(anonymous_20)
FNDA:5,(anonymous_21)
FNDA:0,monacoSeverityToString
FNDA:114,getNextKey
FNDA:0,(anonymous_24)
FNDA:0,(anonymous_25)
FNDA:114,(anonymous_26)
FNDA:0,(anonymous_27)
FNDA:0,(anonymous_28)
FNDA:0,(anonymous_29)
FNDA:2,(anonymous_30)
FNDA:2,(anonymous_31)
FNDA:2,(anonymous_32)
FNDA:0,(anonymous_33)
FNDA:0,(anonymous_34)
FNDA:0,(anonymous_35)
FNDA:0,(anonymous_36)
FNDA:0,(anonymous_37)
FNDA:0,(anonymous_38)
FNDA:1,(anonymous_39)
FNDA:0,(anonymous_40)
FNDA:0,(anonymous_41)
FNDA:6,(anonymous_42)
FNDA:2,(anonymous_43)
FNDA:2,(anonymous_44)
FNDA:0,(anonymous_45)
FNDA:4,(anonymous_46)
FNDA:31,(anonymous_47)
FNDA:16,(anonymous_48)
FNDA:2,(anonymous_49)
FNDA:0,(anonymous_50)
FNDA:0,(anonymous_51)
FNDA:0,(anonymous_52)
FNDA:16,(anonymous_53)
FNDA:0,(anonymous_54)
FNDA:15,(anonymous_55)
FNDA:2,(anonymous_56)
FNDA:37,(anonymous_57)
FNDA:8,(anonymous_58)
FNDA:2,(anonymous_59)
FNDA:0,(anonymous_60)
FNDA:0,recurse
FNDA:0,(anonymous_62)
FNDA:0,(anonymous_63)
FNDA:0,(anonymous_64)
FNDA:0,(anonymous_65)
FNDA:0,(anonymous_66)
FNDA:6,(anonymous_67)
FNDA:6,(anonymous_68)
FNDA:3,(anonymous_69)
FNDA:1,(anonymous_70)
FNDA:0,(anonymous_71)
FNDA:13,(anonymous_72)
FNDA:11,(anonymous_73)
FNDA:14,(anonymous_74)
DA:22,12
DA:23,2
DA:24,0
DA:25,0
DA:26,2
DA:27,2
DA:30,12
DA:31,12
DA:32,12
DA:33,12
DA:34,12
DA:36,0
DA:37,0
DA:39,0
DA:40,0
DA:42,0
DA:43,0
DA:44,0
DA:47,0
DA:49,12
DA:51,12
DA:52,12
DA:53,12
DA:54,12
DA:55,12
DA:56,12
DA:57,12
DA:58,12
DA:59,12
DA:60,12
DA:61,12
DA:62,12
DA:63,12
DA:64,12
DA:65,12
DA:66,12
DA:67,12
DA:68,12
DA:71,114
DA:73,0
DA:75,114
DA:78,12
DA:80,149
DA:81,0
DA:83,149
DA:84,0
DA:86,149
DA:87,50
DA:89,99
DA:90,0
DA:92,99
DA:93,0
DA:95,99
DA:96,0
DA:98,99
DA:99,0
DA:101,99
DA:102,6
DA:104,93
DA:105,2
DA:107,91
DA:108,12
DA:110,79
DA:111,0
DA:113,79
DA:114,0
DA:116,79
DA:117,10
DA:119,69
DA:121,12
DA:123,0
DA:124,0
DA:126,0
DA:127,0
DA:129,0
DA:130,0
DA:132,0
DA:133,0
DA:135,0
DA:136,0
DA:138,0
DA:139,0
DA:141,0
DA:142,0
DA:144,0
DA:145,0
DA:147,0
DA:148,0
DA:150,0
DA:151,0
DA:153,0
DA:154,0
DA:156,0
DA:157,0
DA:159,0
DA:160,0
DA:162,0
DA:164,12
DA:166,0
DA:167,0
DA:169,0
DA:170,0
DA:172,0
DA:173,0
DA:175,0
DA:176,0
DA:178,0
DA:179,0
DA:181,0
DA:182,0
DA:184,0
DA:185,0
DA:187,0
DA:188,0
DA:190,0
DA:191,0
DA:193,0
DA:194,0
DA:196,0
DA:197,0
DA:199,0
DA:200,0
DA:202,0
DA:203,0
DA:205,0
DA:207,12
DA:209,0
DA:211,12
DA:213,0
DA:214,0
DA:216,0
DA:217,0
DA:219,0
DA:220,0
DA:222,0
DA:223,0
DA:225,0
DA:226,0
DA:228,0
DA:229,0
DA:231,0
DA:232,0
DA:234,0
DA:235,0
DA:237,0
DA:238,0
DA:240,0
DA:241,0
DA:243,0
DA:244,0
DA:246,0
DA:247,0
DA:249,0
DA:250,0
DA:252,0
DA:254,12
DA:256,0
DA:257,0
DA:259,0
DA:260,0
DA:262,0
DA:263,0
DA:265,0
DA:266,0
DA:268,0
DA:269,0
DA:271,0
DA:272,0
DA:274,0
DA:276,12
DA:278,0
DA:279,0
DA:281,0
DA:282,0
DA:284,0
DA:285,0
DA:287,0
DA:288,0
DA:290,0
DA:291,0
DA:293,0
DA:295,12
DA:297,42
DA:298,0
DA:300,42
DA:301,0
DA:303,42
DA:304,0
DA:306,42
DA:307,0
DA:309,42
DA:310,0
DA:312,42
DA:313,8
DA:315,34
DA:316,0
DA:318,34
DA:319,0
DA:321,34
DA:322,0
DA:324,34
DA:325,0
DA:327,34
DA:328,0
DA:330,34
DA:331,0
DA:333,34
DA:335,12
DA:338,586
DA:339,586
DA:342,59
DA:343,0
DA:345,59
DA:348,6
DA:349,6
DA:350,0
DA:352,6
DA:356,29
DA:357,5
DA:361,12
DA:363,0
DA:364,0
DA:365,0
DA:366,0
DA:367,0
DA:370,12
DA:372,114
DA:376,0
DA:377,0
DA:378,0
DA:379,0
DA:380,0
DA:383,0
DA:386,12
DA:392,114
DA:393,114
DA:398,114
DA:399,114
DA:400,114
DA:401,114
DA:402,114
DA:403,114
DA:404,114
DA:405,114
DA:406,114
DA:407,114
DA:408,114
DA:409,0
DA:410,0
DA:413,114
DA:414,114
DA:416,114
DA:417,114
DA:420,0
DA:421,0
DA:423,0
DA:424,0
DA:425,0
DA:427,0
DA:428,0
DA:430,114
DA:433,0
DA:434,0
DA:435,0
DA:436,0
DA:440,0
DA:441,0
DA:442,0
DA:443,0
DA:447,2
DA:448,2
DA:449,2
DA:450,2
DA:454,2
DA:455,2
DA:456,2
DA:457,2
DA:461,2
DA:462,2
DA:463,2
DA:467,0
DA:468,0
DA:469,0
DA:470,0
DA:471,0
DA:472,0
DA:473,0
DA:474,0
DA:475,0
DA:476,0
DA:479,0
DA:480,0
DA:481,0
DA:486,0
DA:487,0
DA:488,0
DA:489,0
DA:490,0
DA:494,0
DA:495,0
DA:496,0
DA:497,0
DA:499,0
DA:500,0
DA:501,0
DA:505,0
DA:506,0
DA:507,0
DA:508,0
DA:511,1
DA:512,0
DA:513,0
DA:514,0
DA:517,1
DA:520,0
DA:521,0
DA:522,0
DA:523,0
DA:525,0
DA:526,0
DA:529,0
DA:532,0
DA:533,0
DA:534,0
DA:535,0
DA:536,0
DA:538,0
DA:544,6
DA:545,6
DA:546,6
DA:547,5
DA:548,5
DA:550,6
DA:551,6
DA:554,2
DA:555,2
DA:556,0
DA:558,2
DA:559,0
DA:560,0
DA:561,0
DA:562,0
DA:563,0
DA:566,0
DA:571,2
DA:572,2
DA:574,2
DA:578,0
DA:581,4
DA:582,4
DA:583,3
DA:584,2
DA:586,1
DA:588,2
DA:591,12
DA:594,31
DA:595,31
DA:596,31
DA:597,31
DA:600,16
DA:601,16
DA:602,21
DA:603,21
DA:607,2
DA:608,2
DA:609,0
DA:610,0
DA:612,0
DA:613,0
DA:616,0
DA:621,0
DA:625,0
DA:626,0
DA:627,0
DA:629,0
DA:633,16
DA:634,16
DA:635,16
DA:636,16
DA:637,16
DA:640,0
DA:641,0
DA:642,0
DA:643,0
DA:644,0
DA:645,0
DA:648,15
DA:649,14
DA:651,15
DA:652,15
DA:653,15
DA:654,15
DA:655,15
DA:656,1
DA:659,14
DA:660,14
DA:661,14
DA:664,15
DA:665,15
DA:668,2
DA:669,2
DA:671,2
DA:672,2
DA:673,1
DA:675,2
DA:676,2
DA:677,2
DA:678,0
DA:681,2
DA:682,2
DA:684,2
DA:685,2
DA:688,37
DA:689,8
DA:693,2
DA:694,2
DA:696,2
DA:697,2
DA:698,0
DA:699,0
DA:702,0
DA:705,2
DA:708,0
DA:710,0
DA:711,0
DA:713,0
DA:714,0
DA:715,0
DA:716,0
DA:719,0
DA:723,0
DA:724,0
DA:727,0
DA:728,0
DA:731,0
DA:734,12
DA:737,6
DA:738,6
DA:739,6
DA:740,6
DA:741,6
DA:744,6
DA:747,3
DA:748,3
DA:750,0
DA:753,1
DA:754,1
DA:757,0
DA:758,0
DA:759,0
DA:762,12
DA:763,12
DA:766,13
DA:769,11
DA:772,14
DA:773,1
DA:775,13
DA:776,13
DA:777,13
DA:780,12
LF:460
LH:204
BRDA:22,0,0,12
BRDA:22,0,1,12
BRDA:22,0,2,12
BRDA:23,1,0,2
BRDA:23,1,1,2
BRDA:26,2,0,2
BRDA:26,2,1,0
BRDA:27,3,0,2
BRDA:27,3,1,2
BRDA:36,4,0,0
BRDA:36,4,1,0
BRDA:39,5,0,0
BRDA:39,5,1,0
BRDA:43,6,0,0
BRDA:43,6,1,0
BRDA:69,7,0,12
BRDA:69,7,1,12
BRDA:71,8,0,0
BRDA:71,8,1,114
BRDA:80,9,0,0
BRDA:80,9,1,149
BRDA:83,10,0,0
BRDA:83,10,1,149
BRDA:86,11,0,50
BRDA:86,11,1,99
BRDA:89,12,0,0
BRDA:89,12,1,99
BRDA:92,13,0,0
BRDA:92,13,1,99
BRDA:92,14,0,99
BRDA:92,14,1,99
BRDA:95,15,0,0
BRDA:95,15,1,99
BRDA:98,16,0,0
BRDA:98,16,1,99
BRDA:98,17,0,99
BRDA:98,17,1,99
BRDA:101,18,0,6
BRDA:101,18,1,93
BRDA:104,19,0,2
BRDA:104,19,1,91
BRDA:107,20,0,12
BRDA:107,20,1,79
BRDA:110,21,0,0
BRDA:110,21,1,79
BRDA:113,22,0,0
BRDA:113,22,1,79
BRDA:116,23,0,10
BRDA:116,23,1,69
BRDA:123,24,0,0
BRDA:123,24,1,0
BRDA:126,25,0,0
BRDA:126,25,1,0
BRDA:129,26,0,0
BRDA:129,26,1,0
BRDA:132,27,0,0
BRDA:132,27,1,0
BRDA:135,28,0,0
BRDA:135,28,1,0
BRDA:138,29,0,0
BRDA:138,29,1,0
BRDA:141,30,0,0
BRDA:141,30,1,0
BRDA:144,31,0,0
BRDA:144,31,1,0
BRDA:147,32,0,0
BRDA:147,32,1,0
BRDA:150,33,0,0
BRDA:150,33,1,0
BRDA:153,34,0,0
BRDA:153,34,1,0
BRDA:156,35,0,0
BRDA:156,35,1,0
BRDA:159,36,0,0
BRDA:159,36,1,0
BRDA:166,37,0,0
BRDA:166,37,1,0
BRDA:169,38,0,0
BRDA:169,38,1,0
BRDA:172,39,0,0
BRDA:172,39,1,0
BRDA:175,40,0,0
BRDA:175,40,1,0
BRDA:178,41,0,0
BRDA:178,41,1,0
BRDA:181,42,0,0
BRDA:181,42,1,0
BRDA:184,43,0,0
BRDA:184,43,1,0
BRDA:187,44,0,0
BRDA:187,44,1,0
BRDA:190,45,0,0
BRDA:190,45,1,0
BRDA:193,46,0,0
BRDA:193,46,1,0
BRDA:196,47,0,0
BRDA:196,47,1,0
BRDA:199,48,0,0
BRDA:199,48,1,0
BRDA:202,49,0,0
BRDA:202,49,1,0
BRDA:213,50,0,0
BRDA:213,50,1,0
BRDA:216,51,0,0
BRDA:216,51,1,0
BRDA:219,52,0,0
BRDA:219,52,1,0
BRDA:222,53,0,0
BRDA:222,53,1,0
BRDA:225,54,0,0
BRDA:225,54,1,0
BRDA:228,55,0,0
BRDA:228,55,1,0
BRDA:231,56,0,0
BRDA:231,56,1,0
BRDA:234,57,0,0
BRDA:234,57,1,0
BRDA:237,58,0,0
BRDA:237,58,1,0
BRDA:240,59,0,0
BRDA:240,59,1,0
BRDA:243,60,0,0
BRDA:243,60,1,0
BRDA:246,61,0,0
BRDA:246,61,1,0
BRDA:246,62,0,0
BRDA:246,62,1,0
BRDA:249,63,0,0
BRDA:249,63,1,0
BRDA:256,64,0,0
BRDA:256,64,1,0
BRDA:259,65,0,0
BRDA:259,65,1,0
BRDA:262,66,0,0
BRDA:262,66,1,0
BRDA:265,67,0,0
BRDA:265,67,1,0
BRDA:268,68,0,0
BRDA:268,68,1,0
BRDA:271,69,0,0
BRDA:271,69,1,0
BRDA:278,70,0,0
BRDA:278,70,1,0
BRDA:281,71,0,0
BRDA:281,71,1,0
BRDA:284,72,0,0
BRDA:284,72,1,0
BRDA:287,73,0,0
BRDA:287,73,1,0
BRDA:290,74,0,0
BRDA:290,74,1,0
BRDA:297,75,0,0
BRDA:297,75,1,42
BRDA:300,76,0,0
BRDA:300,76,1,42
BRDA:303,77,0,0
BRDA:303,77,1,42
BRDA:306,78,0,0
BRDA:306,78,1,42
BRDA:309,79,0,0
BRDA:309,79,1,42
BRDA:312,80,0,8
BRDA:312,80,1,34
BRDA:315,81,0,0
BRDA:315,81,1,34
BRDA:318,82,0,0
BRDA:318,82,1,34
BRDA:321,83,0,0
BRDA:321,83,1,34
BRDA:324,84,0,0
BRDA:324,84,1,34
BRDA:327,85,0,0
BRDA:327,85,1,34
BRDA:330,86,0,0
BRDA:330,86,1,34
BRDA:342,87,0,0
BRDA:342,87,1,59
BRDA:349,88,0,0
BRDA:349,88,1,6
BRDA:363,89,0,0
BRDA:363,89,1,0
BRDA:363,89,2,0
BRDA:363,89,3,0
BRDA:408,90,0,0
BRDA:408,90,1,114
BRDA:420,91,0,0
BRDA:420,91,1,0
BRDA:423,92,0,0
BRDA:423,92,1,0
BRDA:435,93,0,0
BRDA:435,93,1,0
BRDA:461,94,0,2
BRDA:461,94,1,0
BRDA:468,95,0,0
BRDA:468,95,1,0
BRDA:496,96,0,0
BRDA:496,96,1,0
BRDA:511,97,0,0
BRDA:511,97,1,1
BRDA:511,98,0,1
BRDA:511,98,1,0
BRDA:513,99,0,0
BRDA:513,99,1,0
BRDA:521,100,0,0
BRDA:521,100,1,0
BRDA:525,101,0,0
BRDA:525,101,1,0
BRDA:543,102,0,4
BRDA:546,103,0,11
BRDA:546,103,1,7
BRDA:555,104,0,0
BRDA:555,104,1,2
BRDA:558,105,0,0
BRDA:558,105,1,2
BRDA:559,106,0,0
BRDA:559,106,1,0
BRDA:559,107,0,0
BRDA:559,107,1,0
BRDA:583,108,0,2
BRDA:583,108,1,1
BRDA:606,109,0,0
BRDA:606,110,0,0
BRDA:607,111,0,2
BRDA:607,111,1,0
BRDA:609,112,0,0
BRDA:609,112,1,0
BRDA:609,113,0,0
BRDA:609,113,1,0
BRDA:612,114,0,0
BRDA:612,114,1,0
BRDA:624,115,0,0
BRDA:626,116,0,0
BRDA:626,116,1,0
BRDA:626,117,0,0
BRDA:626,117,1,0
BRDA:648,118,0,14
BRDA:648,118,1,1
BRDA:655,119,0,1
BRDA:655,119,1,14
BRDA:667,120,0,0
BRDA:668,121,0,2
BRDA:668,121,1,0
BRDA:672,122,0,1
BRDA:672,122,1,1
BRDA:677,123,0,0
BRDA:677,123,1,2
BRDA:693,124,0,2
BRDA:693,124,1,0
BRDA:697,125,0,0
BRDA:697,125,1,2
BRDA:698,126,0,0
BRDA:698,126,1,0
BRDA:698,127,0,0
BRDA:698,127,1,0
BRDA:710,128,0,0
BRDA:710,128,1,0
BRDA:715,129,0,0
BRDA:715,129,1,0
BRDA:747,130,0,3
BRDA:747,130,1,0
BRDA:772,131,0,1
BRDA:772,131,1,13
BRF:262
BRH:73
end_of_record
TN:
SF:/home/travis/build/wasdk/WebAssemblyStudio/src/monaco-extra.ts
FN:9,(anonymous_0)
FN:14,(anonymous_1)
FN:17,(anonymous_2)
FN:20,(anonymous_3)
FN:23,(anonymous_4)
FN:26,(anonymous_5)
FN:32,(anonymous_6)
FN:36,(anonymous_7)
FN:39,(anonymous_8)
FN:45,(anonymous_9)
FN:49,(anonymous_10)
FN:52,(anonymous_11)
FN:58,(anonymous_12)
FN:63,(anonymous_13)
FN:70,(anonymous_14)
FN:72,(anonymous_15)
FNF:16
FNH:2
FNDA:0,(anonymous_0)
FNDA:0,(anonymous_1)
FNDA:0,(anonymous_2)
FNDA:0,(anonymous_3)
FNDA:0,(anonymous_4)
FNDA:0,(anonymous_5)
FNDA:0,(anonymous_6)
FNDA:0,(anonymous_7)
FNDA:0,(anonymous_8)
FNDA:0,(anonymous_9)
FNDA:0,(anonymous_10)
FNDA:0,(anonymous_11)
FNDA:1,(anonymous_12)
FNDA:1,(anonymous_13)
FNDA:0,(anonymous_14)
FNDA:0,(anonymous_15)
DA:6,1
DA:7,1
DA:10,0
DA:11,0
DA:12,0
DA:21,0
DA:24,0
DA:27,0
DA:30,1
DA:33,0
DA:34,0
DA:37,0
DA:40,0
DA:43,1
DA:46,0
DA:47,0
DA:50,0
DA:53,0
DA:56,1
DA:58,1
DA:59,1
DA:60,1
DA:63,1
DA:64,1
DA:65,1
DA:67,1
DA:68,1
DA:69,1
DA:70,1
DA:71,1
DA:72,1
LF:31
LH:17
BRDA:61,0,0,1
BRDA:61,0,1,1
BRDA:66,1,0,1
BRDA:66,1,1,1
BRDA:70,2,0,0
BRDA:72,3,0,0
BRF:6
BRH:4
end_of_record
TN:
SF:/home/travis/build/wasdk/WebAssemblyStudio/src/monaco-utils.ts
FN:26,(anonymous_0)
FNF:1
FNH:0
FNDA:0,(anonymous_0)
DA:22,13
DA:27,0
DA:28,0
DA:29,0
DA:30,0
DA:31,0
DA:34,13
LF:7
LH:2
BRF:0
BRH:0
end_of_record
TN:
SF:/home/travis/build/wasdk/WebAssemblyStudio/src/service.ts
FN:22,(anonymous_0)
FN:23,(anonymous_1)
FN:24,fulfilled
FN:25,rejected
FN:26,step
FN:26,(anonymous_5)
FN:42,(anonymous_6)
FN:56,(anonymous_7)
FN:64,defer
FN:65,(anonymous_9)
FN:66,(anonymous_10)
FN:67,(anonymous_11)
FN:73,getServiceURL
FN:74,(anonymous_13)
FN:89,(anonymous_14)
FN:93,(anonymous_15)
FN:107,(anonymous_16)
FN:110,(anonymous_17)
FN:114,(anonymous_18)
FN:115,(anonymous_19)
FN:116,(anonymous_20)
FN:118,(anonymous_21)
FN:120,(anonymous_22)
FN:129,(anonymous_23)
FN:130,(anonymous_24)
FN:134,(anonymous_25)
FN:135,(anonymous_26)
FN:139,(anonymous_27)
FN:140,(anonymous_28)
FN:144,(anonymous_29)
FN:145,(anonymous_30)
FN:149,(anonymous_31)
FN:150,(anonymous_32)
FN:154,(anonymous_33)
FN:155,(anonymous_34)
FN:159,(anonymous_35)
FN:160,(anonymous_36)
FN:164,(anonymous_37)
FN:165,(anonymous_38)
FN:169,(anonymous_39)
FN:170,(anonymous_40)
FN:176,(anonymous_41)
FN:177,(anonymous_42)
FN:187,(anonymous_43)
FN:188,(anonymous_44)
FN:198,(anonymous_45)
FN:249,(anonymous_46)
FN:250,(anonymous_47)
FN:255,(anonymous_48)
FN:256,(anonymous_49)
FN:262,(anonymous_50)
FN:284,(anonymous_51)
FN:285,(anonymous_52)
FN:312,(anonymous_53)
FN:313,(anonymous_54)
FN:321,(anonymous_55)
FN:322,(anonymous_56)
FN:329,(anonymous_57)
FN:330,(anonymous_58)
FN:346,(anonymous_59)
FN:347,(anonymous_60)
FN:354,(anonymous_61)
FN:355,(anonymous_62)
FN:365,(anonymous_63)
FN:366,(anonymous_64)
FN:374,(anonymous_65)
FN:375,(anonymous_66)
FN:392,(anonymous_67)
FN:402,(anonymous_68)
FN:403,(anonymous_69)
FN:406,serialize
FN:408,(anonymous_71)
FN:422,(anonymous_72)
FN:423,(anonymous_73)
FN:425,(anonymous_74)
FN:448,(anonymous_75)
FN:449,(anonymous_76)
FN:475,(anonymous_77)
FN:476,(anonymous_78)
FN:485,(anonymous_79)
FN:492,(anonymous_80)
FN:493,(anonymous_81)
FN:504,(anonymous_82)
FN:505,(anonymous_83)
FN:514,(anonymous_84)
FN:515,(anonymous_85)
FN:526,(anonymous_86)
FN:527,(anonymous_87)
FN:538,(anonymous_88)
FN:539,(anonymous_89)
FN:550,(anonymous_90)
FN:551,(anonymous_91)
FN:562,(anonymous_92)
FN:576,(anonymous_93)
FN:577,(anonymous_94)
FN:579,format
FN:600,(anonymous_96)
FN:601,(anonymous_97)
FN:607,toBytes
FN:608,(anonymous_99)
FN:622,(anonymous_100)
FN:635,(anonymous_101)
FN:651,(anonymous_102)
FN:656,(anonymous_103)
FN:669,(anonymous_104)
FN:670,(anonymous_105)
FN:674,(anonymous_106)
FN:684,(anonymous_107)
FN:696,(anonymous_108)
FN:697,(anonymous_109)
FN:706,(anonymous_110)
FN:707,(anonymous_111)
FNF:112
FNH:11
FNDA:2,(anonymous_0)
FNDA:2,(anonymous_1)
FNDA:0,fulfilled
FNDA:0,rejected
FNDA:2,step
FNDA:2,(anonymous_5)
FNDA:12,(anonymous_6)
FNDA:12,(anonymous_7)
FNDA:0,defer
FNDA:0,(anonymous_9)
FNDA:0,(anonymous_10)
FNDA:0,(anonymous_11)
FNDA:0,getServiceURL
FNDA:0,(anonymous_13)
FNDA:12,(anonymous_14)
FNDA:0,(anonymous_15)
FNDA:0,(anonymous_16)
FNDA:0,(anonymous_17)
FNDA:0,(anonymous_18)
FNDA:0,(anonymous_19)
FNDA:0,(anonymous_20)
FNDA:0,(anonymous_21)
FNDA:0,(anonymous_22)
FNDA:0,(anonymous_23)
FNDA:0,(anonymous_24)
FNDA:0,(anonymous_25)
FNDA:0,(anonymous_26)
FNDA:0,(anonymous_27)
FNDA:0,(anonymous_28)
FNDA:0,(anonymous_29)
FNDA:0,(anonymous_30)
FNDA:0,(anonymous_31)
FNDA:0,(anonymous_32)
FNDA:0,(anonymous_33)
FNDA:0,(anonymous_34)
FNDA:0,(anonymous_35)
FNDA:0,(anonymous_36)
FNDA:0,(anonymous_37)
FNDA:0,(anonymous_38)
FNDA:0,(anonymous_39)
FNDA:0,(anonymous_40)
FNDA:0,(anonymous_41)
FNDA:0,(anonymous_42)
FNDA:0,(anonymous_43)
FNDA:0,(anonymous_44)
FNDA:0,(anonymous_45)
FNDA:0,(anonymous_46)
FNDA:0,(anonymous_47)
FNDA:0,(anonymous_48)
FNDA:0,(anonymous_49)
FNDA:0,(anonymous_50)
FNDA:0,(anonymous_51)
FNDA:0,(anonymous_52)
FNDA:0,(anonymous_53)
FNDA:0,(anonymous_54)
FNDA:0,(anonymous_55)
FNDA:0,(anonymous_56)
FNDA:0,(anonymous_57)
FNDA:0,(anonymous_58)
FNDA:0,(anonymous_59)
FNDA:0,(anonymous_60)
FNDA:0,(anonymous_61)
FNDA:0,(anonymous_62)
FNDA:0,(anonymous_63)
FNDA:0,(anonymous_64)
FNDA:0,(anonymous_65)
FNDA:0,(anonymous_66)
FNDA:0,(anonymous_67)
FNDA:0,(anonymous_68)
FNDA:0,(anonymous_69)
FNDA:0,serialize
FNDA:0,(anonymous_71)
FNDA:0,(anonymous_72)
FNDA:0,(anonymous_73)
FNDA:0,(anonymous_74)
FNDA:0,(anonymous_75)
FNDA:0,(anonymous_76)
FNDA:4,(anonymous_77)
FNDA:4,(anonymous_78)
FNDA:0,(anonymous_79)
FNDA:0,(anonymous_80)
FNDA:0,(anonymous_81)
FNDA:0,(anonymous_82)
FNDA:0,(anonymous_83)
FNDA:0,(anonymous_84)
FNDA:0,(anonymous_85)
FNDA:0,(anonymous_86)
FNDA:0,(anonymous_87)
FNDA:0,(anonymous_88)
FNDA:0,(anonymous_89)
FNDA:0,(anonymous_90)
FNDA:0,(anonymous_91)
FNDA:0,(anonymous_92)
FNDA:0,(anonymous_93)
FNDA:0,(anonymous_94)
FNDA:0,format
FNDA:0,(anonymous_96)
FNDA:0,(anonymous_97)
FNDA:0,toBytes
FNDA:0,(anonymous_99)
FNDA:0,(anonymous_100)
FNDA:0,(anonymous_101)
FNDA:0,(anonymous_102)
FNDA:0,(anonymous_103)
FNDA:0,(anonymous_104)
FNDA:0,(anonymous_105)
FNDA:0,(anonymous_106)
FNDA:0,(anonymous_107)
FNDA:2,(anonymous_108)
FNDA:2,(anonymous_109)
FNDA:0,(anonymous_110)
FNDA:0,(anonymous_111)
DA:22,12
DA:23,2
DA:24,0
DA:25,0
DA:26,2
DA:27,2
DA:30,12
DA:31,12
DA:32,12
DA:33,12
DA:34,12
DA:35,12
DA:36,12
DA:37,12
DA:38,12
DA:39,12
DA:40,12
DA:42,12
DA:43,12
DA:44,12
DA:45,12
DA:46,12
DA:47,12
DA:48,12
DA:49,12
DA:50,12
DA:51,12
DA:52,12
DA:53,12
DA:56,12
DA:57,12
DA:58,12
DA:59,12
DA:65,0
DA:66,0
DA:67,0
DA:68,0
DA:74,0
DA:75,0
DA:76,0
DA:78,0
DA:80,0
DA:82,0
DA:84,0
DA:90,12
DA:91,12
DA:92,12
DA:93,12
DA:94,0
DA:95,0
DA:97,0
DA:98,0
DA:99,0
DA:102,0
DA:104,0
DA:108,0
DA:111,0
DA:112,0
DA:115,0
DA:116,0
DA:117,0
DA:118,0
DA:119,0
DA:121,0
DA:123,0
DA:130,0
DA:131,0
DA:135,0
DA:136,0
DA:140,0
DA:141,0
DA:145,0
DA:146,0
DA:150,0
DA:151,0
DA:155,0
DA:156,0
DA:160,0
DA:161,0
DA:165,0
DA:166,0
DA:170,0
DA:171,0
DA:177,0
DA:178,0
DA:179,0
DA:184,0
DA:188,0
DA:189,0
DA:190,0
DA:195,0
DA:200,0
DA:201,0
DA:202,0
DA:205,0
DA:206,0
DA:207,0
DA:209,0
DA:210,0
DA:211,0
DA:212,0
DA:213,0
DA:214,0
DA:216,0
DA:217,0
DA:219,0
DA:227,0
DA:228,0
DA:229,0
DA:230,0
DA:232,0
DA:233,0
DA:234,0
DA:235,0
DA:237,0
DA:238,0
DA:240,0
DA:247,0
DA:250,0
DA:251,0
DA:252,0
DA:256,0
DA:257,0
DA:258,0
DA:259,0
DA:260,0
DA:261,0
DA:262,0
DA:263,0
DA:267,0
DA:270,0
DA:271,0
DA:273,0
DA:274,0
DA:275,0
DA:277,0
DA:278,0
DA:279,0
DA:281,0
DA:285,0
DA:286,0
DA:287,0
DA:288,0
DA:300,0
DA:302,0
DA:303,0
DA:304,0
DA:306,0
DA:308,0
DA:313,0
DA:314,0
DA:315,0
DA:316,0
DA:317,0
DA:318,0
DA:322,0
DA:323,0
DA:324,0
DA:325,0
DA:326,0
DA:330,0
DA:331,0
DA:332,0
DA:333,0
DA:334,0
DA:335,0
DA:338,0
DA:341,0
DA:343,0
DA:347,0
DA:348,0
DA:349,0
DA:350,0
DA:351,0
DA:355,0
DA:356,0
DA:357,0
DA:362,0
DA:366,0
DA:367,0
DA:368,0
DA:371,0
DA:375,0
DA:376,0
DA:377,0
DA:378,0
DA:381,0
DA:386,0
DA:387,0
DA:388,0
DA:393,0
DA:394,0
DA:395,0
DA:396,0
DA:397,0
DA:400,0
DA:403,0
DA:404,0
DA:405,0
DA:407,0
DA:408,0
DA:411,0
DA:414,0
DA:415,0
DA:416,0
DA:417,0
DA:419,0
DA:423,0
DA:424,0
DA:425,0
DA:428,0
DA:429,0
DA:430,0
DA:433,0
DA:434,0
DA:436,0
DA:441,0
DA:443,0
DA:449,0
DA:450,0
DA:451,0
DA:452,0
DA:454,0
DA:455,0
DA:456,0
DA:459,0
DA:463,0
DA:464,0
DA:465,0
DA:468,0
DA:471,0
DA:476,4
DA:477,4
DA:478,4
DA:479,4
DA:480,4
DA:481,4
DA:482,4
DA:483,4
DA:484,4
DA:485,4
DA:486,0
DA:487,0
DA:493,0
DA:494,0
DA:495,0
DA:496,0
DA:497,0
DA:498,0
DA:499,0
DA:500,0
DA:501,0
DA:505,0
DA:506,0
DA:507,0
DA:508,0
DA:509,0
DA:510,0
DA:511,0
DA:515,0
DA:516,0
DA:517,0
DA:518,0
DA:519,0
DA:520,0
DA:521,0
DA:522,0
DA:523,0
DA:527,0
DA:528,0
DA:529,0
DA:530,0
DA:531,0
DA:532,0
DA:533,0
DA:534,0
DA:535,0
DA:539,0
DA:540,0
DA:541,0
DA:542,0
DA:543,0
DA:544,0
DA:545,0
DA:546,0
DA:547,0
DA:551,0
DA:552,0
DA:553,0
DA:554,0
DA:555,0
DA:556,0
DA:557,0
DA:558,0
DA:559,0
DA:563,0
DA:564,0
DA:565,0
DA:566,0
DA:568,0
DA:569,0
DA:570,0
DA:571,0
DA:572,0
DA:577,0
DA:578,0
DA:580,0
DA:581,0
DA:583,0
DA:584,0
DA:587,0
DA:588,0
DA:589,0
DA:590,0
DA:592,0
DA:596,0
DA:601,0
DA:602,0
DA:603,0
DA:604,0
DA:606,0
DA:608,0
DA:610,0
DA:611,0
DA:612,0
DA:613,0
DA:614,0
DA:615,0
DA:616,0
DA:617,0
DA:618,0
DA:619,0
DA:620,0
DA:621,0
DA:622,0
DA:623,0
DA:624,0
DA:625,0
DA:626,0
DA:627,0
DA:629,0
DA:630,0
DA:631,0
DA:635,0
DA:636,0
DA:637,0
DA:638,0
DA:639,0
DA:641,0
DA:643,0
DA:644,0
DA:646,0
DA:648,0
DA:652,0
DA:653,0
DA:654,0
DA:656,0
DA:657,0
DA:658,0
DA:659,0
DA:660,0
DA:661,0
DA:667,0
DA:670,0
DA:671,0
DA:672,0
DA:673,0
DA:674,0
DA:675,0
DA:676,0
DA:678,0
DA:680,0
DA:681,0
DA:682,0
DA:683,0
DA:684,0
DA:685,0
DA:687,0
DA:688,0
DA:689,0
DA:691,0
DA:692,0
DA:693,0
DA:697,2
DA:698,2
DA:699,2
DA:701,0
DA:702,0
DA:703,0
DA:707,0
DA:708,0
DA:709,0
DA:710,0
DA:711,0
DA:712,0
DA:713,0
DA:714,0
DA:715,0
DA:716,0
DA:720,12
DA:721,12
DA:722,12
DA:723,12
LF:403
LH:52
BRDA:22,0,0,12
BRDA:22,0,1,12
BRDA:22,0,2,12
BRDA:23,1,0,2
BRDA:23,1,1,2
BRDA:26,2,0,0
BRDA:26,2,1,2
BRDA:27,3,0,2
BRDA:27,3,1,2
BRDA:54,4,0,12
BRDA:54,4,1,12
BRDA:60,5,0,12
BRDA:60,5,1,12
BRDA:76,6,0,0
BRDA:76,6,1,0
BRDA:76,6,2,0
BRDA:76,6,3,0
BRDA:94,7,0,0
BRDA:94,7,1,0
BRDA:98,8,0,0
BRDA:98,8,1,0
BRDA:201,9,0,0
BRDA:201,9,1,0
BRDA:206,10,0,0
BRDA:206,10,1,0
BRDA:213,11,0,0
BRDA:213,11,1,0
BRDA:216,12,0,0
BRDA:216,12,1,0
BRDA:229,13,0,0
BRDA:229,13,1,0
BRDA:234,14,0,0
BRDA:234,14,1,0
BRDA:237,15,0,0
BRDA:237,15,1,0
BRDA:249,16,0,0
BRDA:255,17,0,0
BRDA:258,18,0,0
BRDA:258,18,1,0
BRDA:260,19,0,0
BRDA:260,19,1,0
BRDA:270,20,0,0
BRDA:270,20,1,0
BRDA:274,21,0,0
BRDA:274,21,1,0
BRDA:278,22,0,0
BRDA:278,22,1,0
BRDA:284,23,0,0
BRDA:287,24,0,0
BRDA:287,24,1,0
BRDA:287,25,0,0
BRDA:287,25,1,0
BRDA:287,25,2,0
BRDA:302,26,0,0
BRDA:302,26,1,0
BRDA:302,27,0,0
BRDA:302,27,1,0
BRDA:306,28,0,0
BRDA:306,28,1,0
BRDA:306,29,0,0
BRDA:306,29,1,0
BRDA:315,30,0,0
BRDA:315,30,1,0
BRDA:317,31,0,0
BRDA:317,31,1,0
BRDA:332,32,0,0
BRDA:332,32,1,0
BRDA:341,33,0,0
BRDA:341,33,1,0
BRDA:377,34,0,0
BRDA:377,34,1,0
BRDA:394,35,0,0
BRDA:394,35,1,0
BRDA:396,36,0,0
BRDA:396,36,1,0
BRDA:407,37,0,0
BRDA:407,37,1,0
BRDA:416,38,0,0
BRDA:416,38,1,0
BRDA:428,39,0,0
BRDA:428,39,1,0
BRDA:448,40,0,0
BRDA:454,41,0,0
BRDA:454,41,1,0
BRDA:455,42,0,0
BRDA:455,42,1,0
BRDA:464,43,0,0
BRDA:464,43,1,0
BRDA:477,44,0,4
BRDA:477,44,1,0
BRDA:486,45,0,0
BRDA:486,45,1,0
BRDA:497,46,0,0
BRDA:497,46,1,0
BRDA:499,47,0,0
BRDA:499,47,1,0
BRDA:508,48,0,0
BRDA:508,48,1,0
BRDA:510,49,0,0
BRDA:510,49,1,0
BRDA:518,50,0,0
BRDA:518,50,1,0
BRDA:520,51,0,0
BRDA:520,51,1,0
BRDA:530,52,0,0
BRDA:530,52,1,0
BRDA:532,53,0,0
BRDA:532,53,1,0
BRDA:542,54,0,0
BRDA:542,54,1,0
BRDA:544,55,0,0
BRDA:544,55,1,0
BRDA:554,56,0,0
BRDA:554,56,1,0
BRDA:556,57,0,0
BRDA:556,57,1,0
BRDA:563,58,0,0
BRDA:563,58,1,0
BRDA:571,59,0,0
BRDA:571,59,1,0
BRDA:583,60,0,0
BRDA:583,60,1,0
BRDA:600,61,0,0
BRDA:603,62,0,0
BRDA:603,62,1,0
BRDA:624,63,0,0
BRDA:624,63,1,0
BRDA:626,64,0,0
BRDA:626,64,1,0
BRDA:630,65,0,0
BRDA:630,65,1,0
BRDA:636,66,0,0
BRDA:636,66,1,0
BRDA:638,67,0,0
BRDA:638,67,1,0
BRDA:653,68,0,0
BRDA:653,68,1,0
BRDA:657,69,0,0
BRDA:657,69,1,0
BRDA:698,70,0,2
BRDA:698,70,1,0
BRDA:710,71,0,0
BRDA:710,71,1,0
BRDA:715,72,0,0
BRDA:715,72,1,0
BRF:145
BRH:14
end_of_record
TN:
SF:/home/travis/build/wasdk/WebAssemblyStudio/src/util.ts
FN:22,(anonymous_0)
FN:23,(anonymous_1)
FN:24,fulfilled
FN:25,rejected
FN:26,step
FN:26,(anonymous_5)
FN:32,toAddress
FN:40,padRight
FN:48,padLeft
FN:61,isBranch
FN:86,concat3
FN:93,concat4
FN:102,base64EncodeBytes
FN:144,decodeRestrictedBase64ToBytes
FN:175,layout
FN:179,(anonymous_15)
FN:185,resetDOMSelection
FN:189,assert
FN:195,clamp
FN:199,readUploadedFile
FN:200,(anonymous_20)
FN:202,(anonymous_21)
FN:203,(anonymous_22)
FN:207,(anonymous_23)
FN:223,uploadFilesToDirectory
FN:224,(anonymous_25)
FN:225,(anonymous_26)
FN:225,(anonymous_27)
FNF:28
FNH:1
FNDA:0,(anonymous_0)
FNDA:0,(anonymous_1)
FNDA:0,fulfilled
FNDA:0,rejected
FNDA:0,step
FNDA:0,(anonymous_5)
FNDA:0,toAddress
FNDA:0,padRight
FNDA:0,padLeft
FNDA:0,isBranch
FNDA:0,concat3
FNDA:0,concat4
FNDA:0,base64EncodeBytes
FNDA:0,decodeRestrictedBase64ToBytes
FNDA:0,layout
FNDA:0,(anonymous_15)
FNDA:0,resetDOMSelection
FNDA:47,assert
FNDA:0,clamp
FNDA:0,readUploadedFile
FNDA:0,(anonymous_20)
FNDA:0,(anonymous_21)
FNDA:0,(anonymous_22)
FNDA:0,(anonymous_23)
FNDA:0,uploadFilesToDirectory
FNDA:0,(anonymous_25)
FNDA:0,(anonymous_26)
FNDA:0,(anonymous_27)
DA:22,12
DA:23,0
DA:24,0
DA:25,0
DA:26,0
DA:27,0
DA:30,12
DA:31,12
DA:33,0
DA:34,0
DA:35,0
DA:37,0
DA:39,12
DA:41,0
DA:42,0
DA:43,0
DA:45,0
DA:47,12
DA:49,0
DA:50,0
DA:51,0
DA:53,0
DA:55,12
DA:56,12
DA:62,0
DA:64,12
DA:65,12
DA:73,12
DA:74,12
DA:75,12
DA:76,12
DA:77,12
DA:87,0
DA:88,0
DA:89,0
DA:90,0
DA:92,12
DA:94,0
DA:95,0
DA:96,0
DA:97,0
DA:98,0
DA:100,12
DA:103,0
DA:104,0
DA:105,0
DA:106,0
DA:107,0
DA:114,0
DA:116,0
DA:118,0
DA:119,0
DA:120,0
DA:121,0
DA:123,0
DA:126,0
DA:127,0
DA:128,0
DA:130,0
DA:131,0
DA:133,0
DA:134,0
DA:135,0
DA:136,0
DA:138,0
DA:139,0
DA:141,0
DA:143,12
DA:148,0
DA:149,0
DA:150,0
DA:151,0
DA:152,0
DA:153,0
DA:154,0
DA:155,0
DA:156,0
DA:157,0
DA:158,0
DA:159,0
DA:161,0
DA:162,0
DA:163,0
DA:164,0
DA:165,0
DA:167,0
DA:168,0
DA:170,0
DA:172,12
DA:173,12
DA:174,12
DA:176,0
DA:177,0
DA:179,0
DA:180,0
DA:181,0
DA:184,12
DA:186,0
DA:188,12
DA:190,47
DA:191,0
DA:194,12
DA:196,0
DA:198,12
DA:200,0
DA:201,0
DA:202,0
DA:203,0
DA:204,0
DA:205,0
DA:207,0
DA:208,0
DA:210,0
DA:211,0
DA:213,0
DA:214,0
DA:217,0
DA:222,12
DA:224,0
DA:225,0
DA:226,0
DA:227,0
DA:228,0
DA:230,0
DA:231,0
DA:232,0
DA:233,0
DA:236,0
DA:241,12
LF:129
LH:27
BRDA:22,0,0,12
BRDA:22,0,1,12
BRDA:22,0,2,12
BRDA:23,1,0,0
BRDA:23,1,1,0
BRDA:26,2,0,0
BRDA:26,2,1,0
BRDA:27,3,0,0
BRDA:27,3,1,0
BRDA:126,4,0,0
BRDA:126,4,1,0
BRDA:133,5,0,0
BRDA:133,5,1,0
BRDA:149,6,0,0
BRDA:149,6,1,0
BRDA:149,7,0,0
BRDA:149,7,1,0
BRDA:158,8,0,0
BRDA:158,8,1,0
BRDA:164,9,0,0
BRDA:164,9,1,0
BRDA:176,10,0,0
BRDA:176,10,1,0
BRDA:190,11,0,0
BRDA:190,11,1,47
BRDA:210,12,0,0
BRDA:210,12,1,0
BRDA:213,13,0,0
BRDA:213,13,1,0
BRDA:227,14,0,0
BRDA:227,14,1,0
BRDA:231,15,0,0
BRDA:231,15,1,0
BRF:33
BRH:4
end_of_record
TN:
SF:/home/travis/build/wasdk/WebAssemblyStudio/src/worker.ts
FN:22,(anonymous_0)
FN:23,(anonymous_1)
FN:24,fulfilled
FN:25,rejected
FN:26,step
FN:26,(anonymous_5)
FN:32,assert
FN:37,loadBinaryen
FN:38,(anonymous_8)
FN:44,loadWabt
FN:45,(anonymous_10)
FN:53,loadTwiggy
FN:54,(anonymous_12)
FN:68,(anonymous_13)
FN:83,processMessage
FN:84,(anonymous_15)
FN:102,optimizeWasmWithBinaryen
FN:103,(anonymous_17)
FN:110,validateWasmWithBinaryen
FN:111,(anonymous_19)
FN:117,createWasmCallGraphWithBinaryen
FN:118,(anonymous_21)
FN:123,(anonymous_22)
FN:129,convertWasmToAsmWithBinaryen
FN:130,(anonymous_24)
FN:137,disassembleWasmWithBinaryen
FN:138,(anonymous_26)
FN:144,assembleWatWithBinaryen
FN:145,(anonymous_28)
FN:151,disassembleWasmWithWabt
FN:152,(anonymous_30)
FN:160,assembleWatWithWabt
FN:161,(anonymous_32)
FN:169,twiggyWasm
FN:170,(anonymous_34)
FN:183,(anonymous_35)
FN:212,printDominator
FN:222,(anonymous_37)
FNF:38
FNH:0
FNDA:0,(anonymous_0)
FNDA:0,(anonymous_1)
FNDA:0,fulfilled
FNDA:0,rejected
FNDA:0,step
FNDA:0,(anonymous_5)
FNDA:0,assert
FNDA:0,loadBinaryen
FNDA:0,(anonymous_8)
FNDA:0,loadWabt
FNDA:0,(anonymous_10)
FNDA:0,loadTwiggy
FNDA:0,(anonymous_12)
FNDA:0,(anonymous_13)
FNDA:0,processMessage
FNDA:0,(anonymous_15)
FNDA:0,optimizeWasmWithBinaryen
FNDA:0,(anonymous_17)
FNDA:0,validateWasmWithBinaryen
FNDA:0,(anonymous_19)
FNDA:0,createWasmCallGraphWithBinaryen
FNDA:0,(anonymous_21)
FNDA:0,(anonymous_22)
FNDA:0,convertWasmToAsmWithBinaryen
FNDA:0,(anonymous_24)
FNDA:0,disassembleWasmWithBinaryen
FNDA:0,(anonymous_26)
FNDA:0,assembleWatWithBinaryen
FNDA:0,(anonymous_28)
FNDA:0,disassembleWasmWithWabt
FNDA:0,(anonymous_30)
FNDA:0,assembleWatWithWabt
FNDA:0,(anonymous_32)
FNDA:0,twiggyWasm
FNDA:0,(anonymous_34)
FNDA:0,(anonymous_35)
FNDA:0,printDominator
FNDA:0,(anonymous_37)
DA:22,0
DA:23,0
DA:24,0
DA:25,0
DA:26,0
DA:27,0
DA:30,0
DA:31,0
DA:33,0
DA:34,0
DA:38,0
DA:39,0
DA:40,0
DA:45,0
DA:46,0
DA:47,0
DA:48,0
DA:52,0
DA:54,0
DA:55,0
DA:56,0
DA:57,0
DA:58,0
DA:68,0
DA:69,0
DA:80,0
DA:81,0
DA:84,0
DA:85,0
DA:90,0
DA:91,0
DA:94,0
DA:97,0
DA:99,0
DA:103,0
DA:104,0
DA:105,0
DA:106,0
DA:107,0
DA:111,0
DA:112,0
DA:113,0
DA:114,0
DA:118,0
DA:119,0
DA:120,0
DA:121,0
DA:122,0
DA:123,0
DA:124,0
DA:125,0
DA:126,0
DA:130,0
DA:131,0
DA:132,0
DA:133,0
DA:134,0
DA:138,0
DA:139,0
DA:140,0
DA:141,0
DA:145,0
DA:146,0
DA:147,0
DA:148,0
DA:152,0
DA:153,0
DA:154,0
DA:155,0
DA:156,0
DA:157,0
DA:161,0
DA:162,0
DA:163,0
DA:164,0
DA:165,0
DA:166,0
DA:170,0
DA:171,0
DA:173,0
DA:174,0
DA:176,0
DA:177,0
DA:178,0
DA:179,0
DA:180,0
DA:181,0
DA:182,0
DA:183,0
DA:184,0
DA:185,0
DA:188,0
DA:191,0
DA:192,0
DA:204,0
DA:205,0
DA:206,0
DA:208,0
DA:209,0
DA:210,0
DA:211,0
DA:213,0
DA:214,0
DA:215,0
DA:217,0
DA:218,0
DA:220,0
DA:221,0
DA:222,0
DA:223,0
DA:224,0
DA:227,0
DA:232,0
DA:233,0
DA:234,0
DA:236,0
LF:116
LH:0
BRDA:22,0,0,0
BRDA:22,0,1,0
BRDA:22,0,2,0
BRDA:23,1,0,0
BRDA:23,1,1,0
BRDA:26,2,0,0
BRDA:26,2,1,0
BRDA:27,3,0,0
BRDA:27,3,1,0
BRDA:33,4,0,0
BRDA:33,4,1,0
BRDA:39,5,0,0
BRDA:39,5,1,0
BRDA:46,6,0,0
BRDA:46,6,1,0
BRDA:55,7,0,0
BRDA:55,7,1,0
BRDA:184,8,0,0
BRDA:184,8,1,0
BRDA:191,9,0,0
BRDA:191,9,1,0
BRDA:217,10,0,0
BRDA:217,10,1,0
BRDA:221,11,0,0
BRDA:221,11,1,0
BRDA:223,12,0,0
BRDA:223,12,1,0
BRDA:233,13,0,0
BRDA:233,13,1,0
BRF:29
BRH:0
end_of_record
TN:
SF:/home/travis/build/wasdk/WebAssemblyStudio/src/actions/AppActions.ts
FN:22,(anonymous_0)
FN:23,(anonymous_1)
FN:24,fulfilled
FN:25,rejected
FN:26,step
FN:26,(anonymous_5)
FN:40,(anonymous_6)
FN:60,addFileTo
FN:68,loadProject
FN:75,initStore
FN:81,updateFileNameAndDescription
FN:90,deleteFile
FN:97,logLn
FN:105,splitGroup
FN:111,openView
FN:119,closeView
FN:126,closeTabs
FN:133,openFile
FN:142,openFiles
FN:149,openProjectFiles
FN:150,(anonymous_20)
FN:163,saveProject
FN:164,(anonymous_22)
FN:168,(anonymous_23)
FN:169,(anonymous_24)
FN:179,focusTabGroup
FN:186,pushStatus
FN:193,popStatus
FN:199,runTask
FN:200,(anonymous_29)
FN:202,(anonymous_30)
FN:202,(anonymous_31)
FN:227,run
FN:228,(anonymous_33)
FN:233,(anonymous_34)
FN:249,build
FN:250,(anonymous_36)
FN:257,setViewType
FNF:38
FNH:3
FNDA:0,(anonymous_0)
FNDA:0,(anonymous_1)
FNDA:0,fulfilled
FNDA:0,rejected
FNDA:0,step
FNDA:0,(anonymous_5)
FNDA:6,(anonymous_6)
FNDA:0,addFileTo
FNDA:0,loadProject
FNDA:1,initStore
FNDA:0,updateFileNameAndDescription
FNDA:0,deleteFile
FNDA:2,logLn
FNDA:0,splitGroup
FNDA:0,openView
FNDA:0,closeView
FNDA:0,closeTabs
FNDA:0,openFile
FNDA:0,openFiles
FNDA:0,openProjectFiles
FNDA:0,(anonymous_20)
FNDA:0,saveProject
FNDA:0,(anonymous_22)
FNDA:0,(anonymous_23)
FNDA:0,(anonymous_24)
FNDA:0,focusTabGroup
FNDA:0,pushStatus
FNDA:0,popStatus
FNDA:0,runTask
FNDA:0,(anonymous_29)
FNDA:0,(anonymous_30)
FNDA:0,(anonymous_31)
FNDA:0,run
FNDA:0,(anonymous_33)
FNDA:0,(anonymous_34)
FNDA:0,build
FNDA:0,(anonymous_36)
FNDA:0,setViewType
DA:22,6
DA:23,0
DA:24,0
DA:25,0
DA:26,0
DA:27,0
DA:30,6
DA:31,6
DA:32,6
DA:33,6
DA:34,6
DA:35,6
DA:36,6
DA:37,6
DA:38,6
DA:40,6
DA:41,6
DA:42,6
DA:43,6
DA:44,6
DA:45,6
DA:46,6
DA:47,6
DA:48,6
DA:49,6
DA:50,6
DA:51,6
DA:52,6
DA:53,6
DA:54,6
DA:55,6
DA:56,6
DA:57,6
DA:58,6
DA:61,0
DA:67,6
DA:69,0
DA:74,6
DA:76,1
DA:80,6
DA:82,0
DA:89,6
DA:91,0
DA:96,6
DA:98,2
DA:104,6
DA:106,0
DA:110,6
DA:112,0
DA:118,6
DA:120,0
DA:125,6
DA:127,0
DA:132,6
DA:134,0
DA:141,6
DA:143,0
DA:148,6
DA:150,0
DA:151,0
DA:152,0
DA:153,0
DA:157,0
DA:158,0
DA:162,6
DA:164,0
DA:165,0
DA:166,0
DA:167,0
DA:168,0
DA:169,0
DA:171,0
DA:172,0
DA:173,0
DA:178,6
DA:180,0
DA:185,6
DA:187,0
DA:192,6
DA:194,0
DA:198,6
DA:200,0
DA:202,0
DA:203,0
DA:204,0
DA:206,0
DA:207,0
DA:208,0
DA:211,0
DA:212,0
DA:213,0
DA:216,0
DA:217,0
DA:220,0
DA:226,6
DA:228,0
DA:229,0
DA:230,0
DA:231,0
DA:232,0
DA:233,0
DA:234,0
DA:235,0
DA:237,0
DA:238,0
DA:239,0
DA:240,0
DA:242,0
DA:248,6
DA:250,0
DA:251,0
DA:252,0
DA:253,0
DA:256,6
DA:258,0
DA:264,6
LF:116
LH:52
BRDA:22,0,0,6
BRDA:22,0,1,6
BRDA:22,0,2,6
BRDA:23,1,0,0
BRDA:23,1,1,0
BRDA:26,2,0,0
BRDA:26,2,1,0
BRDA:27,3,0,0
BRDA:27,3,1,0
BRDA:59,4,0,6
BRDA:59,4,1,6
BRDA:97,5,0,0
BRDA:111,6,0,0
BRDA:133,7,0,0
BRDA:133,8,0,0
BRDA:157,9,0,0
BRDA:157,9,1,0
BRDA:199,10,0,0
BRDA:199,11,0,0
BRDA:207,12,0,0
BRDA:207,12,1,0
BRDA:211,13,0,0
BRDA:211,13,1,0
BRDA:216,14,0,0
BRDA:216,14,1,0
BRDA:238,15,0,0
BRDA:238,15,1,0
BRF:27
BRH:5
end_of_record
TN:
SF:/home/travis/build/wasdk/WebAssemblyStudio/src/actions/ArcActions.ts
FN:22,(anonymous_0)
FN:23,(anonymous_1)
FN:24,fulfilled
FN:25,rejected
FN:26,step
FN:26,(anonymous_5)
FN:34,publishArc
FN:35,(anonymous_7)
FN:42,notifyArcAboutFork
FNF:9
FNH:0
FNDA:0,(anonymous_0)
FNDA:0,(anonymous_1)
FNDA:0,fulfilled
FNDA:0,rejected
FNDA:0,step
FNDA:0,(anonymous_5)
FNDA:0,publishArc
FNDA:0,(anonymous_7)
FNDA:0,notifyArcAboutFork
DA:22,0
DA:23,0
DA:24,0
DA:25,0
DA:26,0
DA:27,0
DA:30,0
DA:31,0
DA:32,0
DA:33,0
DA:35,0
DA:36,0
DA:37,0
DA:38,0
DA:41,0
DA:43,0
DA:45,0
LF:17
LH:0
BRDA:22,0,0,0
BRDA:22,0,1,0
BRDA:22,0,2,0
BRDA:23,1,0,0
BRDA:23,1,1,0
BRDA:26,2,0,0
BRDA:26,2,1,0
BRDA:27,3,0,0
BRDA:27,3,1,0
BRF:9
BRH:0
end_of_record
TN:
SF:/home/travis/build/wasdk/WebAssemblyStudio/src/components/App.tsx
FN:22,(anonymous_0)
FN:23,(anonymous_1)
FN:24,fulfilled
FN:25,rejected
FN:26,step
FN:26,(anonymous_5)
FN:59,(anonymous_6)
FN:65,(anonymous_7)
FN:106,(anonymous_8)
FN:107,(anonymous_9)
FN:121,(anonymous_10)
FN:124,(anonymous_11)
FN:125,(anonymous_12)
FN:147,(anonymous_13)
FN:148,(anonymous_14)
FN:152,(anonymous_15)
FN:155,(anonymous_16)
FN:162,(anonymous_17)
FN:167,(anonymous_18)
FN:182,(anonymous_19)
FN:183,(anonymous_20)
FN:191,(anonymous_21)
FN:192,(anonymous_22)
FN:200,(anonymous_23)
FN:201,(anonymous_24)
FN:204,(anonymous_25)
FN:207,(anonymous_26)
FN:211,(anonymous_27)
FN:214,(anonymous_28)
FN:217,(anonymous_29)
FN:220,(anonymous_30)
FN:226,(anonymous_31)
FN:229,(anonymous_32)
FN:230,(anonymous_33)
FN:234,(anonymous_34)
FN:235,(anonymous_35)
FN:252,(anonymous_36)
FN:253,(anonymous_37)
FN:271,(anonymous_38)
FN:272,(anonymous_39)
FN:274,(anonymous_40)
FN:280,(anonymous_41)
FN:283,(anonymous_42)
FN:285,(anonymous_43)
FN:306,(anonymous_44)
FN:312,(anonymous_45)
FN:320,(anonymous_46)
FN:322,(anonymous_47)
FN:324,(anonymous_48)
FN:328,(anonymous_49)
FN:332,(anonymous_50)
FN:334,(anonymous_51)
FN:339,(anonymous_52)
FN:344,(anonymous_53)
FN:350,(anonymous_54)
FN:352,(anonymous_55)
FN:358,(anonymous_56)
FN:360,(anonymous_57)
FN:360,(anonymous_58)
FN:363,(anonymous_59)
FN:363,(anonymous_60)
FN:370,(anonymous_61)
FN:373,(anonymous_62)
FN:381,(anonymous_63)
FN:386,(anonymous_64)
FN:388,(anonymous_65)
FN:390,(anonymous_66)
FN:390,(anonymous_67)
FN:395,(anonymous_68)
FN:397,(anonymous_69)
FN:402,(anonymous_70)
FN:404,(anonymous_71)
FN:410,(anonymous_72)
FN:414,(anonymous_73)
FN:416,(anonymous_74)
FN:418,(anonymous_75)
FN:424,(anonymous_76)
FN:426,(anonymous_77)
FN:431,(anonymous_78)
FN:435,(anonymous_79)
FN:437,(anonymous_80)
FN:439,(anonymous_81)
FN:451,(anonymous_82)
FN:455,(anonymous_83)
FN:460,(anonymous_84)
FN:462,(anonymous_85)
FN:464,(anonymous_86)
FN:466,(anonymous_87)
FN:473,(anonymous_88)
FN:478,(anonymous_89)
FNF:90
FNH:0
FNDA:0,(anonymous_0)
FNDA:0,(anonymous_1)
FNDA:0,fulfilled
FNDA:0,rejected
FNDA:0,step
FNDA:0,(anonymous_5)
FNDA:0,(anonymous_6)
FNDA:0,(anonymous_7)
FNDA:0,(anonymous_8)
FNDA:0,(anonymous_9)
FNDA:0,(anonymous_10)
FNDA:0,(anonymous_11)
FNDA:0,(anonymous_12)
FNDA:0,(anonymous_13)
FNDA:0,(anonymous_14)
FNDA:0,(anonymous_15)
FNDA:0,(anonymous_16)
FNDA:0,(anonymous_17)
FNDA:0,(anonymous_18)
FNDA:0,(anonymous_19)
FNDA:0,(anonymous_20)
FNDA:0,(anonymous_21)
FNDA:0,(anonymous_22)
FNDA:0,(anonymous_23)
FNDA:0,(anonymous_24)
FNDA:0,(anonymous_25)
FNDA:0,(anonymous_26)
FNDA:0,(anonymous_27)
FNDA:0,(anonymous_28)
FNDA:0,(anonymous_29)
FNDA:0,(anonymous_30)
FNDA:0,(anonymous_31)
FNDA:0,(anonymous_32)
FNDA:0,(anonymous_33)
FNDA:0,(anonymous_34)
FNDA:0,(anonymous_35)
FNDA:0,(anonymous_36)
FNDA:0,(anonymous_37)
FNDA:0,(anonymous_38)
FNDA:0,(anonymous_39)
FNDA:0,(anonymous_40)
FNDA:0,(anonymous_41)
FNDA:0,(anonymous_42)
FNDA:0,(anonymous_43)
FNDA:0,(anonymous_44)
FNDA:0,(anonymous_45)
FNDA:0,(anonymous_46)
FNDA:0,(anonymous_47)
FNDA:0,(anonymous_48)
FNDA:0,(anonymous_49)
FNDA:0,(anonymous_50)
FNDA:0,(anonymous_51)
FNDA:0,(anonymous_52)
FNDA:0,(anonymous_53)
FNDA:0,(anonymous_54)
FNDA:0,(anonymous_55)
FNDA:0,(anonymous_56)
FNDA:0,(anonymous_57)
FNDA:0,(anonymous_58)
FNDA:0,(anonymous_59)
FNDA:0,(anonymous_60)
FNDA:0,(anonymous_61)
FNDA:0,(anonymous_62)
FNDA:0,(anonymous_63)
FNDA:0,(anonymous_64)
FNDA:0,(anonymous_65)
FNDA:0,(anonymous_66)
FNDA:0,(anonymous_67)
FNDA:0,(anonymous_68)
FNDA:0,(anonymous_69)
FNDA:0,(anonymous_70)
FNDA:0,(anonymous_71)
FNDA:0,(anonymous_72)
FNDA:0,(anonymous_73)
FNDA:0,(anonymous_74)
FNDA:0,(anonymous_75)
FNDA:0,(anonymous_76)
FNDA:0,(anonymous_77)
FNDA:0,(anonymous_78)
FNDA:0,(anonymous_79)
FNDA:0,(anonymous_80)
FNDA:0,(anonymous_81)
FNDA:0,(anonymous_82)
FNDA:0,(anonymous_83)
FNDA:0,(anonymous_84)
FNDA:0,(anonymous_85)
FNDA:0,(anonymous_86)
FNDA:0,(anonymous_87)
FNDA:0,(anonymous_88)
FNDA:0,(anonymous_89)
DA:22,0
DA:23,0
DA:24,0
DA:25,0
DA:26,0
DA:27,0
DA:30,0
DA:31,0
DA:32,0
DA:33,0
DA:34,0
DA:35,0
DA:36,0
DA:37,0
DA:38,0
DA:39,0
DA:40,0
DA:41,0
DA:42,0
DA:43,0
DA:44,0
DA:45,0
DA:46,0
DA:47,0
DA:48,0
DA:49,0
DA:50,0
DA:51,0
DA:52,0
DA:53,0
DA:54,0
DA:55,0
DA:56,0
DA:57,0
DA:59,0
DA:60,0
DA:61,0
DA:62,0
DA:66,0
DA:70,0
DA:71,0
DA:104,0
DA:107,0
DA:108,0
DA:109,0
DA:115,0
DA:116,0
DA:117,0
DA:122,0
DA:125,0
DA:126,0
DA:127,0
DA:128,0
DA:129,0
DA:130,0
DA:131,0
DA:132,0
DA:133,0
DA:134,0
DA:138,0
DA:139,0
DA:148,0
DA:149,0
DA:150,0
DA:152,0
DA:153,0
DA:155,0
DA:156,0
DA:160,0
DA:162,0
DA:163,0
DA:167,0
DA:168,0
DA:169,0
DA:183,0
DA:184,0
DA:185,0
DA:186,0
DA:187,0
DA:188,0
DA:192,0
DA:193,0
DA:194,0
DA:195,0
DA:196,0
DA:197,0
DA:201,0
DA:202,0
DA:204,0
DA:205,0
DA:207,0
DA:208,0
DA:212,0
DA:215,0
DA:218,0
DA:219,0
DA:220,0
DA:221,0
DA:227,0
DA:230,0
DA:231,0
DA:235,0
DA:236,0
DA:237,0
DA:238,0
DA:239,0
DA:240,0
DA:241,0
DA:242,0
DA:243,0
DA:246,0
DA:247,0
DA:249,0
DA:253,0
DA:254,0
DA:255,0
DA:256,0
DA:257,0
DA:258,0
DA:259,0
DA:260,0
DA:264,0
DA:267,0
DA:272,0
DA:273,0
DA:274,0
DA:275,0
DA:276,0
DA:277,0
DA:281,0
DA:284,0
DA:286,0
DA:287,0
DA:288,0
DA:289,0
DA:290,0
DA:291,0
DA:292,0
DA:295,0
DA:296,0
DA:298,0
DA:301,0
DA:302,0
DA:304,0
DA:306,0
DA:307,0
DA:310,0
DA:312,0
DA:313,0
DA:314,0
DA:315,0
DA:319,0
DA:320,0
DA:321,0
DA:323,0
DA:325,0
DA:328,0
DA:329,0
DA:331,0
DA:332,0
DA:333,0
DA:335,0
DA:338,0
DA:339,0
DA:340,0
DA:343,0
DA:344,0
DA:345,0
DA:348,0
DA:351,0
DA:352,0
DA:353,0
DA:354,0
DA:355,0
DA:356,0
DA:358,0
DA:360,0
DA:362,0
DA:363,0
DA:364,0
DA:366,0
DA:368,0
DA:369,0
DA:371,0
DA:372,0
DA:374,0
DA:375,0
DA:379,0
DA:382,0
DA:383,0
DA:385,0
DA:386,0
DA:389,0
DA:390,0
DA:391,0
DA:392,0
DA:396,0
DA:398,0
DA:399,0
DA:403,0
DA:405,0
DA:406,0
DA:407,0
DA:411,0
DA:415,0
DA:418,0
DA:419,0
DA:421,0
DA:425,0
DA:427,0
DA:428,0
DA:432,0
DA:433,0
DA:436,0
DA:438,0
DA:440,0
DA:441,0
DA:442,0
DA:445,0
DA:447,0
DA:448,0
DA:449,0
DA:453,0
DA:454,0
DA:456,0
DA:457,0
DA:459,0
DA:461,0
DA:463,0
DA:465,0
DA:467,0
DA:474,0
DA:475,0
DA:479,0
DA:480,0
DA:481,0
DA:482,0
DA:488,0
LF:238
LH:0
BRDA:22,0,0,0
BRDA:22,0,1,0
BRDA:22,0,2,0
BRDA:23,1,0,0
BRDA:23,1,1,0
BRDA:26,2,0,0
BRDA:26,2,1,0
BRDA:27,3,0,0
BRDA:27,3,1,0
BRDA:63,4,0,0
BRDA:63,4,1,0
BRDA:116,5,0,0
BRDA:116,5,1,0
BRDA:130,6,0,0
BRDA:130,6,1,0
BRDA:133,7,0,0
BRDA:133,7,1,0
BRDA:138,8,0,0
BRDA:138,8,1,0
BRDA:211,9,0,0
BRDA:241,10,0,0
BRDA:241,10,1,0
BRDA:246,11,0,0
BRDA:246,11,1,0
BRDA:255,12,0,0
BRDA:255,12,1,0
BRDA:258,13,0,0
BRDA:258,13,1,0
BRDA:259,14,0,0
BRDA:259,14,1,0
BRDA:289,15,0,0
BRDA:289,15,1,0
BRDA:301,16,0,0
BRDA:301,16,1,0
BRDA:304,17,0,0
BRDA:304,17,1,0
BRDA:304,18,0,0
BRDA:304,18,1,0
BRDA:310,19,0,0
BRDA:310,19,1,0
BRDA:310,20,0,0
BRDA:310,20,1,0
BRDA:314,21,0,0
BRDA:314,21,1,0
BRDA:319,22,0,0
BRDA:319,22,1,0
BRDA:324,23,0,0
BRDA:324,23,1,0
BRDA:324,24,0,0
BRDA:324,24,1,0
BRDA:331,25,0,0
BRDA:331,25,1,0
BRDA:338,26,0,0
BRDA:338,26,1,0
BRDA:343,27,0,0
BRDA:343,27,1,0
BRDA:355,28,0,0
BRDA:355,28,1,0
BRDA:364,29,0,0
BRDA:364,29,1,0
BRDA:387,30,0,0
BRDA:387,30,1,0
BRDA:394,31,0,0
BRDA:394,31,1,0
BRDA:401,32,0,0
BRDA:401,32,1,0
BRDA:409,33,0,0
BRDA:409,33,1,0
BRDA:413,34,0,0
BRDA:413,34,1,0
BRDA:423,35,0,0
BRDA:423,35,1,0
BRDA:441,36,0,0
BRDA:441,36,1,0
BRDA:447,37,0,0
BRDA:447,37,1,0
BRDA:456,38,0,0
BRDA:456,38,1,0
BRDA:480,39,0,0
BRDA:480,39,1,0
BRF:80
BRH:0
end_of_record
TN:
SF:/home/travis/build/wasdk/WebAssemblyStudio/src/components/Binary.tsx
FN:33,toHex
FN:41,(anonymous_1)
FN:43,(anonymous_2)
FN:50,(anonymous_3)
FN:53,(anonymous_4)
FN:56,(anonymous_5)
FN:64,(anonymous_6)
FNF:7
FNH:5
FNDA:1,toHex
FNDA:1,(anonymous_1)
FNDA:0,(anonymous_2)
FNDA:1,(anonymous_3)
FNDA:1,(anonymous_4)
FNDA:0,(anonymous_5)
FNDA:1,(anonymous_6)
DA:22,4
DA:23,4
DA:24,4
DA:34,1
DA:35,1
DA:36,7
DA:38,1
DA:42,1
DA:43,1
DA:44,0
DA:45,0
DA:47,1
DA:48,1
DA:51,1
DA:54,1
DA:57,0
DA:58,0
DA:59,0
DA:60,0
DA:61,0
DA:65,1
DA:66,1
DA:67,1
DA:68,1
DA:69,1
DA:70,1
DA:71,1
DA:72,1
DA:73,1
DA:74,1
DA:75,0
DA:76,0
DA:77,0
DA:79,1
DA:85,1
DA:88,4
LF:36
LH:26
BRDA:59,0,0,0
BRDA:59,0,1,0
BRDA:77,1,0,0
BRDA:77,1,1,0
BRDA:77,2,0,0
BRDA:77,2,1,0
BRF:6
BRH:0
end_of_record
TN:
SF:/home/travis/build/wasdk/WebAssemblyStudio/src/components/BrowserNotSupported.tsx
FN:26,(anonymous_0)
FN:29,(anonymous_1)
FNF:2
FNH:0
FNDA:0,(anonymous_0)
FNDA:0,(anonymous_1)
DA:22,0
DA:23,0
DA:24,0
DA:27,0
DA:30,0
DA:38,0
LF:6
LH:0
BRF:0
BRH:0
end_of_record
TN:
SF:/home/travis/build/wasdk/WebAssemblyStudio/src/components/ControlCenter.tsx
FN:33,(anonymous_0)
FN:35,(anonymous_1)
FN:50,(anonymous_2)
FN:53,(anonymous_3)
FN:56,(anonymous_4)
FN:59,(anonymous_5)
FN:61,(anonymous_6)
FN:74,(anonymous_7)
FN:77,(anonymous_8)
FN:84,(anonymous_9)
FN:87,(anonymous_10)
FN:89,(anonymous_11)
FN:94,(anonymous_12)
FN:98,(anonymous_13)
FN:103,(anonymous_14)
FN:106,(anonymous_15)
FN:112,(anonymous_16)
FNF:17
FNH:8
FNDA:2,(anonymous_0)
FNDA:0,(anonymous_1)
FNDA:2,(anonymous_2)
FNDA:0,(anonymous_3)
FNDA:0,(anonymous_4)
FNDA:0,(anonymous_5)
FNDA:0,(anonymous_6)
FNDA:4,(anonymous_7)
FNDA:0,(anonymous_8)
FNDA:2,(anonymous_9)
FNDA:2,(anonymous_10)
FNDA:0,(anonymous_11)
FNDA:4,(anonymous_12)
FNDA:0,(anonymous_13)
FNDA:1,(anonymous_14)
FNDA:1,(anonymous_15)
FNDA:0,(anonymous_16)
DA:22,1
DA:23,1
DA:24,1
DA:25,1
DA:26,1
DA:27,1
DA:28,1
DA:29,1
DA:30,1
DA:31,1
DA:34,2
DA:35,2
DA:36,0
DA:38,2
DA:39,2
DA:40,2
DA:51,2
DA:54,0
DA:57,0
DA:60,0
DA:61,0
DA:62,0
DA:63,0
DA:69,0
DA:70,0
DA:72,0
DA:75,4
DA:77,3
DA:79,1
DA:81,0
DA:85,2
DA:88,2
DA:89,2
DA:90,0
DA:92,2
DA:95,4
DA:99,0
DA:104,1
DA:107,1
DA:113,0
DA:114,0
DA:120,1
LF:42
LH:27
BRDA:60,0,0,0
BRDA:60,0,1,0
BRDA:69,1,0,0
BRDA:69,1,1,0
BRDA:75,2,0,3
BRDA:75,2,1,1
BRDA:75,2,2,0
BRDA:99,3,0,0
BRDA:99,3,1,0
BRF:9
BRH:2
end_of_record
TN:
SF:/home/travis/build/wasdk/WebAssemblyStudio/src/components/DirectoryTree.tsx
FN:22,(anonymous_0)
FN:23,(anonymous_1)
FN:24,fulfilled
FN:25,rejected
FN:26,step
FN:26,(anonymous_5)
FN:40,(anonymous_6)
FN:55,(anonymous_7)
FN:58,(anonymous_8)
FN:116,(anonymous_9)
FN:120,(anonymous_10)
FN:132,(anonymous_11)
FN:138,(anonymous_12)
FN:144,(anonymous_13)
FN:151,(anonymous_14)
FN:154,(anonymous_15)
FN:157,(anonymous_16)
FN:163,(anonymous_17)
FN:166,(anonymous_18)
FN:169,(anonymous_19)
FN:175,(anonymous_20)
FN:181,(anonymous_21)
FN:181,(anonymous_22)
FN:185,(anonymous_23)
FN:188,(anonymous_24)
FN:191,(anonymous_25)
FN:194,(anonymous_26)
FN:197,(anonymous_27)
FN:200,(anonymous_28)
FN:203,(anonymous_29)
FN:206,(anonymous_30)
FN:209,(anonymous_31)
FN:212,(anonymous_32)
FN:217,(anonymous_33)
FN:222,(anonymous_34)
FN:225,(anonymous_35)
FN:230,(anonymous_36)
FN:231,(anonymous_37)
FN:234,(anonymous_38)
FN:237,(anonymous_39)
FN:256,(anonymous_40)
FN:262,(anonymous_41)
FN:268,(anonymous_42)
FN:275,(anonymous_43)
FN:277,mimeTypeUploadIsAllowed
FN:286,(anonymous_45)
FN:289,(anonymous_46)
FN:307,(anonymous_47)
FN:308,(anonymous_48)
FN:325,(anonymous_49)
FN:331,(anonymous_50)
FN:337,(anonymous_51)
FN:343,(anonymous_52)
FN:348,(anonymous_53)
FN:351,(anonymous_54)
FN:354,(anonymous_55)
FN:357,(anonymous_56)
FN:365,(anonymous_57)
FN:378,(anonymous_58)
FN:381,(anonymous_59)
FN:388,(anonymous_60)
FN:391,(anonymous_61)
FN:401,(anonymous_62)
FN:402,(anonymous_63)
FNF:64
FNH:0
FNDA:0,(anonymous_0)
FNDA:0,(anonymous_1)
FNDA:0,fulfilled
FNDA:0,rejected
FNDA:0,step
FNDA:0,(anonymous_5)
FNDA:0,(anonymous_6)
FNDA:0,(anonymous_7)
FNDA:0,(anonymous_8)
FNDA:0,(anonymous_9)
FNDA:0,(anonymous_10)
FNDA:0,(anonymous_11)
FNDA:0,(anonymous_12)
FNDA:0,(anonymous_13)
FNDA:0,(anonymous_14)
FNDA:0,(anonymous_15)
FNDA:0,(anonymous_16)
FNDA:0,(anonymous_17)
FNDA:0,(anonymous_18)
FNDA:0,(anonymous_19)
FNDA:0,(anonymous_20)
FNDA:0,(anonymous_21)
FNDA:0,(anonymous_22)
FNDA:0,(anonymous_23)
FNDA:0,(anonymous_24)
FNDA:0,(anonymous_25)
FNDA:0,(anonymous_26)
FNDA:0,(anonymous_27)
FNDA:0,(anonymous_28)
FNDA:0,(anonymous_29)
FNDA:0,(anonymous_30)
FNDA:0,(anonymous_31)
FNDA:0,(anonymous_32)
FNDA:0,(anonymous_33)
FNDA:0,(anonymous_34)
FNDA:0,(anonymous_35)
FNDA:0,(anonymous_36)
FNDA:0,(anonymous_37)
FNDA:0,(anonymous_38)
FNDA:0,(anonymous_39)
FNDA:0,(anonymous_40)
FNDA:0,(anonymous_41)
FNDA:0,(anonymous_42)
FNDA:0,(anonymous_43)
FNDA:0,mimeTypeUploadIsAllowed
FNDA:0,(anonymous_45)
FNDA:0,(anonymous_46)
FNDA:0,(anonymous_47)
FNDA:0,(anonymous_48)
FNDA:0,(anonymous_49)
FNDA:0,(anonymous_50)
FNDA:0,(anonymous_51)
FNDA:0,(anonymous_52)
FNDA:0,(anonymous_53)
FNDA:0,(anonymous_54)
FNDA:0,(anonymous_55)
FNDA:0,(anonymous_56)
FNDA:0,(anonymous_57)
FNDA:0,(anonymous_58)
FNDA:0,(anonymous_59)
FNDA:0,(anonymous_60)
FNDA:0,(anonymous_61)
FNDA:0,(anonymous_62)
FNDA:0,(anonymous_63)
DA:22,1
DA:23,0
DA:24,0
DA:25,0
DA:26,0
DA:27,0
DA:30,1
DA:31,1
DA:32,1
DA:33,1
DA:34,1
DA:35,1
DA:36,1
DA:37,1
DA:38,1
DA:41,0
DA:42,0
DA:43,0
DA:44,0
DA:45,0
DA:46,0
DA:47,0
DA:48,0
DA:49,0
DA:50,0
DA:51,0
DA:52,0
DA:53,0
DA:59,0
DA:60,0
DA:62,0
DA:63,0
DA:65,0
DA:66,0
DA:68,0
DA:69,0
DA:71,0
DA:72,0
DA:74,0
DA:75,0
DA:77,0
DA:78,0
DA:80,0
DA:81,0
DA:83,0
DA:84,0
DA:86,0
DA:87,0
DA:89,0
DA:90,0
DA:93,0
DA:95,0
DA:96,0
DA:98,0
DA:99,0
DA:100,0
DA:101,0
DA:102,0
DA:103,0
DA:105,0
DA:106,0
DA:108,0
DA:109,0
DA:111,0
DA:114,1
DA:117,0
DA:118,0
DA:119,0
DA:120,0
DA:121,0
DA:123,0
DA:124,0
DA:125,0
DA:126,0
DA:133,0
DA:134,0
DA:136,0
DA:139,0
DA:140,0
DA:142,0
DA:145,0
DA:146,0
DA:147,0
DA:148,0
DA:150,0
DA:151,0
DA:152,0
DA:154,0
DA:155,0
DA:157,0
DA:158,0
DA:162,0
DA:163,0
DA:164,0
DA:166,0
DA:167,0
DA:169,0
DA:170,0
DA:174,0
DA:175,0
DA:176,0
DA:180,0
DA:181,0
DA:182,0
DA:183,0
DA:185,0
DA:186,0
DA:188,0
DA:189,0
DA:191,0
DA:192,0
DA:194,0
DA:195,0
DA:197,0
DA:198,0
DA:200,0
DA:201,0
DA:203,0
DA:204,0
DA:206,0
DA:207,0
DA:209,0
DA:210,0
DA:212,0
DA:213,0
DA:216,0
DA:217,0
DA:218,0
DA:221,0
DA:222,0
DA:223,0
DA:225,0
DA:226,0
DA:229,0
DA:230,0
DA:232,0
DA:235,0
DA:238,0
DA:239,0
DA:243,0
DA:245,0
DA:246,0
DA:247,0
DA:248,0
DA:257,0
DA:263,0
DA:269,0
DA:276,0
DA:278,0
DA:279,0
DA:280,0
DA:282,0
DA:286,0
DA:287,0
DA:288,0
DA:289,0
DA:294,0
DA:295,0
DA:308,0
DA:309,0
DA:310,0
DA:311,0
DA:312,0
DA:314,0
DA:315,0
DA:319,0
DA:326,0
DA:332,0
DA:338,0
DA:344,0
DA:349,0
DA:352,0
DA:355,0
DA:358,0
DA:366,0
DA:367,0
DA:369,0
DA:370,0
DA:372,0
DA:373,0
DA:375,0
DA:376,0
DA:379,0
DA:380,0
DA:381,0
DA:382,0
DA:383,0
DA:386,0
DA:389,0
DA:392,0
DA:393,0
DA:394,0
DA:397,0
DA:398,0
DA:402,0
DA:405,1
LF:196
LH:12
BRDA:22,0,0,1
BRDA:22,0,1,1
BRDA:22,0,2,1
BRDA:23,1,0,0
BRDA:23,1,1,0
BRDA:26,2,0,0
BRDA:26,2,1,0
BRDA:27,3,0,0
BRDA:27,3,1,0
BRDA:60,4,0,0
BRDA:60,4,1,0
BRDA:60,4,2,0
BRDA:60,4,3,0
BRDA:60,4,4,0
BRDA:60,4,5,0
BRDA:60,4,6,0
BRDA:60,4,7,0
BRDA:60,4,8,0
BRDA:89,5,0,0
BRDA:89,5,1,0
BRDA:95,6,0,0
BRDA:95,6,1,0
BRDA:102,7,0,0
BRDA:102,7,1,0
BRDA:102,8,0,0
BRDA:102,8,1,0
BRDA:105,9,0,0
BRDA:105,9,1,0
BRDA:105,10,0,0
BRDA:105,10,1,0
BRDA:108,11,0,0
BRDA:108,11,1,0
BRDA:108,12,0,0
BRDA:108,12,1,0
BRDA:133,13,0,0
BRDA:133,13,1,0
BRDA:139,14,0,0
BRDA:139,14,1,0
BRDA:150,15,0,0
BRDA:150,15,1,0
BRDA:151,16,0,0
BRDA:151,16,1,0
BRDA:154,17,0,0
BRDA:154,17,1,0
BRDA:157,18,0,0
BRDA:157,18,1,0
BRDA:162,19,0,0
BRDA:162,19,1,0
BRDA:163,20,0,0
BRDA:163,20,1,0
BRDA:166,21,0,0
BRDA:166,21,1,0
BRDA:174,22,0,0
BRDA:174,22,1,0
BRDA:175,23,0,0
BRDA:175,23,1,0
BRDA:180,24,0,0
BRDA:180,24,1,0
BRDA:183,25,0,0
BRDA:183,25,1,0
BRDA:216,26,0,0
BRDA:216,26,1,0
BRDA:216,27,0,0
BRDA:216,27,1,0
BRDA:221,28,0,0
BRDA:221,28,1,0
BRDA:238,29,0,0
BRDA:238,29,1,0
BRDA:279,30,0,0
BRDA:279,30,1,0
BRDA:287,31,0,0
BRDA:287,31,1,0
BRDA:287,32,0,0
BRDA:287,32,1,0
BRDA:296,33,0,0
BRDA:296,33,1,0
BRDA:296,33,2,0
BRDA:296,33,3,0
BRDA:310,34,0,0
BRDA:310,34,1,0
BRDA:315,35,0,0
BRDA:315,35,1,0
BRDA:366,36,0,0
BRDA:366,36,1,0
BRDA:369,37,0,0
BRDA:369,37,1,0
BRDA:369,38,0,0
BRDA:369,38,1,0
BRDA:369,38,2,0
BRDA:372,39,0,0
BRDA:372,39,1,0
BRDA:382,40,0,0
BRDA:382,40,1,0
BRDA:392,41,0,0
BRDA:392,41,1,0
BRF:95
BRH:3
end_of_record
TN:
SF:/home/travis/build/wasdk/WebAssemblyStudio/src/components/EditFileDialog.tsx
FN:31,(anonymous_0)
FN:33,(anonymous_1)
FN:36,(anonymous_2)
FN:46,(anonymous_3)
FN:60,(anonymous_4)
FN:71,(anonymous_5)
FN:74,(anonymous_6)
FNF:7
FNH:0
FNDA:0,(anonymous_0)
FNDA:0,(anonymous_1)
FNDA:0,(anonymous_2)
FNDA:0,(anonymous_3)
FNDA:0,(anonymous_4)
FNDA:0,(anonymous_5)
FNDA:0,(anonymous_6)
DA:22,0
DA:23,0
DA:24,0
DA:25,0
DA:26,0
DA:27,0
DA:28,0
DA:29,0
DA:32,0
DA:33,0
DA:34,0
DA:36,0
DA:37,0
DA:39,0
DA:40,0
DA:47,0
DA:48,0
DA:49,0
DA:50,0
DA:52,0
DA:53,0
DA:55,0
DA:56,0
DA:58,0
DA:61,0
DA:62,0
DA:63,0
DA:72,0
DA:75,0
DA:79,0
LF:30
LH:0
BRDA:49,0,0,0
BRDA:49,0,1,0
BRDA:52,1,0,0
BRDA:52,1,1,0
BRDA:55,2,0,0
BRDA:55,2,1,0
BRDA:55,3,0,0
BRDA:55,3,1,0
BRDA:63,4,0,0
BRDA:63,4,1,0
BRDA:65,5,0,0
BRDA:65,5,1,0
BRDA:74,6,0,0
BRDA:74,6,1,0
BRDA:75,7,0,0
BRDA:75,7,1,0
BRF:16
BRH:0
end_of_record
TN:
SF:/home/travis/build/wasdk/WebAssemblyStudio/src/components/Header.tsx
FN:25,(anonymous_0)
FNF:1
FNH:1
FNDA:1,(anonymous_0)
DA:22,1
DA:23,1
DA:26,1
DA:30,1
LF:4
LH:4
BRF:0
BRH:0
end_of_record
TN:
SF:/home/travis/build/wasdk/WebAssemblyStudio/src/components/Markdown.tsx
FN:22,(anonymous_0)
FN:23,(anonymous_1)
FN:24,fulfilled
FN:25,rejected
FN:26,step
FN:26,(anonymous_5)
FN:34,(anonymous_6)
FN:40,(anonymous_7)
FN:41,(anonymous_8)
FN:46,(anonymous_9)
FN:47,(anonymous_10)
FN:54,(anonymous_11)
FN:60,(anonymous_12)
FN:62,(anonymous_13)
FN:71,(anonymous_14)
FN:74,(anonymous_15)
FN:77,(anonymous_16)
FN:88,(anonymous_17)
FNF:18
FNH:12
FNDA:2,(anonymous_0)
FNDA:2,(anonymous_1)
FNDA:0,fulfilled
FNDA:0,rejected
FNDA:2,step
FNDA:2,(anonymous_5)
FNDA:2,(anonymous_6)
FNDA:2,(anonymous_7)
FNDA:2,(anonymous_8)
FNDA:0,(anonymous_9)
FNDA:0,(anonymous_10)
FNDA:2,(anonymous_11)
FNDA:2,(anonymous_12)
FNDA:0,(anonymous_13)
FNDA:2,(anonymous_14)
FNDA:2,(anonymous_15)
FNDA:0,(anonymous_16)
FNDA:2,(anonymous_17)
DA:22,4
DA:23,2
DA:24,0
DA:25,0
DA:26,2
DA:27,2
DA:30,4
DA:31,4
DA:32,4
DA:35,2
DA:36,2
DA:41,2
DA:42,2
DA:43,0
DA:47,0
DA:48,0
DA:49,0
DA:50,0
DA:55,2
DA:58,4
DA:61,2
DA:62,2
DA:63,0
DA:67,2
DA:72,2
DA:75,2
DA:78,0
DA:79,0
DA:80,0
DA:81,0
DA:82,0
DA:83,0
DA:89,2
DA:92,4
LF:34
LH:20
BRDA:22,0,0,4
BRDA:22,0,1,4
BRDA:22,0,2,4
BRDA:23,1,0,2
BRDA:23,1,1,2
BRDA:26,2,0,0
BRDA:26,2,1,2
BRDA:27,3,0,2
BRDA:27,3,1,2
BRDA:48,4,0,0
BRDA:48,4,1,0
BRDA:80,5,0,0
BRDA:80,5,1,0
BRF:13
BRH:8
end_of_record
TN:
SF:/home/travis/build/wasdk/WebAssemblyStudio/src/components/NewDirectoryDialog.tsx
FN:31,(anonymous_0)
FN:33,(anonymous_1)
FN:40,(anonymous_2)
FN:52,(anonymous_3)
FN:55,(anonymous_4)
FN:62,(anonymous_5)
FN:65,(anonymous_6)
FNF:7
FNH:7
FNDA:5,(anonymous_0)
FNDA:3,(anonymous_1)
FNDA:11,(anonymous_2)
FNDA:8,(anonymous_3)
FNDA:8,(anonymous_4)
FNDA:1,(anonymous_5)
FNDA:1,(anonymous_6)
DA:22,1
DA:23,1
DA:24,1
DA:25,1
DA:26,1
DA:27,1
DA:28,1
DA:29,1
DA:32,5
DA:33,5
DA:34,3
DA:36,5
DA:41,11
DA:42,11
DA:43,6
DA:44,2
DA:46,4
DA:47,2
DA:50,7
DA:53,8
DA:56,8
DA:63,1
DA:66,1
DA:67,1
DA:71,1
LF:25
LH:25
BRDA:42,0,0,6
BRDA:42,0,1,5
BRDA:43,1,0,2
BRDA:43,1,1,4
BRDA:46,2,0,2
BRDA:46,2,1,2
BRDA:46,3,0,4
BRDA:46,3,1,4
BRDA:65,4,0,8
BRDA:65,4,1,3
BRDA:67,5,0,1
BRDA:67,5,1,1
BRF:12
BRH:12
end_of_record
TN:
SF:/home/travis/build/wasdk/WebAssemblyStudio/src/components/NewFileDialog.tsx
FN:31,(anonymous_0)
FN:33,(anonymous_1)
FN:42,(anonymous_2)
FN:57,(anonymous_3)
FN:65,(anonymous_4)
FN:68,(anonymous_5)
FN:75,(anonymous_6)
FN:109,(anonymous_7)
FN:112,(anonymous_8)
FNF:9
FNH:0
FNDA:0,(anonymous_0)
FNDA:0,(anonymous_1)
FNDA:0,(anonymous_2)
FNDA:0,(anonymous_3)
FNDA:0,(anonymous_4)
FNDA:0,(anonymous_5)
FNDA:0,(anonymous_6)
FNDA:0,(anonymous_7)
FNDA:0,(anonymous_8)
DA:22,0
DA:23,0
DA:24,0
DA:25,0
DA:26,0
DA:27,0
DA:28,0
DA:29,0
DA:32,0
DA:33,0
DA:34,0
DA:36,0
DA:43,0
DA:44,0
DA:45,0
DA:46,0
DA:48,0
DA:49,0
DA:51,0
DA:52,0
DA:55,0
DA:58,0
DA:59,0
DA:60,0
DA:61,0
DA:63,0
DA:66,0
DA:69,0
DA:76,0
DA:77,0
DA:79,0
DA:80,0
DA:82,0
DA:83,0
DA:85,0
DA:86,0
DA:88,0
DA:89,0
DA:91,0
DA:110,0
DA:113,0
DA:114,0
DA:118,0
LF:43
LH:0
BRDA:44,0,0,0
BRDA:44,0,1,0
BRDA:45,1,0,0
BRDA:45,1,1,0
BRDA:48,2,0,0
BRDA:48,2,1,0
BRDA:51,3,0,0
BRDA:51,3,1,0
BRDA:51,4,0,0
BRDA:51,4,1,0
BRDA:60,5,0,0
BRDA:60,5,1,0
BRDA:77,6,0,0
BRDA:77,6,1,0
BRDA:77,6,2,0
BRDA:77,6,3,0
BRDA:107,7,0,0
BRDA:107,7,1,0
BRDA:112,8,0,0
BRDA:112,8,1,0
BRDA:112,8,2,0
BRDA:114,9,0,0
BRDA:114,9,1,0
BRF:23
BRH:0
end_of_record
TN:
SF:/home/travis/build/wasdk/WebAssemblyStudio/src/components/NewProjectDialog.tsx
FN:22,(anonymous_0)
FN:23,(anonymous_1)
FN:24,fulfilled
FN:25,rejected
FN:26,step
FN:26,(anonymous_5)
FN:40,(anonymous_6)
FN:42,(anonymous_7)
FN:52,(anonymous_8)
FN:55,(anonymous_9)
FN:58,(anonymous_10)
FN:59,(anonymous_11)
FN:81,(anonymous_12)
FN:82,(anonymous_13)
FN:87,(anonymous_14)
FN:94,(anonymous_15)
FN:96,(anonymous_16)
FN:103,(anonymous_17)
FN:106,(anonymous_18)
FNF:19
FNH:15
FNDA:6,(anonymous_0)
FNDA:6,(anonymous_1)
FNDA:9,fulfilled
FNDA:0,rejected
FNDA:15,step
FNDA:9,(anonymous_5)
FNDA:3,(anonymous_6)
FNDA:0,(anonymous_7)
FNDA:0,(anonymous_8)
FNDA:9,(anonymous_9)
FNDA:3,(anonymous_10)
FNDA:3,(anonymous_11)
FNDA:3,(anonymous_12)
FNDA:3,(anonymous_13)
FNDA:9,(anonymous_14)
FNDA:0,(anonymous_15)
FNDA:30,(anonymous_16)
FNDA:1,(anonymous_17)
FNDA:1,(anonymous_18)
DA:22,1
DA:23,6
DA:24,9
DA:25,0
DA:26,15
DA:27,6
DA:30,1
DA:31,1
DA:32,1
DA:33,1
DA:34,1
DA:35,1
DA:36,1
DA:37,1
DA:38,1
DA:41,3
DA:42,3
DA:43,0
DA:45,3
DA:53,0
DA:56,9
DA:59,3
DA:60,3
DA:61,3
DA:62,3
DA:63,3
DA:64,3
DA:65,3
DA:66,15
DA:67,15
DA:68,15
DA:69,15
DA:77,3
DA:78,3
DA:82,3
DA:83,3
DA:84,3
DA:88,9
DA:95,0
DA:97,30
DA:104,1
DA:107,1
DA:111,1
LF:43
LH:39
BRDA:22,0,0,1
BRDA:22,0,1,1
BRDA:22,0,2,1
BRDA:23,1,0,6
BRDA:23,1,1,6
BRDA:26,2,0,6
BRDA:26,2,1,9
BRDA:27,3,0,6
BRDA:27,3,1,6
BRDA:66,4,0,15
BRDA:66,4,1,15
BRDA:67,5,0,15
BRDA:67,5,1,15
BRDA:68,6,0,15
BRDA:68,6,1,15
BRDA:107,7,0,1
BRDA:107,7,1,1
BRF:17
BRH:17
end_of_record
TN:
SF:/home/travis/build/wasdk/WebAssemblyStudio/src/components/Problems.tsx
FN:31,(anonymous_0)
FN:46,(anonymous_1)
FN:49,(anonymous_2)
FN:59,(anonymous_3)
FN:64,(anonymous_4)
FN:70,(anonymous_5)
FN:76,(anonymous_6)
FN:82,(anonymous_7)
FN:83,(anonymous_8)
FN:86,(anonymous_9)
FN:89,(anonymous_10)
FN:105,(anonymous_11)
FN:111,(anonymous_12)
FN:123,(anonymous_13)
FN:126,(anonymous_14)
FN:141,(anonymous_15)
FN:149,(anonymous_16)
FN:158,(anonymous_17)
FN:161,(anonymous_18)
FN:164,(anonymous_19)
FN:171,(anonymous_20)
FN:177,(anonymous_21)
FN:180,(anonymous_22)
FN:185,(anonymous_23)
FN:189,(anonymous_24)
FN:193,(anonymous_25)
FN:197,(anonymous_26)
FN:198,(anonymous_27)
FNF:28
FNH:0
FNDA:0,(anonymous_0)
FNDA:0,(anonymous_1)
FNDA:0,(anonymous_2)
FNDA:0,(anonymous_3)
FNDA:0,(anonymous_4)
FNDA:0,(anonymous_5)
FNDA:0,(anonymous_6)
FNDA:0,(anonymous_7)
FNDA:0,(anonymous_8)
FNDA:0,(anonymous_9)
FNDA:0,(anonymous_10)
FNDA:0,(anonymous_11)
FNDA:0,(anonymous_12)
FNDA:0,(anonymous_13)
FNDA:0,(anonymous_14)
FNDA:0,(anonymous_15)
FNDA:0,(anonymous_16)
FNDA:0,(anonymous_17)
FNDA:0,(anonymous_18)
FNDA:0,(anonymous_19)
FNDA:0,(anonymous_20)
FNDA:0,(anonymous_21)
FNDA:0,(anonymous_22)
FNDA:0,(anonymous_23)
FNDA:0,(anonymous_24)
FNDA:0,(anonymous_25)
FNDA:0,(anonymous_26)
FNDA:0,(anonymous_27)
DA:22,1
DA:23,1
DA:24,1
DA:25,1
DA:26,1
DA:27,1
DA:28,1
DA:29,1
DA:32,0
DA:33,0
DA:34,0
DA:35,0
DA:36,0
DA:37,0
DA:38,0
DA:39,0
DA:40,0
DA:41,0
DA:42,0
DA:43,0
DA:44,0
DA:50,0
DA:51,0
DA:52,0
DA:53,0
DA:54,0
DA:55,0
DA:60,0
DA:61,0
DA:62,0
DA:65,0
DA:66,0
DA:68,0
DA:71,0
DA:72,0
DA:74,0
DA:77,0
DA:78,0
DA:79,0
DA:80,0
DA:81,0
DA:82,0
DA:84,0
DA:87,0
DA:90,0
DA:91,0
DA:95,0
DA:96,0
DA:99,0
DA:106,0
DA:112,0
DA:113,0
DA:115,0
DA:116,0
DA:118,0
DA:124,0
DA:125,0
DA:126,0
DA:127,0
DA:128,0
DA:131,0
DA:133,0
DA:134,0
DA:136,0
DA:142,0
DA:143,0
DA:145,0
DA:150,0
DA:153,0
DA:154,0
DA:156,0
DA:159,0
DA:162,0
DA:165,0
DA:172,0
DA:173,0
DA:175,0
DA:178,0
DA:179,0
DA:180,0
DA:181,0
DA:182,0
DA:185,0
DA:186,0
DA:187,0
DA:189,0
DA:190,0
DA:194,0
DA:195,0
DA:198,0
DA:201,1
LF:91
LH:9
BRDA:65,0,0,0
BRDA:65,0,1,0
BRDA:71,1,0,0
BRDA:71,1,1,0
BRDA:90,2,0,0
BRDA:90,2,1,0
BRDA:112,3,0,0
BRDA:112,3,1,0
BRDA:112,4,0,0
BRDA:112,4,1,0
BRDA:115,5,0,0
BRDA:115,5,1,0
BRDA:124,6,0,0
BRDA:124,6,1,0
BRDA:124,7,0,0
BRDA:124,7,1,0
BRDA:127,8,0,0
BRDA:127,8,1,0
BRDA:133,9,0,0
BRDA:133,9,1,0
BRDA:142,10,0,0
BRDA:142,10,1,0
BRDA:153,11,0,0
BRDA:153,11,1,0
BRDA:159,12,0,0
BRDA:159,12,1,0
BRDA:172,13,0,0
BRDA:172,13,1,0
BRDA:181,14,0,0
BRDA:181,14,1,0
BRF:30
BRH:0
end_of_record
TN:
SF:/home/travis/build/wasdk/WebAssemblyStudio/src/components/Sandbox.tsx
FN:29,(anonymous_0)
FN:31,(anonymous_1)
FN:34,(anonymous_2)
FN:37,(anonymous_3)
FN:41,(anonymous_4)
FN:47,(anonymous_5)
FN:52,(anonymous_6)
FN:57,(anonymous_7)
FN:68,(anonymous_8)
FN:68,(anonymous_9)
FN:72,(anonymous_10)
FN:72,(anonymous_11)
FN:76,(anonymous_12)
FN:76,(anonymous_13)
FN:80,(anonymous_14)
FN:80,(anonymous_15)
FN:85,(anonymous_16)
FN:99,(anonymous_17)
FN:108,(anonymous_18)
FN:109,(anonymous_19)
FN:114,(anonymous_20)
FN:115,(anonymous_21)
FNF:22
FNH:0
FNDA:0,(anonymous_0)
FNDA:0,(anonymous_1)
FNDA:0,(anonymous_2)
FNDA:0,(anonymous_3)
FNDA:0,(anonymous_4)
FNDA:0,(anonymous_5)
FNDA:0,(anonymous_6)
FNDA:0,(anonymous_7)
FNDA:0,(anonymous_8)
FNDA:0,(anonymous_9)
FNDA:0,(anonymous_10)
FNDA:0,(anonymous_11)
FNDA:0,(anonymous_12)
FNDA:0,(anonymous_13)
FNDA:0,(anonymous_14)
FNDA:0,(anonymous_15)
FNDA:0,(anonymous_16)
FNDA:0,(anonymous_17)
FNDA:0,(anonymous_18)
FNDA:0,(anonymous_19)
FNDA:0,(anonymous_20)
FNDA:0,(anonymous_21)
DA:22,1
DA:23,1
DA:24,1
DA:25,1
DA:26,1
DA:27,1
DA:30,0
DA:31,0
DA:32,0
DA:34,0
DA:35,0
DA:37,0
DA:38,0
DA:42,0
DA:43,0
DA:45,0
DA:48,0
DA:49,0
DA:50,0
DA:53,0
DA:54,0
DA:55,0
DA:58,0
DA:59,0
DA:60,0
DA:61,0
DA:62,0
DA:64,0
DA:65,0
DA:66,0
DA:68,0
DA:69,0
DA:70,0
DA:72,0
DA:73,0
DA:74,0
DA:76,0
DA:77,0
DA:78,0
DA:80,0
DA:81,0
DA:82,0
DA:85,0
DA:86,0
DA:87,0
DA:88,0
DA:89,0
DA:97,0
DA:99,0
DA:100,0
DA:101,0
DA:102,0
DA:103,0
DA:105,0
DA:106,0
DA:108,0
DA:109,0
DA:110,0
DA:115,0
DA:118,1
LF:60
LH:7
BRDA:42,0,0,0
BRDA:42,0,1,0
BRDA:61,1,0,0
BRDA:61,1,1,0
BRDA:88,2,0,0
BRDA:88,2,1,0
BRDA:101,3,0,0
BRDA:101,3,1,0
BRF:8
BRH:0
end_of_record
TN:
SF:/home/travis/build/wasdk/WebAssemblyStudio/src/components/ShareDialog.tsx
FN:29,(anonymous_0)
FN:33,(anonymous_1)
FN:42,(anonymous_2)
FNF:3
FNH:0
FNDA:0,(anonymous_0)
FNDA:0,(anonymous_1)
FNDA:0,(anonymous_2)
DA:22,0
DA:23,0
DA:24,0
DA:25,0
DA:26,0
DA:27,0
DA:30,0
DA:31,0
DA:34,0
DA:35,0
DA:43,0
DA:47,0
LF:12
LH:0
BRF:0
BRH:0
end_of_record
TN:
SF:/home/travis/build/wasdk/WebAssemblyStudio/src/components/Split.tsx
FN:27,arrayEqual
FN:41,toCSSPercent
FN:44,toCSSPx
FN:47,isCSSPercentage
FN:50,parseCSSPercentage
FN:53,clone
FN:56,sum
FN:66,assignObject
FN:75,(anonymous_8)
FN:79,splitInfoEquals
FN:82,splitInfoArrayEquals
FN:94,(anonymous_11)
FN:100,(anonymous_12)
FN:111,(anonymous_13)
FN:131,(anonymous_14)
FN:137,(anonymous_15)
FN:143,(anonymous_16)
FN:149,(anonymous_17)
FN:152,(anonymous_18)
FN:174,(anonymous_19)
FN:180,eq
FN:183,geq
FN:186,leq
FN:216,(anonymous_23)
FN:235,(anonymous_24)
FN:243,(anonymous_25)
FN:247,(anonymous_26)
FN:259,(anonymous_27)
FN:272,(anonymous_28)
FNF:29
FNH:1
FNDA:0,arrayEqual
FNDA:0,toCSSPercent
FNDA:0,toCSSPx
FNDA:0,isCSSPercentage
FNDA:0,parseCSSPercentage
FNDA:0,clone
FNDA:0,sum
FNDA:0,assignObject
FNDA:1,(anonymous_8)
FNDA:0,splitInfoEquals
FNDA:0,splitInfoArrayEquals
FNDA:0,(anonymous_11)
FNDA:0,(anonymous_12)
FNDA:0,(anonymous_13)
FNDA:0,(anonymous_14)
FNDA:0,(anonymous_15)
FNDA:0,(anonymous_16)
FNDA:0,(anonymous_17)
FNDA:0,(anonymous_18)
FNDA:0,(anonymous_19)
FNDA:0,eq
FNDA:0,geq
FNDA:0,leq
FNDA:0,(anonymous_23)
FNDA:0,(anonymous_24)
FNDA:0,(anonymous_25)
FNDA:0,(anonymous_26)
FNDA:0,(anonymous_27)
FNDA:0,(anonymous_28)
DA:22,1
DA:23,1
DA:24,1
DA:25,1
DA:26,1
DA:28,0
DA:29,0
DA:31,0
DA:32,0
DA:34,0
DA:35,0
DA:36,0
DA:39,0
DA:42,0
DA:45,0
DA:48,0
DA:51,0
DA:54,0
DA:57,0
DA:58,0
DA:59,0
DA:61,0
DA:62,0
DA:64,0
DA:67,0
DA:68,0
DA:69,0
DA:72,0
DA:75,1
DA:76,1
DA:77,1
DA:80,0
DA:83,0
DA:84,0
DA:86,0
DA:87,0
DA:88,0
DA:91,0
DA:95,0
DA:96,0
DA:100,0
DA:101,0
DA:102,0
DA:104,0
DA:105,0
DA:106,0
DA:107,0
DA:108,0
DA:109,0
DA:111,0
DA:112,0
DA:113,0
DA:115,0
DA:116,0
DA:117,0
DA:118,0
DA:119,0
DA:120,0
DA:121,0
DA:122,0
DA:123,0
DA:124,0
DA:125,0
DA:127,0
DA:132,0
DA:133,0
DA:134,0
DA:135,0
DA:138,0
DA:139,0
DA:140,0
DA:144,0
DA:145,0
DA:146,0
DA:147,0
DA:150,0
DA:153,0
DA:154,0
DA:155,0
DA:156,0
DA:157,0
DA:158,0
DA:159,0
DA:161,0
DA:162,0
DA:164,0
DA:169,0
DA:175,0
DA:176,0
DA:177,0
DA:178,0
DA:179,0
DA:181,0
DA:184,0
DA:187,0
DA:191,0
DA:192,0
DA:194,0
DA:195,0
DA:197,0
DA:198,0
DA:199,0
DA:200,0
DA:201,0
DA:202,0
DA:203,0
DA:204,0
DA:205,0
DA:206,0
DA:207,0
DA:211,0
DA:212,0
DA:214,0
DA:217,0
DA:218,0
DA:219,0
DA:220,0
DA:221,0
DA:222,0
DA:223,0
DA:224,0
DA:227,0
DA:228,0
DA:230,0
DA:231,0
DA:236,0
DA:237,0
DA:238,0
DA:239,0
DA:240,0
DA:241,0
DA:244,0
DA:245,0
DA:248,0
DA:249,0
DA:250,0
DA:251,0
DA:252,0
DA:255,0
DA:257,0
DA:258,0
DA:259,0
DA:260,0
DA:261,0
DA:262,0
DA:265,0
DA:267,0
DA:268,0
DA:269,0
DA:272,0
DA:275,1
DA:276,1
DA:277,1
DA:278,1
LF:154
LH:12
BRDA:28,0,0,0
BRDA:28,0,1,0
BRDA:31,1,0,0
BRDA:31,1,1,0
BRDA:35,2,0,0
BRDA:35,2,1,0
BRDA:58,3,0,0
BRDA:58,3,1,0
BRDA:68,4,0,0
BRDA:68,4,1,0
BRDA:78,5,0,1
BRDA:78,5,1,1
BRDA:80,6,0,0
BRDA:80,6,1,0
BRDA:80,6,2,0
BRDA:80,6,3,0
BRDA:83,7,0,0
BRDA:83,7,1,0
BRDA:87,8,0,0
BRDA:87,8,1,0
BRDA:101,9,0,0
BRDA:101,9,1,0
BRDA:109,10,0,0
BRDA:109,10,1,0
BRDA:112,11,0,0
BRDA:112,11,1,0
BRDA:119,12,0,0
BRDA:119,12,1,0
BRDA:150,13,0,0
BRDA:150,13,1,0
BRDA:158,14,0,0
BRDA:158,14,1,0
BRDA:158,15,0,0
BRDA:158,15,1,0
BRDA:161,16,0,0
BRDA:161,16,1,0
BRDA:181,17,0,0
BRDA:181,17,1,0
BRDA:181,18,0,0
BRDA:181,18,1,0
BRDA:221,19,0,0
BRDA:221,19,1,0
BRDA:222,20,0,0
BRDA:222,20,1,0
BRDA:251,21,0,0
BRDA:251,21,1,0
BRDA:261,22,0,0
BRDA:261,22,1,0
BRDA:261,23,0,0
BRDA:261,23,1,0
BRDA:268,24,0,0
BRDA:268,24,1,0
BRDA:272,25,0,0
BRDA:272,25,1,0
BRF:54
BRH:2
end_of_record
TN:
SF:/home/travis/build/wasdk/WebAssemblyStudio/src/components/StatusBar.tsx
FN:26,(anonymous_0)
FN:28,(anonymous_1)
FN:39,(anonymous_2)
FN:42,(anonymous_3)
FN:45,(anonymous_4)
FNF:5
FNH:4
FNDA:3,(anonymous_0)
FNDA:3,(anonymous_1)
FNDA:3,(anonymous_2)
FNDA:0,(anonymous_3)
FNDA:6,(anonymous_4)
DA:22,1
DA:23,1
DA:24,1
DA:27,3
DA:28,3
DA:29,3
DA:34,3
DA:40,3
DA:43,0
DA:46,6
DA:47,6
DA:48,3
DA:50,6
DA:54,1
LF:14
LH:13
BRDA:47,0,0,3
BRDA:47,0,1,3
BRF:2
BRH:2
end_of_record
TN:
SF:/home/travis/build/wasdk/WebAssemblyStudio/src/components/Toasts.tsx
FN:27,(anonymous_0)
FN:33,(anonymous_1)
FN:38,(anonymous_2)
FN:39,(anonymous_3)
FN:40,(anonymous_4)
FN:43,(anonymous_5)
FN:47,(anonymous_6)
FN:52,(anonymous_7)
FN:65,(anonymous_8)
FNF:9
FNH:8
FNDA:3,(anonymous_0)
FNDA:3,(anonymous_1)
FNDA:1,(anonymous_2)
FNDA:1,(anonymous_3)
FNDA:1,(anonymous_4)
FNDA:7,(anonymous_5)
FNDA:4,(anonymous_6)
FNDA:2,(anonymous_7)
FNDA:0,(anonymous_8)
DA:22,1
DA:23,1
DA:24,1
DA:25,1
DA:28,3
DA:29,3
DA:34,3
DA:35,3
DA:36,3
DA:39,1
DA:40,1
DA:44,7
DA:45,4
DA:47,4
DA:50,1
DA:53,2
DA:54,2
DA:55,2
DA:61,1
DA:67,1
LF:20
LH:20
BRDA:33,0,0,3
BRDA:44,1,0,4
BRDA:44,1,1,3
BRF:3
BRH:3
end_of_record
TN:
SF:/home/travis/build/wasdk/WebAssemblyStudio/src/components/Toolbar.tsx
FN:25,(anonymous_0)
FNF:1
FNH:0
FNDA:0,(anonymous_0)
DA:22,0
DA:23,0
DA:26,0
DA:29,0
LF:4
LH:0
BRF:0
BRH:0
end_of_record
TN:
SF:/home/travis/build/wasdk/WebAssemblyStudio/src/components/UploadFileDialog.tsx
FN:22,(anonymous_0)
FN:23,(anonymous_1)
FN:24,fulfilled
FN:25,rejected
FN:26,step
FN:26,(anonymous_5)
FN:40,(anonymous_6)
FN:43,(anonymous_7)
FN:47,(anonymous_8)
FN:48,(anonymous_9)
FN:55,(anonymous_10)
FN:64,(anonymous_11)
FN:64,(anonymous_12)
FN:66,(anonymous_13)
FN:70,(anonymous_14)
FN:73,(anonymous_15)
FN:76,(anonymous_16)
FN:79,(anonymous_17)
FN:82,(anonymous_18)
FNF:19
FNH:0
FNDA:0,(anonymous_0)
FNDA:0,(anonymous_1)
FNDA:0,fulfilled
FNDA:0,rejected
FNDA:0,step
FNDA:0,(anonymous_5)
FNDA:0,(anonymous_6)
FNDA:0,(anonymous_7)
FNDA:0,(anonymous_8)
FNDA:0,(anonymous_9)
FNDA:0,(anonymous_10)
FNDA:0,(anonymous_11)
FNDA:0,(anonymous_12)
FNDA:0,(anonymous_13)
FNDA:0,(anonymous_14)
FNDA:0,(anonymous_15)
FNDA:0,(anonymous_16)
FNDA:0,(anonymous_17)
FNDA:0,(anonymous_18)
DA:22,0
DA:23,0
DA:24,0
DA:25,0
DA:26,0
DA:27,0
DA:30,0
DA:31,0
DA:32,0
DA:33,0
DA:34,0
DA:35,0
DA:36,0
DA:37,0
DA:38,0
DA:41,0
DA:42,0
DA:43,0
DA:44,0
DA:48,0
DA:49,0
DA:50,0
DA:51,0
DA:52,0
DA:56,0
DA:57,0
DA:64,0
DA:67,0
DA:71,0
DA:74,0
DA:77,0
DA:80,0
DA:83,0
DA:87,0
LF:34
LH:0
BRDA:22,0,0,0
BRDA:22,0,1,0
BRDA:22,0,2,0
BRDA:23,1,0,0
BRDA:23,1,1,0
BRDA:26,2,0,0
BRDA:26,2,1,0
BRDA:27,3,0,0
BRDA:27,3,1,0
BRDA:80,4,0,0
BRDA:80,4,1,0
BRDA:82,5,0,0
BRDA:82,5,1,0
BRDA:82,5,2,0
BRDA:83,6,0,0
BRDA:83,6,1,0
BRF:16
BRH:0
end_of_record
TN:
SF:/home/travis/build/wasdk/WebAssemblyStudio/src/components/Viz.tsx
FN:22,(anonymous_0)
FN:23,(anonymous_1)
FN:24,fulfilled
FN:25,rejected
FN:26,step
FN:26,(anonymous_5)
FN:33,isVizLoaded
FN:36,loadViz
FN:37,(anonymous_8)
FN:43,(anonymous_9)
FN:46,(anonymous_10)
FN:50,(anonymous_11)
FN:62,(anonymous_12)
FN:63,(anonymous_13)
FN:72,(anonymous_14)
FN:75,(anonymous_15)
FN:78,(anonymous_16)
FN:86,(anonymous_17)
FNF:18
FNH:13
FNDA:4,(anonymous_0)
FNDA:4,(anonymous_1)
FNDA:0,fulfilled
FNDA:0,rejected
FNDA:4,step
FNDA:4,(anonymous_5)
FNDA:2,isVizLoaded
FNDA:2,loadViz
FNDA:2,(anonymous_8)
FNDA:2,(anonymous_9)
FNDA:0,(anonymous_10)
FNDA:0,(anonymous_11)
FNDA:2,(anonymous_12)
FNDA:2,(anonymous_13)
FNDA:2,(anonymous_14)
FNDA:2,(anonymous_15)
FNDA:0,(anonymous_16)
FNDA:2,(anonymous_17)
DA:22,4
DA:23,4
DA:24,0
DA:25,0
DA:26,4
DA:27,4
DA:30,4
DA:31,4
DA:32,4
DA:34,2
DA:37,2
DA:38,2
DA:41,4
DA:44,2
DA:45,2
DA:46,2
DA:47,0
DA:48,0
DA:50,0
DA:51,0
DA:52,0
DA:57,2
DA:63,2
DA:64,2
DA:65,2
DA:66,0
DA:73,2
DA:76,2
DA:79,0
DA:80,0
DA:81,0
DA:82,0
DA:83,0
DA:87,2
DA:88,2
DA:90,0
DA:91,0
DA:92,0
DA:95,0
DA:99,4
LF:40
LH:23
BRDA:22,0,0,4
BRDA:22,0,1,4
BRDA:22,0,2,4
BRDA:23,1,0,4
BRDA:23,1,1,4
BRDA:26,2,0,0
BRDA:26,2,1,4
BRDA:27,3,0,4
BRDA:27,3,1,4
BRDA:47,4,0,0
BRDA:47,4,1,0
BRDA:64,5,0,2
BRDA:64,5,1,0
BRDA:81,6,0,0
BRDA:81,6,1,0
BRDA:87,7,0,2
BRDA:87,7,1,0
BRF:17
BRH:10
end_of_record
TN:
SF:/home/travis/build/wasdk/WebAssemblyStudio/src/components/Widgets.tsx
FN:25,(anonymous_0)
FN:31,(anonymous_1)
FN:40,(anonymous_2)
FN:43,(anonymous_3)
FN:58,(anonymous_4)
FN:61,(anonymous_5)
FN:64,(anonymous_6)
FN:77,(anonymous_7)
FN:78,(anonymous_8)
FN:83,(anonymous_9)
FN:101,(anonymous_10)
FN:104,(anonymous_11)
FN:106,(anonymous_12)
FN:108,(anonymous_13)
FNF:14
FNH:0
FNDA:0,(anonymous_0)
FNDA:0,(anonymous_1)
FNDA:0,(anonymous_2)
FNDA:0,(anonymous_3)
FNDA:0,(anonymous_4)
FNDA:0,(anonymous_5)
FNDA:0,(anonymous_6)
FNDA:0,(anonymous_7)
FNDA:0,(anonymous_8)
FNDA:0,(anonymous_9)
FNDA:0,(anonymous_10)
FNDA:0,(anonymous_11)
FNDA:0,(anonymous_12)
FNDA:0,(anonymous_13)
DA:22,2
DA:23,2
DA:26,0
DA:29,2
DA:32,0
DA:38,2
DA:41,0
DA:44,0
DA:45,0
DA:46,0
DA:52,0
DA:56,2
DA:59,0
DA:62,0
DA:65,0
DA:66,0
DA:67,0
DA:68,0
DA:71,0
DA:72,0
DA:73,0
DA:75,0
DA:78,0
DA:81,2
DA:84,0
DA:85,0
DA:86,0
DA:88,0
DA:89,0
DA:90,0
DA:94,0
DA:99,2
DA:102,0
DA:105,0
DA:106,0
DA:107,0
DA:109,0
DA:114,0
DA:119,2
LF:39
LH:8
BRDA:45,0,0,0
BRDA:45,0,1,0
BRDA:49,1,0,0
BRDA:49,1,1,0
BRDA:65,2,0,0
BRDA:65,2,1,0
BRDA:65,3,0,0
BRDA:65,3,1,0
BRDA:85,4,0,0
BRDA:85,4,1,0
BRDA:89,5,0,0
BRDA:89,5,1,0
BRDA:109,6,0,0
BRDA:109,6,1,0
BRF:14
BRH:0
end_of_record
TN:
SF:/home/travis/build/wasdk/WebAssemblyStudio/src/components/Workspace.tsx
FN:29,(anonymous_0)
FN:31,(anonymous_1)
FN:35,(anonymous_2)
FN:45,(anonymous_3)
FN:49,(anonymous_4)
FN:53,(anonymous_5)
FN:58,(anonymous_6)
FN:62,(anonymous_7)
FN:64,(anonymous_8)
FNF:9
FNH:0
FNDA:0,(anonymous_0)
FNDA:0,(anonymous_1)
FNDA:0,(anonymous_2)
FNDA:0,(anonymous_3)
FNDA:0,(anonymous_4)
FNDA:0,(anonymous_5)
FNDA:0,(anonymous_6)
FNDA:0,(anonymous_7)
FNDA:0,(anonymous_8)
DA:22,0
DA:23,0
DA:24,0
DA:25,0
DA:26,0
DA:27,0
DA:30,0
DA:31,0
DA:33,0
DA:35,0
DA:37,0
DA:39,0
DA:46,0
DA:47,0
DA:50,0
DA:51,0
DA:54,0
DA:55,0
DA:59,0
DA:63,0
DA:65,0
DA:69,0
LF:22
LH:0
BRF:0
BRH:0
end_of_record
TN:
SF:/home/travis/build/wasdk/WebAssemblyStudio/src/components/WorkspaceEntry.tsx
FN:25,(anonymous_0)
FNF:1
FNH:0
FNDA:0,(anonymous_0)
DA:22,0
DA:23,0
DA:26,0
DA:36,0
LF:4
LH:0
BRDA:32,0,0,0
BRDA:32,0,1,0
BRF:2
BRH:0
end_of_record
TN:
SF:/home/travis/build/wasdk/WebAssemblyStudio/src/components/editor/Editor.tsx
FN:28,(anonymous_0)
FN:30,(anonymous_1)
FN:39,(anonymous_2)
FN:42,(anonymous_3)
FN:54,(anonymous_4)
FN:60,(anonymous_5)
FN:66,(anonymous_6)
FN:75,(anonymous_7)
FN:80,(anonymous_8)
FN:90,(anonymous_9)
FN:98,(anonymous_10)
FN:101,(anonymous_11)
FN:104,(anonymous_12)
FN:108,(anonymous_13)
FN:125,(anonymous_14)
FN:126,(anonymous_15)
FN:130,(anonymous_16)
FN:146,(anonymous_17)
FN:154,(anonymous_18)
FN:160,(anonymous_19)
FN:161,(anonymous_20)
FN:166,(anonymous_21)
FN:169,(anonymous_22)
FN:172,(anonymous_23)
FN:179,(anonymous_24)
FN:184,(anonymous_25)
FNF:26
FNH:26
FNDA:35,(anonymous_0)
FNDA:1,(anonymous_1)
FNDA:1,(anonymous_2)
FNDA:35,(anonymous_3)
FNDA:3,(anonymous_4)
FNDA:3,(anonymous_5)
FNDA:2,(anonymous_6)
FNDA:35,(anonymous_7)
FNDA:35,(anonymous_8)
FNDA:2,(anonymous_9)
FNDA:1,(anonymous_10)
FNDA:1,(anonymous_11)
FNDA:1,(anonymous_12)
FNDA:37,(anonymous_13)
FNDA:1,(anonymous_14)
FNDA:1,(anonymous_15)
FNDA:1,(anonymous_16)
FNDA:1,(anonymous_17)
FNDA:74,(anonymous_18)
FNDA:37,(anonymous_19)
FNDA:74,(anonymous_20)
FNDA:38,(anonymous_21)
FNDA:1,(anonymous_22)
FNDA:19,(anonymous_23)
FNDA:2,(anonymous_24)
FNDA:36,(anonymous_25)
DA:22,4
DA:23,4
DA:24,4
DA:25,4
DA:26,4
DA:29,35
DA:30,35
DA:31,1
DA:33,35
DA:40,1
DA:43,35
DA:44,35
DA:45,35
DA:46,35
DA:48,35
DA:49,35
DA:50,35
DA:52,35
DA:55,3
DA:57,2
DA:61,3
DA:62,1
DA:64,2
DA:67,2
DA:68,2
DA:69,2
DA:70,2
DA:71,2
DA:72,2
DA:76,35
DA:78,35
DA:81,35
DA:82,35
DA:91,2
DA:92,2
DA:93,1
DA:95,2
DA:98,35
DA:99,1
DA:101,35
DA:102,1
DA:104,35
DA:105,1
DA:109,37
DA:110,2
DA:112,35
DA:121,35
DA:122,0
DA:124,35
DA:125,35
DA:126,35
DA:127,35
DA:128,35
DA:131,1
DA:132,1
DA:133,1
DA:134,1
DA:135,1
DA:136,1
DA:137,1
DA:138,1
DA:140,1
DA:148,1
DA:155,74
DA:156,37
DA:158,37
DA:161,74
DA:164,4
DA:167,38
DA:170,1
DA:173,19
DA:174,19
DA:175,1
DA:179,2
DA:183,18
DA:184,36
DA:188,4
LF:77
LH:76
BRDA:44,0,0,35
BRDA:44,0,1,0
BRDA:55,1,0,2
BRDA:55,1,1,1
BRDA:61,2,0,1
BRDA:61,2,1,2
BRDA:68,3,0,2
BRDA:68,3,1,0
BRDA:92,4,0,1
BRDA:92,4,1,1
BRDA:92,5,0,2
BRDA:92,5,1,2
BRDA:109,6,0,2
BRDA:109,6,1,35
BRDA:121,7,0,0
BRDA:121,7,1,35
BRDA:155,8,0,37
BRDA:155,8,1,37
BRDA:174,9,0,1
BRDA:174,9,1,18
BRF:20
BRH:17
end_of_record
TN:
SF:/home/travis/build/wasdk/WebAssemblyStudio/src/components/editor/Tabs.tsx
FN:27,(anonymous_0)
FN:32,(anonymous_1)
FN:41,(anonymous_2)
FN:42,(anonymous_3)
FN:44,(anonymous_4)
FN:47,(anonymous_5)
FN:56,(anonymous_6)
FN:60,(anonymous_7)
FN:62,(anonymous_8)
FN:66,(anonymous_9)
FN:69,(anonymous_10)
FN:72,(anonymous_11)
FN:76,(anonymous_12)
FN:96,(anonymous_13)
FN:98,(anonymous_14)
FN:100,(anonymous_15)
FNF:16
FNH:12
FNDA:24,(anonymous_0)
FNDA:1,(anonymous_1)
FNDA:2,(anonymous_2)
FNDA:44,(anonymous_3)
FNDA:1,(anonymous_4)
FNDA:25,(anonymous_5)
FNDA:0,(anonymous_6)
FNDA:50,(anonymous_7)
FNDA:6,(anonymous_8)
FNDA:2,(anonymous_9)
FNDA:2,(anonymous_10)
FNDA:2,(anonymous_11)
FNDA:50,(anonymous_12)
FNDA:0,(anonymous_13)
FNDA:0,(anonymous_14)
FNDA:0,(anonymous_15)
DA:22,6
DA:23,6
DA:24,6
DA:25,6
DA:28,24
DA:29,24
DA:32,24
DA:33,1
DA:34,1
DA:35,1
DA:37,1
DA:38,1
DA:39,1
DA:41,24
DA:42,44
DA:45,1
DA:48,25
DA:49,25
DA:54,6
DA:58,6
DA:61,50
DA:62,50
DA:63,6
DA:64,6
DA:66,50
DA:67,2
DA:69,50
DA:70,2
DA:72,50
DA:73,2
DA:77,50
DA:78,50
DA:79,50
DA:80,22
DA:82,50
DA:83,2
DA:85,50
DA:86,2
DA:88,50
DA:94,6
DA:102,6
LF:41
LH:41
BRDA:79,0,0,22
BRDA:79,0,1,28
BRDA:82,1,0,2
BRDA:82,1,1,48
BRDA:85,2,0,2
BRDA:85,2,1,48
BRF:6
BRH:6
end_of_record
TN:
SF:/home/travis/build/wasdk/WebAssemblyStudio/src/components/editor/View.tsx
FN:25,(anonymous_0)
FN:31,defaultViewTypeForFileType
FN:43,(anonymous_2)
FN:47,(anonymous_3)
FNF:4
FNH:4
FNDA:9,(anonymous_0)
FNDA:3,defaultViewTypeForFileType
FNDA:80,(anonymous_2)
FNDA:1,(anonymous_3)
DA:22,9
DA:23,9
DA:25,9
DA:26,9
DA:27,9
DA:28,9
DA:29,9
DA:32,3
DA:34,1
DA:36,1
DA:38,1
DA:41,9
DA:44,80
DA:45,80
DA:48,1
DA:51,9
LF:16
LH:16
BRDA:30,0,0,9
BRDA:30,0,1,9
BRDA:32,1,0,1
BRDA:32,1,1,1
BRDA:32,1,2,1
BRDA:43,2,0,30
BRF:6
BRH:6
end_of_record
TN:
SF:/home/travis/build/wasdk/WebAssemblyStudio/src/components/editor/ViewTabs.tsx
FN:37,(anonymous_0)
FN:39,(anonymous_1)
FN:49,(anonymous_2)
FN:52,(anonymous_3)
FN:55,(anonymous_4)
FN:61,(anonymous_5)
FN:65,(anonymous_6)
FN:69,(anonymous_7)
FN:72,(anonymous_8)
FN:75,(anonymous_9)
FN:102,(anonymous_10)
FN:104,(anonymous_11)
FN:122,(anonymous_12)
FN:124,(anonymous_13)
FN:126,(anonymous_14)
FNF:15
FNH:11
FNDA:23,(anonymous_0)
FNDA:0,(anonymous_1)
FNDA:21,(anonymous_2)
FNDA:1,(anonymous_3)
FNDA:1,(anonymous_4)
FNDA:2,(anonymous_5)
FNDA:2,(anonymous_6)
FNDA:23,(anonymous_7)
FNDA:23,(anonymous_8)
FNDA:23,(anonymous_9)
FNDA:1,(anonymous_10)
FNDA:42,(anonymous_11)
FNDA:0,(anonymous_12)
FNDA:0,(anonymous_13)
FNDA:0,(anonymous_14)
DA:22,4
DA:23,4
DA:24,4
DA:25,4
DA:26,4
DA:27,4
DA:28,4
DA:29,4
DA:30,4
DA:31,4
DA:32,4
DA:33,4
DA:34,4
DA:35,4
DA:38,23
DA:39,23
DA:41,0
DA:43,23
DA:50,21
DA:51,21
DA:53,1
DA:56,1
DA:59,21
DA:60,4
DA:61,4
DA:63,17
DA:64,4
DA:65,4
DA:67,21
DA:70,23
DA:73,23
DA:76,23
DA:77,23
DA:78,1
DA:80,22
DA:82,22
DA:83,2
DA:85,20
DA:86,2
DA:88,18
DA:89,1
DA:91,17
DA:92,16
DA:95,1
DA:97,21
DA:98,21
DA:99,20
DA:101,21
DA:103,1
DA:105,42
DA:106,42
DA:107,42
DA:108,2
DA:110,40
DA:111,8
DA:113,42
DA:118,4
DA:128,4
LF:58
LH:57
BRDA:55,0,0,21
BRDA:55,0,1,21
BRDA:59,1,0,4
BRDA:59,1,1,17
BRDA:61,2,0,2
BRDA:61,2,1,2
BRDA:61,3,0,2
BRDA:61,3,1,2
BRDA:61,4,0,1
BRDA:61,4,1,1
BRDA:63,5,0,4
BRDA:63,5,1,13
BRDA:65,6,0,2
BRDA:65,6,1,2
BRDA:65,7,0,2
BRDA:65,7,1,2
BRDA:65,8,0,1
BRDA:65,8,1,1
BRDA:77,9,0,1
BRDA:77,9,1,22
BRDA:82,10,0,2
BRDA:82,10,1,20
BRDA:82,11,0,22
BRDA:82,11,1,21
BRDA:82,11,2,4
BRDA:85,12,0,2
BRDA:85,12,1,18
BRDA:85,13,0,20
BRDA:85,13,1,19
BRDA:85,13,2,4
BRDA:88,14,0,1
BRDA:88,14,1,17
BRDA:91,15,0,16
BRDA:91,15,1,1
BRDA:98,16,0,20
BRDA:98,16,1,1
BRDA:107,17,0,2
BRDA:107,17,1,40
BRDA:110,18,0,8
BRDA:110,18,1,32
BRDA:110,19,0,40
BRDA:110,19,1,36
BRF:42
BRH:42
end_of_record
TN:
SF:/home/travis/build/wasdk/WebAssemblyStudio/src/components/editor/index.ts
FNF:0
FNH:0
DA:22,3
DA:23,3
DA:24,3
DA:25,3
DA:26,3
DA:27,3
DA:28,3
DA:29,3
DA:30,3
DA:31,3
LF:10
LH:10
BRF:0
BRH:0
end_of_record
TN:
SF:/home/travis/build/wasdk/WebAssemblyStudio/src/components/shared/Button.tsx
FN:25,(anonymous_0)
FN:39,(anonymous_1)
FNF:2
FNH:2
FNDA:53,(anonymous_0)
FNDA:7,(anonymous_1)
DA:22,9
DA:23,9
DA:26,53
DA:27,53
DA:28,1
DA:30,53
DA:31,20
DA:33,53
DA:34,1
DA:39,52
DA:40,7
DA:41,7
DA:49,9
LF:13
LH:13
BRDA:27,0,0,1
BRDA:27,0,1,52
BRDA:30,1,0,20
BRDA:30,1,1,33
BRDA:33,2,0,1
BRDA:33,2,1,52
BRDA:33,3,0,53
BRDA:33,3,1,1
BRDA:34,4,0,1
BRDA:34,4,1,0
BRDA:34,5,0,1
BRDA:34,5,1,0
BRDA:40,6,0,7
BRDA:40,6,1,0
BRDA:40,7,0,7
BRDA:40,7,1,7
BRF:16
BRH:13
end_of_record
TN:
SF:/home/travis/build/wasdk/WebAssemblyStudio/src/components/shared/Icons.tsx
FN:25,(anonymous_0)
FN:34,(anonymous_1)
FN:41,(anonymous_2)
FN:48,(anonymous_3)
FN:55,(anonymous_4)
FN:70,(anonymous_5)
FN:77,(anonymous_6)
FN:84,(anonymous_7)
FN:91,(anonymous_8)
FN:98,(anonymous_9)
FN:105,(anonymous_10)
FN:112,(anonymous_11)
FN:119,(anonymous_12)
FN:126,(anonymous_13)
FN:133,(anonymous_14)
FN:140,(anonymous_15)
FN:147,(anonymous_16)
FN:154,(anonymous_17)
FN:161,(anonymous_18)
FN:168,(anonymous_19)
FN:175,(anonymous_20)
FN:182,(anonymous_21)
FN:189,(anonymous_22)
FN:196,(anonymous_23)
FN:203,(anonymous_24)
FN:210,(anonymous_25)
FN:217,(anonymous_26)
FNF:27
FNH:24
FNDA:1,(anonymous_0)
FNDA:1,(anonymous_1)
FNDA:1,(anonymous_2)
FNDA:1,(anonymous_3)
FNDA:1,(anonymous_4)
FNDA:22,(anonymous_5)
FNDA:1,(anonymous_6)
FNDA:1,(anonymous_7)
FNDA:1,(anonymous_8)
FNDA:1,(anonymous_9)
FNDA:1,(anonymous_10)
FNDA:1,(anonymous_11)
FNDA:1,(anonymous_12)
FNDA:0,(anonymous_13)
FNDA:1,(anonymous_14)
FNDA:1,(anonymous_15)
FNDA:2,(anonymous_16)
FNDA:1,(anonymous_17)
FNDA:1,(anonymous_18)
FNDA:1,(anonymous_19)
FNDA:1,(anonymous_20)
FNDA:1,(anonymous_21)
FNDA:0,(anonymous_22)
FNDA:21,(anonymous_23)
FNDA:4,(anonymous_24)
FNDA:4,(anonymous_25)
FNDA:0,(anonymous_26)
DA:22,8
DA:23,8
DA:26,1
DA:32,8
DA:35,1
DA:39,8
DA:42,1
DA:46,8
DA:49,1
DA:53,8
DA:56,1
DA:68,8
DA:71,22
DA:75,8
DA:78,1
DA:82,8
DA:85,1
DA:89,8
DA:92,1
DA:96,8
DA:99,1
DA:103,8
DA:106,1
DA:110,8
DA:113,1
DA:117,8
DA:120,1
DA:124,8
DA:127,0
DA:131,8
DA:134,1
DA:138,8
DA:141,1
DA:145,8
DA:148,2
DA:152,8
DA:155,1
DA:159,8
DA:162,1
DA:166,8
DA:169,1
DA:173,8
DA:176,1
DA:180,8
DA:183,1
DA:187,8
DA:190,0
DA:194,8
DA:197,21
DA:201,8
DA:204,4
DA:208,8
DA:211,4
DA:215,8
DA:218,0
DA:222,8
LF:56
LH:53
BRF:0
BRH:0
end_of_record
TN:
SF:/home/travis/build/wasdk/WebAssemblyStudio/src/languages/cton.ts
FN:25,getCompletionItems
FN:103,(anonymous_1)
FN:108,(anonymous_2)
FNF:3
FNH:0
FNDA:0,getCompletionItems
FNDA:0,(anonymous_1)
FNDA:0,(anonymous_2)
DA:22,0
DA:23,0
DA:24,0
DA:26,0
DA:27,0
DA:28,0
DA:30,0
DA:32,0
DA:56,0
DA:99,0
DA:104,0
DA:109,0
LF:12
LH:0
BRDA:27,0,0,0
BRDA:27,0,1,0
BRF:2
BRH:0
end_of_record
TN:
SF:/home/travis/build/wasdk/WebAssemblyStudio/src/languages/log.ts
FNF:0
FNH:0
DA:22,0
DA:23,0
DA:24,0
LF:3
LH:0
BRF:0
BRH:0
end_of_record
TN:
SF:/home/travis/build/wasdk/WebAssemblyStudio/src/languages/rust.ts
FN:30,getCompletionItems
FN:210,(anonymous_1)
FN:215,(anonymous_2)
FNF:3
FNH:0
FNDA:0,getCompletionItems
FNDA:0,(anonymous_1)
FNDA:0,(anonymous_2)
DA:25,0
DA:28,0
DA:29,0
DA:31,0
DA:32,0
DA:33,0
DA:35,0
DA:37,0
DA:63,0
DA:206,0
DA:211,0
DA:216,0
LF:12
LH:0
BRDA:32,0,0,0
BRDA:32,0,1,0
BRF:2
BRH:0
end_of_record
TN:
SF:/home/travis/build/wasdk/WebAssemblyStudio/src/languages/wat.ts
FN:25,getWatCompletionItems
FN:414,watWordAt
FN:427,(anonymous_2)
FN:432,(anonymous_3)
FN:438,(anonymous_4)
FNF:5
FNH:2
FNDA:1,getWatCompletionItems
FNDA:163,watWordAt
FNDA:0,(anonymous_2)
FNDA:0,(anonymous_3)
FNDA:0,(anonymous_4)
DA:22,1
DA:23,1
DA:24,1
DA:26,1
DA:27,1
DA:28,0
DA:30,1
DA:181,1
DA:182,1
DA:210,1
DA:415,163
DA:416,163
DA:417,163
DA:418,1
DA:420,162
DA:422,1
DA:423,1
DA:428,0
DA:433,0
DA:434,0
DA:435,0
DA:436,0
DA:438,0
DA:439,0
DA:440,0
DA:442,0
LF:26
LH:16
BRDA:27,0,0,0
BRDA:27,0,1,1
BRDA:417,1,0,1
BRDA:417,1,1,162
BRDA:435,2,0,0
BRDA:435,2,1,0
BRDA:439,3,0,0
BRDA:439,3,1,0
BRF:8
BRH:3
end_of_record
TN:
SF:/home/travis/build/wasdk/WebAssemblyStudio/src/languages/x86.ts
FN:25,getCompletionItems
FN:126,(anonymous_1)
FN:131,(anonymous_2)
FNF:3
FNH:0
FNDA:0,getCompletionItems
FNDA:0,(anonymous_1)
FNDA:0,(anonymous_2)
DA:22,0
DA:23,0
DA:24,0
DA:26,0
DA:27,0
DA:28,0
DA:30,0
DA:32,0
DA:56,0
DA:122,0
DA:127,0
DA:132,0
LF:12
LH:0
BRDA:27,0,0,0
BRDA:27,0,1,0
BRF:2
BRH:0
end_of_record
TN:
SF:/home/travis/build/wasdk/WebAssemblyStudio/src/stores/AppStore.ts
FN:30,(anonymous_0)
FN:48,(anonymous_1)
FN:56,(anonymous_2)
FN:62,(anonymous_3)
FN:63,(anonymous_4)
FN:64,(anonymous_5)
FN:65,(anonymous_6)
FN:66,(anonymous_7)
FN:67,(anonymous_8)
FN:68,(anonymous_9)
FN:72,(anonymous_10)
FN:73,(anonymous_11)
FN:78,(anonymous_12)
FN:85,(anonymous_13)
FN:91,(anonymous_14)
FN:94,(anonymous_15)
FN:97,(anonymous_16)
FN:100,(anonymous_17)
FN:103,(anonymous_18)
FN:106,(anonymous_19)
FN:109,(anonymous_20)
FN:112,(anonymous_21)
FN:116,(anonymous_22)
FN:119,(anonymous_23)
FN:122,(anonymous_24)
FN:126,(anonymous_25)
FN:130,(anonymous_26)
FN:133,(anonymous_27)
FN:136,(anonymous_28)
FN:139,(anonymous_29)
FN:153,(anonymous_30)
FN:158,(anonymous_31)
FN:166,(anonymous_32)
FN:170,(anonymous_33)
FN:174,(anonymous_34)
FN:182,(anonymous_35)
FN:185,(anonymous_36)
FN:186,(anonymous_37)
FN:192,(anonymous_38)
FN:197,(anonymous_39)
FN:210,(anonymous_40)
FN:211,(anonymous_41)
FN:212,(anonymous_42)
FN:223,(anonymous_43)
FN:232,(anonymous_44)
FN:238,(anonymous_45)
FN:332,(anonymous_46)
FNF:47
FNH:12
FNDA:6,(anonymous_0)
FNDA:6,(anonymous_1)
FNDA:0,(anonymous_2)
FNDA:6,(anonymous_3)
FNDA:1,(anonymous_4)
FNDA:0,(anonymous_5)
FNDA:0,(anonymous_6)
FNDA:0,(anonymous_7)
FNDA:0,(anonymous_8)
FNDA:0,(anonymous_9)
FNDA:0,(anonymous_10)
FNDA:0,(anonymous_11)
FNDA:0,(anonymous_12)
FNDA:0,(anonymous_13)
FNDA:0,(anonymous_14)
FNDA:0,(anonymous_15)
FNDA:0,(anonymous_16)
FNDA:0,(anonymous_17)
FNDA:3,(anonymous_18)
FNDA:0,(anonymous_19)
FNDA:4,(anonymous_20)
FNDA:0,(anonymous_21)
FNDA:0,(anonymous_22)
FNDA:0,(anonymous_23)
FNDA:0,(anonymous_24)
FNDA:4,(anonymous_25)
FNDA:0,(anonymous_26)
FNDA:3,(anonymous_27)
FNDA:3,(anonymous_28)
FNDA:2,(anonymous_29)
FNDA:0,(anonymous_30)
FNDA:0,(anonymous_31)
FNDA:0,(anonymous_32)
FNDA:0,(anonymous_33)
FNDA:0,(anonymous_34)
FNDA:0,(anonymous_35)
FNDA:0,(anonymous_36)
FNDA:0,(anonymous_37)
FNDA:0,(anonymous_38)
FNDA:0,(anonymous_39)
FNDA:0,(anonymous_40)
FNDA:0,(anonymous_41)
FNDA:0,(anonymous_42)
FNDA:0,(anonymous_43)
FNDA:0,(anonymous_44)
FNDA:8,(anonymous_45)
FNDA:8,(anonymous_46)
DA:22,6
DA:23,6
DA:24,6
DA:25,6
DA:26,6
DA:27,6
DA:28,6
DA:31,6
DA:32,6
DA:33,6
DA:34,6
DA:35,6
DA:36,6
DA:37,6
DA:38,6
DA:39,6
DA:40,6
DA:41,6
DA:42,6
DA:43,6
DA:44,6
DA:45,6
DA:46,6
DA:49,6
DA:50,6
DA:51,6
DA:52,6
DA:53,6
DA:54,6
DA:57,0
DA:58,0
DA:59,0
DA:60,0
DA:63,6
DA:64,6
DA:65,6
DA:66,6
DA:67,6
DA:68,6
DA:69,0
DA:70,0
DA:72,6
DA:73,6
DA:74,0
DA:75,0
DA:79,0
DA:80,0
DA:82,0
DA:83,0
DA:86,0
DA:87,0
DA:89,0
DA:92,0
DA:95,0
DA:98,0
DA:101,0
DA:104,3
DA:107,0
DA:110,4
DA:113,0
DA:114,0
DA:117,0
DA:120,0
DA:123,0
DA:124,0
DA:127,4
DA:128,4
DA:131,0
DA:134,3
DA:137,3
DA:140,2
DA:141,2
DA:142,2
DA:144,2
DA:145,2
DA:146,2
DA:147,2
DA:148,2
DA:151,2
DA:154,0
DA:155,0
DA:156,0
DA:158,0
DA:160,0
DA:161,0
DA:162,0
DA:163,0
DA:164,0
DA:167,0
DA:168,0
DA:171,0
DA:172,0
DA:175,0
DA:176,0
DA:177,0
DA:178,0
DA:180,0
DA:183,0
DA:184,0
DA:185,0
DA:186,0
DA:187,0
DA:188,0
DA:189,0
DA:192,0
DA:193,0
DA:195,0
DA:198,0
DA:199,0
DA:200,0
DA:201,0
DA:203,0
DA:204,0
DA:205,0
DA:206,0
DA:207,0
DA:211,0
DA:212,0
DA:213,0
DA:214,0
DA:216,0
DA:217,0
DA:219,0
DA:220,0
DA:221,0
DA:229,0
DA:230,0
DA:233,0
DA:239,8
DA:241,0
DA:242,0
DA:243,0
DA:246,0
DA:247,0
DA:248,0
DA:251,0
DA:252,0
DA:253,0
DA:256,0
DA:257,0
DA:258,0
DA:259,0
DA:262,0
DA:263,0
DA:264,0
DA:267,0
DA:268,0
DA:269,0
DA:272,0
DA:273,0
DA:276,0
DA:277,0
DA:278,0
DA:281,0
DA:282,0
DA:283,0
DA:286,0
DA:287,0
DA:288,0
DA:291,0
DA:292,0
DA:293,0
DA:296,0
DA:297,0
DA:300,6
DA:301,6
DA:304,0
DA:305,0
DA:306,0
DA:309,2
DA:310,2
DA:311,2
DA:314,0
DA:315,0
DA:316,0
DA:319,0
DA:320,0
DA:323,0
DA:324,0
DA:325,0
DA:330,6
DA:331,6
DA:332,8
DA:333,6
LF:184
LH:62
BRDA:79,0,0,0
BRDA:79,0,1,0
BRDA:86,1,0,0
BRDA:86,1,1,0
BRDA:114,2,0,0
BRDA:114,2,1,0
BRDA:124,3,0,0
BRDA:124,3,1,0
BRDA:128,4,0,2
BRDA:128,4,1,2
BRDA:139,5,0,0
BRDA:141,6,0,2
BRDA:141,6,1,0
BRDA:155,7,0,0
BRDA:155,7,1,0
BRDA:177,8,0,0
BRDA:177,8,1,0
BRDA:188,9,0,0
BRDA:188,9,1,0
BRDA:200,10,0,0
BRDA:200,10,1,0
BRDA:200,11,0,0
BRDA:200,11,1,0
BRDA:204,12,0,0
BRDA:204,12,1,0
BRDA:206,13,0,0
BRDA:206,13,1,0
BRDA:239,14,0,0
BRDA:239,14,1,0
BRDA:239,14,2,0
BRDA:239,14,3,0
BRDA:239,14,4,0
BRDA:239,14,5,0
BRDA:239,14,6,0
BRDA:239,14,7,0
BRDA:239,14,8,0
BRDA:239,14,9,0
BRDA:239,14,10,0
BRDA:239,14,11,0
BRDA:239,14,12,6
BRDA:239,14,13,0
BRDA:239,14,14,2
BRDA:239,14,15,0
BRDA:239,14,16,0
BRDA:239,14,17,0
BRF:45
BRH:5
end_of_record
TN:
SF:/home/travis/build/wasdk/WebAssemblyStudio/src/utils/download.ts
FN:22,(anonymous_0)
FN:23,(anonymous_1)
FN:24,fulfilled
FN:25,rejected
FN:26,step
FN:26,(anonymous_5)
FN:33,downloadProject
FN:34,(anonymous_7)
FN:41,(anonymous_8)
FN:46,(anonymous_9)
FN:52,(anonymous_10)
FNF:11
FNH:0
FNDA:0,(anonymous_0)
FNDA:0,(anonymous_1)
FNDA:0,fulfilled
FNDA:0,rejected
FNDA:0,step
FNDA:0,(anonymous_5)
FNDA:0,downloadProject
FNDA:0,(anonymous_7)
FNDA:0,(anonymous_8)
FNDA:0,(anonymous_9)
FNDA:0,(anonymous_10)
DA:22,0
DA:23,0
DA:24,0
DA:25,0
DA:26,0
DA:27,0
DA:30,0
DA:31,0
DA:32,0
DA:34,0
DA:35,0
DA:36,0
DA:37,0
DA:38,0
DA:40,0
DA:41,0
DA:42,0
DA:43,0
DA:44,0
DA:45,0
DA:46,0
DA:47,0
DA:48,0
DA:50,0
DA:52,0
DA:54,0
DA:55,0
DA:56,0
DA:59,0
DA:60,0
DA:61,0
DA:65,0
LF:32
LH:0
BRDA:22,0,0,0
BRDA:22,0,1,0
BRDA:22,0,2,0
BRDA:23,1,0,0
BRDA:23,1,1,0
BRDA:26,2,0,0
BRDA:26,2,1,0
BRDA:27,3,0,0
BRDA:27,3,1,0
BRDA:37,4,0,0
BRDA:37,4,1,0
BRDA:45,5,0,0
BRDA:45,5,1,0
BRF:13
BRH:0
end_of_record
TN:
SF:/home/travis/build/wasdk/WebAssemblyStudio/src/utils/fetchTemplates.ts
FN:22,(anonymous_0)
FN:23,(anonymous_1)
FN:24,fulfilled
FN:25,rejected
FN:26,step
FN:26,(anonymous_5)
FN:31,fetchTemplates
FN:32,(anonymous_7)
FNF:8
FNH:0
FNDA:0,(anonymous_0)
FNDA:0,(anonymous_1)
FNDA:0,fulfilled
FNDA:0,rejected
FNDA:0,step
FNDA:0,(anonymous_5)
FNDA:0,fetchTemplates
FNDA:0,(anonymous_7)
DA:22,0
DA:23,0
DA:24,0
DA:25,0
DA:26,0
DA:27,0
DA:30,0
DA:32,0
DA:33,0
DA:34,0
DA:37,0
LF:11
LH:0
BRDA:22,0,0,0
BRDA:22,0,1,0
BRDA:22,0,2,0
BRDA:23,1,0,0
BRDA:23,1,1,0
BRDA:26,2,0,0
BRDA:26,2,1,0
BRDA:27,3,0,0
BRDA:27,3,1,0
BRF:9
BRH:0
end_of_record
TN:
SF:/home/travis/build/wasdk/WebAssemblyStudio/src/utils/ga.ts
FN:23,gaEvent
FNF:1
FNH:0
FNDA:0,gaEvent
DA:22,12
DA:24,0
DA:25,0
DA:27,0
DA:33,12
LF:5
LH:2
BRDA:24,0,0,0
BRDA:24,0,1,0
BRF:2
BRH:0
end_of_record
TN:
SF:/home/travis/build/wasdk/WebAssemblyStudio/src/utils/group.ts
FN:26,(anonymous_0)
FN:30,(anonymous_1)
FN:59,(anonymous_2)
FN:60,(anonymous_3)
FN:64,(anonymous_4)
FNF:5
FNH:5
FNDA:9,(anonymous_0)
FNDA:4,(anonymous_1)
FNDA:3,(anonymous_2)
FNDA:6,(anonymous_3)
FNDA:1,(anonymous_4)
DA:22,7
DA:23,7
DA:24,7
DA:27,9
DA:28,9
DA:31,4
DA:32,4
DA:33,4
DA:35,1
DA:36,1
DA:37,0
DA:39,1
DA:41,3
DA:42,3
DA:44,0
DA:45,0
DA:46,0
DA:49,3
DA:50,3
DA:54,0
DA:55,0
DA:56,0
DA:60,6
DA:61,3
DA:62,3
DA:65,1
DA:66,1
DA:67,0
DA:69,1
DA:73,1
DA:74,1
DA:75,1
DA:76,1
DA:80,7
LF:34
LH:26
BRDA:26,0,0,0
BRDA:30,1,0,1
BRDA:33,2,0,1
BRDA:33,2,1,3
BRDA:36,3,0,0
BRDA:36,3,1,1
BRDA:36,4,0,1
BRDA:36,4,1,0
BRDA:41,5,0,3
BRDA:41,5,1,0
BRDA:42,6,0,0
BRDA:42,6,1,3
BRDA:59,7,0,3
BRDA:59,8,0,3
BRDA:60,9,0,6
BRDA:60,9,1,0
BRDA:61,10,0,0
BRDA:61,10,1,3
BRDA:66,11,0,0
BRDA:66,11,1,1
BRDA:74,12,0,1
BRDA:74,12,1,0
BRDA:75,13,0,1
BRDA:75,13,1,0
BRF:24
BRH:14
end_of_record
TN:
SF:/home/travis/build/wasdk/WebAssemblyStudio/src/utils/registerLanguages.ts
FN:22,(anonymous_0)
FN:23,(anonymous_1)
FN:24,fulfilled
FN:25,rejected
FN:26,step
FN:26,(anonymous_5)
FN:36,registerLanguages
FN:37,(anonymous_7)
FN:48,(anonymous_8)
FN:58,(anonymous_9)
FN:65,(anonymous_10)
FN:72,(anonymous_11)
FN:79,(anonymous_12)
FNF:13
FNH:0
FNDA:0,(anonymous_0)
FNDA:0,(anonymous_1)
FNDA:0,fulfilled
FNDA:0,rejected
FNDA:0,step
FNDA:0,(anonymous_5)
FNDA:0,registerLanguages
FNDA:0,(anonymous_7)
FNDA:0,(anonymous_8)
FNDA:0,(anonymous_9)
FNDA:0,(anonymous_10)
FNDA:0,(anonymous_11)
FNDA:0,(anonymous_12)
DA:22,0
DA:23,0
DA:24,0
DA:25,0
DA:26,0
DA:27,0
DA:30,0
DA:31,0
DA:32,0
DA:33,0
DA:34,0
DA:35,0
DA:37,0
DA:38,0
DA:48,0
DA:49,0
DA:50,0
DA:51,0
DA:52,0
DA:54,0
DA:58,0
DA:59,0
DA:61,0
DA:65,0
DA:66,0
DA:68,0
DA:72,0
DA:73,0
DA:75,0
DA:79,0
DA:80,0
DA:82,0
DA:85,0
DA:86,0
DA:87,0
DA:88,0
DA:89,0
DA:90,0
DA:93,0
LF:39
LH:0
BRDA:22,0,0,0
BRDA:22,0,1,0
BRDA:22,0,2,0
BRDA:23,1,0,0
BRDA:23,1,1,0
BRDA:26,2,0,0
BRDA:26,2,1,0
BRDA:27,3,0,0
BRDA:27,3,1,0
BRF:9
BRH:0
end_of_record
TN:
SF:/home/travis/build/wasdk/WebAssemblyStudio/src/utils/rewriteSources.ts
FN:24,(anonymous_0)
FN:30,expandURL
FN:33,rewriteJS
FN:39,(anonymous_3)
FN:50,processJSFile
FN:60,rewriteHTML
FN:66,(anonymous_6)
FNF:7
FNH:7
FNDA:3,(anonymous_0)
FNDA:3,expandURL
FNDA:3,rewriteJS
FNDA:1,(anonymous_3)
FNDA:3,processJSFile
FNDA:3,rewriteHTML
FNDA:2,(anonymous_6)
DA:22,13
DA:25,3
DA:26,3
DA:29,13
DA:31,3
DA:34,3
DA:35,3
DA:36,0
DA:38,3
DA:39,3
DA:40,1
DA:41,1
DA:42,1
DA:43,0
DA:44,0
DA:46,1
DA:49,13
DA:51,3
DA:52,0
DA:54,3
DA:55,3
DA:56,3
DA:57,3
DA:59,13
DA:61,3
DA:62,3
DA:63,0
DA:65,3
DA:66,3
DA:67,2
DA:68,2
DA:69,2
DA:70,0
DA:71,0
DA:73,2
DA:76,13
LF:36
LH:29
BRDA:35,0,0,0
BRDA:35,0,1,3
BRDA:42,1,0,0
BRDA:42,1,1,1
BRDA:51,2,0,0
BRDA:51,2,1,3
BRDA:62,3,0,0
BRDA:62,3,1,3
BRDA:69,4,0,0
BRDA:69,4,1,2
BRF:10
BRH:5
end_of_record
TN:
SF:/home/travis/build/wasdk/WebAssemblyStudio/src/utils/taskRunner.ts
FN:22,(anonymous_0)
FN:23,(anonymous_1)
FN:24,fulfilled
FN:25,rejected
FN:26,step
FN:26,(anonymous_5)
FN:36,(anonymous_6)
FN:41,unsafeEval
FN:47,contextify
FN:51,require
FN:75,createSandboxIFrame
FN:76,(anonymous_11)
FN:89,(anonymous_12)
FN:95,(anonymous_13)
FN:103,(anonymous_14)
FN:122,clearCurrentRunnerInfoAndIframe
FN:127,getCurrentRunnerInfo
FN:131,runTask
FN:132,(anonymous_18)
FNF:19
FNH:1
FNDA:0,(anonymous_0)
FNDA:0,(anonymous_1)
FNDA:0,fulfilled
FNDA:0,rejected
FNDA:0,step
FNDA:0,(anonymous_5)
FNDA:12,(anonymous_6)
FNDA:0,unsafeEval
FNDA:0,contextify
FNDA:0,require
FNDA:0,createSandboxIFrame
FNDA:0,(anonymous_11)
FNDA:0,(anonymous_12)
FNDA:0,(anonymous_13)
FNDA:0,(anonymous_14)
FNDA:0,clearCurrentRunnerInfoAndIframe
FNDA:0,getCurrentRunnerInfo
FNDA:0,runTask
FNDA:0,(anonymous_18)
DA:22,12
DA:23,0
DA:24,0
DA:25,0
DA:26,0
DA:27,0
DA:30,12
DA:31,12
DA:32,12
DA:33,12
DA:34,12
DA:36,12
DA:37,12
DA:38,12
DA:39,12
DA:42,0
DA:43,0
DA:44,0
DA:45,0
DA:52,0
DA:53,0
DA:54,0
DA:56,0
DA:58,0
DA:60,0
DA:65,0
DA:68,0
DA:70,0
DA:72,0
DA:76,0
DA:77,0
DA:81,0
DA:83,0
DA:84,0
DA:85,0
DA:86,0
DA:87,0
DA:88,0
DA:89,0
DA:90,0
DA:94,12
DA:95,12
DA:96,0
DA:97,0
DA:99,0
DA:100,0
DA:101,0
DA:102,0
DA:103,0
DA:104,0
DA:105,0
DA:106,0
DA:107,0
DA:109,0
DA:110,0
DA:118,0
DA:121,12
DA:123,0
DA:124,0
DA:125,0
DA:128,0
DA:130,12
DA:132,0
DA:133,0
DA:134,0
DA:139,0
DA:140,0
DA:162,0
DA:163,0
DA:164,0
DA:167,0
DA:170,0
DA:171,0
DA:173,0
DA:176,12
LF:75
LH:15
BRDA:22,0,0,12
BRDA:22,0,1,12
BRDA:22,0,2,12
BRDA:23,1,0,0
BRDA:23,1,1,0
BRDA:26,2,0,0
BRDA:26,2,1,0
BRDA:27,3,0,0
BRDA:27,3,1,0
BRDA:40,4,0,12
BRDA:40,4,1,12
BRDA:47,5,0,0
BRDA:47,6,0,0
BRDA:47,7,0,0
BRDA:47,8,0,0
BRDA:52,9,0,0
BRDA:52,9,1,0
BRDA:53,10,0,0
BRDA:53,10,1,0
BRDA:70,11,0,0
BRDA:70,11,1,0
BRDA:96,12,0,0
BRDA:96,12,1,0
BRDA:96,13,0,0
BRDA:96,13,1,0
BRDA:96,13,2,0
BRDA:105,14,0,0
BRDA:105,14,1,0
BRDA:105,15,0,0
BRDA:105,15,1,0
BRDA:109,16,0,0
BRDA:109,16,1,0
BRDA:149,17,0,0
BRDA:149,17,1,0
BRDA:158,18,0,0
BRDA:158,18,1,0
BRDA:159,19,0,0
BRDA:159,19,1,0
BRDA:162,20,0,0
BRDA:162,20,1,0
BRDA:170,21,0,0
BRDA:170,21,1,0
BRF:42
BRH:5
end_of_record
TN:
SF:/home/travis/build/wasdk/WebAssemblyStudio/src/utils/zlib.ts
FN:22,(anonymous_0)
FN:23,(anonymous_1)
FN:24,fulfilled
FN:25,rejected
FN:26,step
FN:26,(anonymous_5)
FN:31,isZlibData
FN:36,decompressZlib
FN:37,(anonymous_8)
FN:38,(anonymous_9)
FNF:10
FNH:0
FNDA:0,(anonymous_0)
FNDA:0,(anonymous_1)
FNDA:0,fulfilled
FNDA:0,rejected
FNDA:0,step
FNDA:0,(anonymous_5)
FNDA:0,isZlibData
FNDA:0,decompressZlib
FNDA:0,(anonymous_8)
FNDA:0,(anonymous_9)
DA:22,12
DA:23,0
DA:24,0
DA:25,0
DA:26,0
DA:27,0
DA:30,12
DA:32,0
DA:33,0
DA:35,12
DA:37,0
DA:38,0
DA:39,0
DA:42,12
LF:14
LH:4
BRDA:22,0,0,12
BRDA:22,0,1,12
BRDA:22,0,2,12
BRDA:23,1,0,0
BRDA:23,1,1,0
BRDA:26,2,0,0
BRDA:26,2,1,0
BRDA:27,3,0,0
BRDA:27,3,1,0
BRDA:33,4,0,0
BRDA:33,4,1,0
BRDA:33,4,2,0
BRDA:33,4,3,0
BRF:13
BRH:3
end_of_record
